CRITICAL - 2023-11-23 05:31:33 --> Cannot call constructor
in APPPATH/Controllers/User.php on line 10.
 1 SYSTEMPATH/CodeIgniter.php(914): App\Controllers\User->__construct()
 2 SYSTEMPATH/CodeIgniter.php(493): CodeIgniter\CodeIgniter->createController()
 3 SYSTEMPATH/CodeIgniter.php(361): CodeIgniter\CodeIgniter->handleRequest(null, Object(Config\Cache), false)
 4 FCPATH/index.php(80): CodeIgniter\CodeIgniter->run()
CRITICAL - 2023-11-23 05:40:55 --> Cannot call constructor
in APPPATH/Controllers/User.php on line 10.
 1 SYSTEMPATH/CodeIgniter.php(914): App\Controllers\User->__construct()
 2 SYSTEMPATH/CodeIgniter.php(493): CodeIgniter\CodeIgniter->createController()
 3 SYSTEMPATH/CodeIgniter.php(361): CodeIgniter\CodeIgniter->handleRequest(null, Object(Config\Cache), false)
 4 FCPATH/index.php(80): CodeIgniter\CodeIgniter->run()
CRITICAL - 2023-11-23 05:41:13 --> Call to a member function model() on null
in APPPATH/Controllers/User.php on line 11.
 1 SYSTEMPATH/CodeIgniter.php(914): App\Controllers\User->__construct()
 2 SYSTEMPATH/CodeIgniter.php(493): CodeIgniter\CodeIgniter->createController()
 3 SYSTEMPATH/CodeIgniter.php(361): CodeIgniter\CodeIgniter->handleRequest(null, Object(Config\Cache), false)
 4 FCPATH/index.php(80): CodeIgniter\CodeIgniter->run()
CRITICAL - 2023-11-23 05:41:28 --> Cannot call constructor
in APPPATH/Controllers/User.php on line 10.
 1 SYSTEMPATH/CodeIgniter.php(914): App\Controllers\User->__construct()
 2 SYSTEMPATH/CodeIgniter.php(493): CodeIgniter\CodeIgniter->createController()
 3 SYSTEMPATH/CodeIgniter.php(361): CodeIgniter\CodeIgniter->handleRequest(null, Object(Config\Cache), false)
 4 FCPATH/index.php(80): CodeIgniter\CodeIgniter->run()
CRITICAL - 2023-11-23 05:44:03 --> Class 'App\Controllers\CI_Controller' not found
in APPPATH/Controllers/User.php on line 6.
 1 SYSTEMPATH/Autoloader/Autoloader.php(312): include_once()
 2 SYSTEMPATH/Autoloader/Autoloader.php(291): CodeIgniter\Autoloader\Autoloader->includeFile('/opt/lampp/htdocs/flynx_loans/app/Controllers/User.php')
 3 SYSTEMPATH/Autoloader/Autoloader.php(269): CodeIgniter\Autoloader\Autoloader->loadInNamespace('App\\Controllers\\User')
 4 [internal function]: CodeIgniter\Autoloader\Autoloader->loadClass('App\\Controllers\\User')
 5 [internal function]: spl_autoload_call('App\\Controllers\\User')
 6 SYSTEMPATH/CodeIgniter.php(900): class_exists('\\App\\Controllers\\User', true)
 7 SYSTEMPATH/CodeIgniter.php(489): CodeIgniter\CodeIgniter->startController()
 8 SYSTEMPATH/CodeIgniter.php(361): CodeIgniter\CodeIgniter->handleRequest(null, Object(Config\Cache), false)
 9 FCPATH/index.php(80): CodeIgniter\CodeIgniter->run()
CRITICAL - 2023-11-23 05:44:23 --> Class 'App\Controllers\Controller' not found
in APPPATH/Controllers/User.php on line 6.
 1 SYSTEMPATH/Autoloader/Autoloader.php(312): include_once()
 2 SYSTEMPATH/Autoloader/Autoloader.php(291): CodeIgniter\Autoloader\Autoloader->includeFile('/opt/lampp/htdocs/flynx_loans/app/Controllers/User.php')
 3 SYSTEMPATH/Autoloader/Autoloader.php(269): CodeIgniter\Autoloader\Autoloader->loadInNamespace('App\\Controllers\\User')
 4 [internal function]: CodeIgniter\Autoloader\Autoloader->loadClass('App\\Controllers\\User')
 5 [internal function]: spl_autoload_call('App\\Controllers\\User')
 6 SYSTEMPATH/CodeIgniter.php(900): class_exists('\\App\\Controllers\\User', true)
 7 SYSTEMPATH/CodeIgniter.php(489): CodeIgniter\CodeIgniter->startController()
 8 SYSTEMPATH/CodeIgniter.php(361): CodeIgniter\CodeIgniter->handleRequest(null, Object(Config\Cache), false)
 9 FCPATH/index.php(80): CodeIgniter\CodeIgniter->run()
CRITICAL - 2023-11-23 05:47:01 --> syntax error, unexpected 'class' (T_CLASS), expecting ';' or ','
in APPPATH/Controllers/User.php on line 6.
 1 SYSTEMPATH/Autoloader/Autoloader.php(291): CodeIgniter\Autoloader\Autoloader->includeFile('/opt/lampp/htdocs/flynx_loans/app/Controllers/User.php')
 2 SYSTEMPATH/Autoloader/Autoloader.php(269): CodeIgniter\Autoloader\Autoloader->loadInNamespace('App\\Controllers\\User')
 3 [internal function]: CodeIgniter\Autoloader\Autoloader->loadClass('App\\Controllers\\User')
 4 [internal function]: spl_autoload_call('App\\Controllers\\User')
 5 SYSTEMPATH/CodeIgniter.php(900): class_exists('\\App\\Controllers\\User', true)
 6 SYSTEMPATH/CodeIgniter.php(489): CodeIgniter\CodeIgniter->startController()
 7 SYSTEMPATH/CodeIgniter.php(361): CodeIgniter\CodeIgniter->handleRequest(null, Object(Config\Cache), false)
 8 FCPATH/index.php(80): CodeIgniter\CodeIgniter->run()
CRITICAL - 2023-11-23 05:47:07 --> Cannot call constructor
in APPPATH/Controllers/User.php on line 10.
 1 SYSTEMPATH/CodeIgniter.php(914): App\Controllers\User->__construct()
 2 SYSTEMPATH/CodeIgniter.php(493): CodeIgniter\CodeIgniter->createController()
 3 SYSTEMPATH/CodeIgniter.php(361): CodeIgniter\CodeIgniter->handleRequest(null, Object(Config\Cache), false)
 4 FCPATH/index.php(80): CodeIgniter\CodeIgniter->run()
CRITICAL - 2023-11-23 05:47:14 --> Call to a member function model() on null
in APPPATH/Controllers/User.php on line 11.
 1 SYSTEMPATH/CodeIgniter.php(914): App\Controllers\User->__construct()
 2 SYSTEMPATH/CodeIgniter.php(493): CodeIgniter\CodeIgniter->createController()
 3 SYSTEMPATH/CodeIgniter.php(361): CodeIgniter\CodeIgniter->handleRequest(null, Object(Config\Cache), false)
 4 FCPATH/index.php(80): CodeIgniter\CodeIgniter->run()
CRITICAL - 2023-11-23 05:48:14 --> Call to a member function model() on null
in APPPATH/Controllers/User.php on line 11.
 1 SYSTEMPATH/CodeIgniter.php(914): App\Controllers\User->__construct()
 2 SYSTEMPATH/CodeIgniter.php(493): CodeIgniter\CodeIgniter->createController()
 3 SYSTEMPATH/CodeIgniter.php(361): CodeIgniter\CodeIgniter->handleRequest(null, Object(Config\Cache), false)
 4 FCPATH/index.php(80): CodeIgniter\CodeIgniter->run()
CRITICAL - 2023-11-23 05:48:35 --> Call to a member function model() on null
in APPPATH/Controllers/User.php on line 11.
 1 SYSTEMPATH/CodeIgniter.php(914): App\Controllers\User->__construct()
 2 SYSTEMPATH/CodeIgniter.php(493): CodeIgniter\CodeIgniter->createController()
 3 SYSTEMPATH/CodeIgniter.php(361): CodeIgniter\CodeIgniter->handleRequest(null, Object(Config\Cache), false)
 4 FCPATH/index.php(80): CodeIgniter\CodeIgniter->run()
CRITICAL - 2023-11-23 05:52:40 --> Class 'APP\Models\Auth_model' not found
in APPPATH/Controllers/User.php on line 11.
 1 SYSTEMPATH/CodeIgniter.php(914): App\Controllers\User->__construct()
 2 SYSTEMPATH/CodeIgniter.php(493): CodeIgniter\CodeIgniter->createController()
 3 SYSTEMPATH/CodeIgniter.php(361): CodeIgniter\CodeIgniter->handleRequest(null, Object(Config\Cache), false)
 4 FCPATH/index.php(80): CodeIgniter\CodeIgniter->run()
CRITICAL - 2023-11-23 05:53:53 --> Class 'APP\Models\Auth_model' not found
in APPPATH/Controllers/User.php on line 11.
 1 SYSTEMPATH/CodeIgniter.php(914): App\Controllers\User->__construct()
 2 SYSTEMPATH/CodeIgniter.php(493): CodeIgniter\CodeIgniter->createController()
 3 SYSTEMPATH/CodeIgniter.php(361): CodeIgniter\CodeIgniter->handleRequest(null, Object(Config\Cache), false)
 4 FCPATH/index.php(80): CodeIgniter\CodeIgniter->run()
CRITICAL - 2023-11-23 05:53:55 --> Class 'APP\Models\Auth_model' not found
in APPPATH/Controllers/User.php on line 11.
 1 SYSTEMPATH/CodeIgniter.php(914): App\Controllers\User->__construct()
 2 SYSTEMPATH/CodeIgniter.php(493): CodeIgniter\CodeIgniter->createController()
 3 SYSTEMPATH/CodeIgniter.php(361): CodeIgniter\CodeIgniter->handleRequest(null, Object(Config\Cache), false)
 4 FCPATH/index.php(80): CodeIgniter\CodeIgniter->run()
CRITICAL - 2023-11-23 05:54:07 --> Class 'APP\Models\Auth_model' not found
in APPPATH/Controllers/User.php on line 11.
 1 SYSTEMPATH/CodeIgniter.php(914): App\Controllers\User->__construct()
 2 SYSTEMPATH/CodeIgniter.php(493): CodeIgniter\CodeIgniter->createController()
 3 SYSTEMPATH/CodeIgniter.php(361): CodeIgniter\CodeIgniter->handleRequest(null, Object(Config\Cache), false)
 4 FCPATH/index.php(80): CodeIgniter\CodeIgniter->run()
CRITICAL - 2023-11-23 05:54:07 --> Class 'APP\Models\Auth_model' not found
in APPPATH/Controllers/User.php on line 11.
 1 SYSTEMPATH/CodeIgniter.php(914): App\Controllers\User->__construct()
 2 SYSTEMPATH/CodeIgniter.php(493): CodeIgniter\CodeIgniter->createController()
 3 SYSTEMPATH/CodeIgniter.php(361): CodeIgniter\CodeIgniter->handleRequest(null, Object(Config\Cache), false)
 4 FCPATH/index.php(80): CodeIgniter\CodeIgniter->run()
CRITICAL - 2023-11-23 05:54:07 --> Class 'APP\Models\Auth_model' not found
in APPPATH/Controllers/User.php on line 11.
 1 SYSTEMPATH/CodeIgniter.php(914): App\Controllers\User->__construct()
 2 SYSTEMPATH/CodeIgniter.php(493): CodeIgniter\CodeIgniter->createController()
 3 SYSTEMPATH/CodeIgniter.php(361): CodeIgniter\CodeIgniter->handleRequest(null, Object(Config\Cache), false)
 4 FCPATH/index.php(80): CodeIgniter\CodeIgniter->run()
CRITICAL - 2023-11-23 05:54:08 --> Class 'APP\Models\Auth_model' not found
in APPPATH/Controllers/User.php on line 11.
 1 SYSTEMPATH/CodeIgniter.php(914): App\Controllers\User->__construct()
 2 SYSTEMPATH/CodeIgniter.php(493): CodeIgniter\CodeIgniter->createController()
 3 SYSTEMPATH/CodeIgniter.php(361): CodeIgniter\CodeIgniter->handleRequest(null, Object(Config\Cache), false)
 4 FCPATH/index.php(80): CodeIgniter\CodeIgniter->run()
CRITICAL - 2023-11-23 05:56:32 --> Class 'APP\Models\Auth_model' not found
in APPPATH/Controllers/User.php on line 11.
 1 SYSTEMPATH/CodeIgniter.php(914): App\Controllers\User->__construct()
 2 SYSTEMPATH/CodeIgniter.php(493): CodeIgniter\CodeIgniter->createController()
 3 SYSTEMPATH/CodeIgniter.php(361): CodeIgniter\CodeIgniter->handleRequest(null, Object(Config\Cache), false)
 4 FCPATH/index.php(80): CodeIgniter\CodeIgniter->run()
CRITICAL - 2023-11-23 05:57:32 --> Class 'APP\Models\Auth_model' not found
in APPPATH/Controllers/User.php on line 11.
 1 SYSTEMPATH/CodeIgniter.php(914): App\Controllers\User->__construct()
 2 SYSTEMPATH/CodeIgniter.php(493): CodeIgniter\CodeIgniter->createController()
 3 SYSTEMPATH/CodeIgniter.php(361): CodeIgniter\CodeIgniter->handleRequest(null, Object(Config\Cache), false)
 4 FCPATH/index.php(80): CodeIgniter\CodeIgniter->run()
CRITICAL - 2023-11-23 05:57:33 --> Class 'APP\Models\Auth_model' not found
in APPPATH/Controllers/User.php on line 11.
 1 SYSTEMPATH/CodeIgniter.php(914): App\Controllers\User->__construct()
 2 SYSTEMPATH/CodeIgniter.php(493): CodeIgniter\CodeIgniter->createController()
 3 SYSTEMPATH/CodeIgniter.php(361): CodeIgniter\CodeIgniter->handleRequest(null, Object(Config\Cache), false)
 4 FCPATH/index.php(80): CodeIgniter\CodeIgniter->run()
CRITICAL - 2023-11-23 05:57:33 --> Class 'APP\Models\Auth_model' not found
in APPPATH/Controllers/User.php on line 11.
 1 SYSTEMPATH/CodeIgniter.php(914): App\Controllers\User->__construct()
 2 SYSTEMPATH/CodeIgniter.php(493): CodeIgniter\CodeIgniter->createController()
 3 SYSTEMPATH/CodeIgniter.php(361): CodeIgniter\CodeIgniter->handleRequest(null, Object(Config\Cache), false)
 4 FCPATH/index.php(80): CodeIgniter\CodeIgniter->run()
CRITICAL - 2023-11-23 05:57:33 --> Class 'APP\Models\Auth_model' not found
in APPPATH/Controllers/User.php on line 11.
 1 SYSTEMPATH/CodeIgniter.php(914): App\Controllers\User->__construct()
 2 SYSTEMPATH/CodeIgniter.php(493): CodeIgniter\CodeIgniter->createController()
 3 SYSTEMPATH/CodeIgniter.php(361): CodeIgniter\CodeIgniter->handleRequest(null, Object(Config\Cache), false)
 4 FCPATH/index.php(80): CodeIgniter\CodeIgniter->run()
CRITICAL - 2023-11-23 05:57:34 --> Class 'APP\Models\Auth_model' not found
in APPPATH/Controllers/User.php on line 11.
 1 SYSTEMPATH/CodeIgniter.php(914): App\Controllers\User->__construct()
 2 SYSTEMPATH/CodeIgniter.php(493): CodeIgniter\CodeIgniter->createController()
 3 SYSTEMPATH/CodeIgniter.php(361): CodeIgniter\CodeIgniter->handleRequest(null, Object(Config\Cache), false)
 4 FCPATH/index.php(80): CodeIgniter\CodeIgniter->run()
CRITICAL - 2023-11-23 05:57:56 --> syntax error, unexpected '*', expecting identifier (T_STRING) or '{'
in APPPATH/Controllers/User.php on line 4.
 1 SYSTEMPATH/Autoloader/Autoloader.php(291): CodeIgniter\Autoloader\Autoloader->includeFile('/opt/lampp/htdocs/flynx_loans/app/Controllers/User.php')
 2 SYSTEMPATH/Autoloader/Autoloader.php(269): CodeIgniter\Autoloader\Autoloader->loadInNamespace('App\\Controllers\\User')
 3 [internal function]: CodeIgniter\Autoloader\Autoloader->loadClass('App\\Controllers\\User')
 4 [internal function]: spl_autoload_call('App\\Controllers\\User')
 5 SYSTEMPATH/CodeIgniter.php(900): class_exists('\\App\\Controllers\\User', true)
 6 SYSTEMPATH/CodeIgniter.php(489): CodeIgniter\CodeIgniter->startController()
 7 SYSTEMPATH/CodeIgniter.php(361): CodeIgniter\CodeIgniter->handleRequest(null, Object(Config\Cache), false)
 8 FCPATH/index.php(80): CodeIgniter\CodeIgniter->run()
CRITICAL - 2023-11-23 05:59:30 --> Namespace declaration statement has to be the very first statement or after any declare call in the script
in APPPATH/Models/Authmodel.php on line 6.
 1 [internal function]: CodeIgniter\Debug\Exceptions->shutdownHandler()
CRITICAL - 2023-11-23 06:23:30 --> Call to a member function set_error_delimiters() on null
in APPPATH/Controllers/User.php on line 14.
 1 SYSTEMPATH/CodeIgniter.php(914): App\Controllers\User->__construct()
 2 SYSTEMPATH/CodeIgniter.php(493): CodeIgniter\CodeIgniter->createController()
 3 SYSTEMPATH/CodeIgniter.php(361): CodeIgniter\CodeIgniter->handleRequest(null, Object(Config\Cache), false)
 4 FCPATH/index.php(80): CodeIgniter\CodeIgniter->run()
CRITICAL - 2023-11-23 06:24:02 --> You must set the database table to be used with your query.
in SYSTEMPATH/Database/BaseConnection.php on line 884.
 1 SYSTEMPATH/Model.php(635): CodeIgniter\Database\BaseConnection->table(null)
 2 SYSTEMPATH/Model.php(838): CodeIgniter\Model->builder()
 3 APPPATH/Models/Auth_model.php(56): CodeIgniter\Model->__get('user')
 4 APPPATH/Controllers/User.php(21): App\Models\Auth_model->login(null, null, null)
 5 SYSTEMPATH/CodeIgniter.php(942): App\Controllers\User->login()
 6 SYSTEMPATH/CodeIgniter.php(502): CodeIgniter\CodeIgniter->runController(Object(App\Controllers\User))
 7 SYSTEMPATH/CodeIgniter.php(361): CodeIgniter\CodeIgniter->handleRequest(null, Object(Config\Cache), false)
 8 FCPATH/index.php(80): CodeIgniter\CodeIgniter->run()
CRITICAL - 2023-11-23 06:27:41 --> You must set the database table to be used with your query.
in SYSTEMPATH/Database/BaseConnection.php on line 884.
 1 SYSTEMPATH/Model.php(635): CodeIgniter\Database\BaseConnection->table(null)
 2 SYSTEMPATH/Model.php(838): CodeIgniter\Model->builder()
 3 APPPATH/Models/Auth_model.php(17): CodeIgniter\Model->__get('config')
 4 APPPATH/Controllers/User.php(11): App\Models\Auth_model->__construct()
 5 SYSTEMPATH/CodeIgniter.php(914): App\Controllers\User->__construct()
 6 SYSTEMPATH/CodeIgniter.php(493): CodeIgniter\CodeIgniter->createController()
 7 SYSTEMPATH/CodeIgniter.php(361): CodeIgniter\CodeIgniter->handleRequest(null, Object(Config\Cache), false)
 8 FCPATH/index.php(80): CodeIgniter\CodeIgniter->run()
CRITICAL - 2023-11-23 06:28:34 --> You must set the database table to be used with your query.
in SYSTEMPATH/Database/BaseConnection.php on line 884.
 1 SYSTEMPATH/Model.php(635): CodeIgniter\Database\BaseConnection->table(null)
 2 SYSTEMPATH/Model.php(838): CodeIgniter\Model->builder()
 3 APPPATH/Models/Auth_model.php(56): CodeIgniter\Model->__get('user')
 4 APPPATH/Controllers/User.php(21): App\Models\Auth_model->login(null, null, null)
 5 SYSTEMPATH/CodeIgniter.php(942): App\Controllers\User->login()
 6 SYSTEMPATH/CodeIgniter.php(502): CodeIgniter\CodeIgniter->runController(Object(App\Controllers\User))
 7 SYSTEMPATH/CodeIgniter.php(361): CodeIgniter\CodeIgniter->handleRequest(null, Object(Config\Cache), false)
 8 FCPATH/index.php(80): CodeIgniter\CodeIgniter->run()
CRITICAL - 2023-11-23 06:28:37 --> You must set the database table to be used with your query.
in SYSTEMPATH/Database/BaseConnection.php on line 884.
 1 SYSTEMPATH/Model.php(635): CodeIgniter\Database\BaseConnection->table(null)
 2 SYSTEMPATH/Model.php(838): CodeIgniter\Model->builder()
 3 APPPATH/Models/Auth_model.php(56): CodeIgniter\Model->__get('user')
 4 APPPATH/Controllers/User.php(21): App\Models\Auth_model->login(null, null, null)
 5 SYSTEMPATH/CodeIgniter.php(942): App\Controllers\User->login()
 6 SYSTEMPATH/CodeIgniter.php(502): CodeIgniter\CodeIgniter->runController(Object(App\Controllers\User))
 7 SYSTEMPATH/CodeIgniter.php(361): CodeIgniter\CodeIgniter->handleRequest(null, Object(Config\Cache), false)
 8 FCPATH/index.php(80): CodeIgniter\CodeIgniter->run()
CRITICAL - 2023-11-23 06:29:51 --> You must set the database table to be used with your query.
in SYSTEMPATH/Database/BaseConnection.php on line 884.
 1 SYSTEMPATH/Model.php(635): CodeIgniter\Database\BaseConnection->table(null)
 2 SYSTEMPATH/Model.php(838): CodeIgniter\Model->builder()
 3 APPPATH/Models/Auth_model.php(18): CodeIgniter\Model->__get('config')
 4 APPPATH/Controllers/User.php(11): App\Models\Auth_model->__construct()
 5 SYSTEMPATH/CodeIgniter.php(914): App\Controllers\User->__construct()
 6 SYSTEMPATH/CodeIgniter.php(493): CodeIgniter\CodeIgniter->createController()
 7 SYSTEMPATH/CodeIgniter.php(361): CodeIgniter\CodeIgniter->handleRequest(null, Object(Config\Cache), false)
 8 FCPATH/index.php(80): CodeIgniter\CodeIgniter->run()
CRITICAL - 2023-11-23 06:29:58 --> You must set the database table to be used with your query.
in SYSTEMPATH/Database/BaseConnection.php on line 884.
 1 SYSTEMPATH/Model.php(635): CodeIgniter\Database\BaseConnection->table(null)
 2 SYSTEMPATH/Model.php(838): CodeIgniter\Model->builder()
 3 APPPATH/Models/Auth_model.php(56): CodeIgniter\Model->__get('user')
 4 APPPATH/Controllers/User.php(21): App\Models\Auth_model->login(null, null, null)
 5 SYSTEMPATH/CodeIgniter.php(942): App\Controllers\User->login()
 6 SYSTEMPATH/CodeIgniter.php(502): CodeIgniter\CodeIgniter->runController(Object(App\Controllers\User))
 7 SYSTEMPATH/CodeIgniter.php(361): CodeIgniter\CodeIgniter->handleRequest(null, Object(Config\Cache), false)
 8 FCPATH/index.php(80): CodeIgniter\CodeIgniter->run()
CRITICAL - 2023-11-23 06:29:58 --> You must set the database table to be used with your query.
in SYSTEMPATH/Database/BaseConnection.php on line 884.
 1 SYSTEMPATH/Model.php(635): CodeIgniter\Database\BaseConnection->table(null)
 2 SYSTEMPATH/Model.php(838): CodeIgniter\Model->builder()
 3 APPPATH/Models/Auth_model.php(56): CodeIgniter\Model->__get('user')
 4 APPPATH/Controllers/User.php(21): App\Models\Auth_model->login(null, null, null)
 5 SYSTEMPATH/CodeIgniter.php(942): App\Controllers\User->login()
 6 SYSTEMPATH/CodeIgniter.php(502): CodeIgniter\CodeIgniter->runController(Object(App\Controllers\User))
 7 SYSTEMPATH/CodeIgniter.php(361): CodeIgniter\CodeIgniter->handleRequest(null, Object(Config\Cache), false)
 8 FCPATH/index.php(80): CodeIgniter\CodeIgniter->run()
CRITICAL - 2023-11-23 06:30:23 --> Call to a member function get_encrypted_user_detail() on null
in APPPATH/Models/Auth_model.php on line 56.
 1 APPPATH/Controllers/User.php(21): App\Models\Auth_model->login(null, null, null)
 2 SYSTEMPATH/CodeIgniter.php(942): App\Controllers\User->login()
 3 SYSTEMPATH/CodeIgniter.php(502): CodeIgniter\CodeIgniter->runController(Object(App\Controllers\User))
 4 SYSTEMPATH/CodeIgniter.php(361): CodeIgniter\CodeIgniter->handleRequest(null, Object(Config\Cache), false)
 5 FCPATH/index.php(80): CodeIgniter\CodeIgniter->run()
CRITICAL - 2023-11-23 06:31:29 --> Call to a member function model() on null
in APPPATH/Models/Auth_model.php on line 18.
 1 APPPATH/Controllers/User.php(11): App\Models\Auth_model->__construct()
 2 SYSTEMPATH/CodeIgniter.php(914): App\Controllers\User->__construct()
 3 SYSTEMPATH/CodeIgniter.php(493): CodeIgniter\CodeIgniter->createController()
 4 SYSTEMPATH/CodeIgniter.php(361): CodeIgniter\CodeIgniter->handleRequest(null, Object(Config\Cache), false)
 5 FCPATH/index.php(80): CodeIgniter\CodeIgniter->run()
CRITICAL - 2023-11-23 06:32:18 --> syntax error, unexpected '$this' (T_VARIABLE)
in APPPATH/Models/Auth_model.php on line 18.
 1 SYSTEMPATH/Autoloader/Autoloader.php(291): CodeIgniter\Autoloader\Autoloader->includeFile('/opt/lampp/htdocs/flynx_loans/app/Models/Auth_model.php')
 2 SYSTEMPATH/Autoloader/Autoloader.php(269): CodeIgniter\Autoloader\Autoloader->loadInNamespace('App\\Models\\Auth_model')
 3 [internal function]: CodeIgniter\Autoloader\Autoloader->loadClass('App\\Models\\Auth_model')
 4 APPPATH/Controllers/User.php(11): spl_autoload_call('App\\Models\\Auth_model')
 5 SYSTEMPATH/CodeIgniter.php(914): App\Controllers\User->__construct()
 6 SYSTEMPATH/CodeIgniter.php(493): CodeIgniter\CodeIgniter->createController()
 7 SYSTEMPATH/CodeIgniter.php(361): CodeIgniter\CodeIgniter->handleRequest(null, Object(Config\Cache), false)
 8 FCPATH/index.php(80): CodeIgniter\CodeIgniter->run()
CRITICAL - 2023-11-23 06:32:30 --> Namespace declaration statement has to be the very first statement or after any declare call in the script
in APPPATH/Models/User_model.php on line 5.
 1 [internal function]: CodeIgniter\Debug\Exceptions->shutdownHandler()
CRITICAL - 2023-11-23 06:33:12 --> Class 'App\Models\CI_Model' not found
in APPPATH/Models/User_model.php on line 7.
 1 SYSTEMPATH/Autoloader/Autoloader.php(312): include_once()
 2 SYSTEMPATH/Autoloader/Autoloader.php(291): CodeIgniter\Autoloader\Autoloader->includeFile('/opt/lampp/htdocs/flynx_loans/app/Models/User_model.php')
 3 SYSTEMPATH/Autoloader/Autoloader.php(269): CodeIgniter\Autoloader\Autoloader->loadInNamespace('App\\Models\\User_model')
 4 [internal function]: CodeIgniter\Autoloader\Autoloader->loadClass('App\\Models\\User_model')
 5 APPPATH/Models/Auth_model.php(18): spl_autoload_call('App\\Models\\User_model')
 6 APPPATH/Controllers/User.php(11): App\Models\Auth_model->__construct()
 7 SYSTEMPATH/CodeIgniter.php(914): App\Controllers\User->__construct()
 8 SYSTEMPATH/CodeIgniter.php(493): CodeIgniter\CodeIgniter->createController()
 9 SYSTEMPATH/CodeIgniter.php(361): CodeIgniter\CodeIgniter->handleRequest(null, Object(Config\Cache), false)
10 FCPATH/index.php(80): CodeIgniter\CodeIgniter->run()
CRITICAL - 2023-11-23 06:33:24 --> You must set the database table to be used with your query.
in SYSTEMPATH/Database/BaseConnection.php on line 884.
 1 SYSTEMPATH/Model.php(635): CodeIgniter\Database\BaseConnection->table(null)
 2 SYSTEMPATH/Model.php(838): CodeIgniter\Model->builder()
 3 APPPATH/Models/User_model.php(26): CodeIgniter\Model->__get('db_model')
 4 APPPATH/Models/Auth_model.php(56): App\Models\User_model->get_encrypted_user_detail([...], null)
 5 APPPATH/Controllers/User.php(21): App\Models\Auth_model->login(null, null, null)
 6 SYSTEMPATH/CodeIgniter.php(942): App\Controllers\User->login()
 7 SYSTEMPATH/CodeIgniter.php(502): CodeIgniter\CodeIgniter->runController(Object(App\Controllers\User))
 8 SYSTEMPATH/CodeIgniter.php(361): CodeIgniter\CodeIgniter->handleRequest(null, Object(Config\Cache), false)
 9 FCPATH/index.php(80): CodeIgniter\CodeIgniter->run()
CRITICAL - 2023-11-23 06:34:01 --> You must set the database table to be used with your query.
in SYSTEMPATH/Database/BaseConnection.php on line 884.
 1 SYSTEMPATH/Model.php(635): CodeIgniter\Database\BaseConnection->table(null)
 2 SYSTEMPATH/Model.php(838): CodeIgniter\Model->builder()
 3 APPPATH/Models/User_model.php(26): CodeIgniter\Model->__get('db_model')
 4 APPPATH/Models/Auth_model.php(56): App\Models\User_model->get_encrypted_user_detail([...], null)
 5 APPPATH/Controllers/User.php(21): App\Models\Auth_model->login(null, null, null)
 6 SYSTEMPATH/CodeIgniter.php(942): App\Controllers\User->login()
 7 SYSTEMPATH/CodeIgniter.php(502): CodeIgniter\CodeIgniter->runController(Object(App\Controllers\User))
 8 SYSTEMPATH/CodeIgniter.php(361): CodeIgniter\CodeIgniter->handleRequest(null, Object(Config\Cache), false)
 9 FCPATH/index.php(80): CodeIgniter\CodeIgniter->run()
CRITICAL - 2023-11-23 06:34:03 --> You must set the database table to be used with your query.
in SYSTEMPATH/Database/BaseConnection.php on line 884.
 1 SYSTEMPATH/Model.php(635): CodeIgniter\Database\BaseConnection->table(null)
 2 SYSTEMPATH/Model.php(838): CodeIgniter\Model->builder()
 3 APPPATH/Models/User_model.php(26): CodeIgniter\Model->__get('db_model')
 4 APPPATH/Models/Auth_model.php(56): App\Models\User_model->get_encrypted_user_detail([...], null)
 5 APPPATH/Controllers/User.php(21): App\Models\Auth_model->login(null, null, null)
 6 SYSTEMPATH/CodeIgniter.php(942): App\Controllers\User->login()
 7 SYSTEMPATH/CodeIgniter.php(502): CodeIgniter\CodeIgniter->runController(Object(App\Controllers\User))
 8 SYSTEMPATH/CodeIgniter.php(361): CodeIgniter\CodeIgniter->handleRequest(null, Object(Config\Cache), false)
 9 FCPATH/index.php(80): CodeIgniter\CodeIgniter->run()
CRITICAL - 2023-11-23 06:34:16 --> Call to a member function get_data() on null
in APPPATH/Models/User_model.php on line 26.
 1 APPPATH/Models/Auth_model.php(56): App\Models\User_model->get_encrypted_user_detail([...], null)
 2 APPPATH/Controllers/User.php(21): App\Models\Auth_model->login(null, null, null)
 3 SYSTEMPATH/CodeIgniter.php(942): App\Controllers\User->login()
 4 SYSTEMPATH/CodeIgniter.php(502): CodeIgniter\CodeIgniter->runController(Object(App\Controllers\User))
 5 SYSTEMPATH/CodeIgniter.php(361): CodeIgniter\CodeIgniter->handleRequest(null, Object(Config\Cache), false)
 6 FCPATH/index.php(80): CodeIgniter\CodeIgniter->run()
CRITICAL - 2023-11-23 06:35:39 --> Call to undefined method CodeIgniter\Database\MySQLi\Connection::select()
in APPPATH/Models/Db_model.php on line 79.
 1 APPPATH/Models/User_model.php(28): App\Models\Db_model->get_data([...])
 2 APPPATH/Models/Auth_model.php(56): App\Models\User_model->get_encrypted_user_detail([...], null)
 3 APPPATH/Controllers/User.php(21): App\Models\Auth_model->login(null, null, null)
 4 SYSTEMPATH/CodeIgniter.php(942): App\Controllers\User->login()
 5 SYSTEMPATH/CodeIgniter.php(502): CodeIgniter\CodeIgniter->runController(Object(App\Controllers\User))
 6 SYSTEMPATH/CodeIgniter.php(361): CodeIgniter\CodeIgniter->handleRequest(null, Object(Config\Cache), false)
 7 FCPATH/index.php(80): CodeIgniter\CodeIgniter->run()
CRITICAL - 2023-11-23 06:52:07 --> Call to undefined method App\Models\User_model::get_encrypted_user_detail
in SYSTEMPATH/Model.php on line 873.
 1 APPPATH/Models/Auth_model.php(56): CodeIgniter\Model->__call('get_encrypted_user_detail', [...])
 2 APPPATH/Controllers/User.php(21): App\Models\Auth_model->login(null, null, null)
 3 SYSTEMPATH/CodeIgniter.php(942): App\Controllers\User->login()
 4 SYSTEMPATH/CodeIgniter.php(502): CodeIgniter\CodeIgniter->runController(Object(App\Controllers\User))
 5 SYSTEMPATH/CodeIgniter.php(361): CodeIgniter\CodeIgniter->handleRequest(null, Object(Config\Cache), false)
 6 FCPATH/index.php(80): CodeIgniter\CodeIgniter->run()
ERROR - 2023-11-23 06:54:08 --> mysqli_sql_exception: Table 'flynx_loans.user' doesn't exist in /opt/lampp/htdocs/flynx_loans/system/Database/MySQLi/Connection.php:306
Stack trace:
#0 /opt/lampp/htdocs/flynx_loans/system/Database/MySQLi/Connection.php(306): mysqli->query('SELECT `userID`...', 0)
#1 /opt/lampp/htdocs/flynx_loans/system/Database/BaseConnection.php(693): CodeIgniter\Database\MySQLi\Connection->execute('SELECT `userID`...')
#2 /opt/lampp/htdocs/flynx_loans/system/Database/BaseConnection.php(607): CodeIgniter\Database\BaseConnection->simpleQuery('SELECT `userID`...')
#3 /opt/lampp/htdocs/flynx_loans/system/Database/BaseBuilder.php(1615): CodeIgniter\Database\BaseConnection->query('SELECT `userID`...', Array, false)
#4 /opt/lampp/htdocs/flynx_loans/app/Models/User_model.php(72): CodeIgniter\Database\BaseBuilder->get()
#5 /opt/lampp/htdocs/flynx_loans/app/Models/Auth_model.php(56): App\Models\User_model->get_encrypted_user_detail(Array, NULL)
#6 /opt/lampp/htdocs/flynx_loans/app/Controllers/User.php(21): App\Models\Auth_model->login(NULL, NULL, NULL)
#7 /opt/lampp/htdocs/flynx_loans/system/CodeIgniter.php(942): App\Controllers\User->login()
#8 /opt/lampp/htdocs/flynx_loans/system/CodeIgniter.php(502): CodeIgniter\CodeIgniter->runController(Object(App\Controllers\User))
#9 /opt/lampp/htdocs/flynx_loans/system/CodeIgniter.php(361): CodeIgniter\CodeIgniter->handleRequest(NULL, Object(Config\Cache), false)
#10 /opt/lampp/htdocs/flynx_loans/index.php(80): CodeIgniter\CodeIgniter->run()
#11 {main}
CRITICAL - 2023-11-23 06:54:08 --> Table 'flynx_loans.user' doesn't exist
in SYSTEMPATH/Database/BaseConnection.php on line 647.
 1 SYSTEMPATH/Database/BaseBuilder.php(1615): CodeIgniter\Database\BaseConnection->query('SELECT `userID`, `username` as `username`, `first_name` as `First_name`, `last_name` as `Last_name`, `email` as `Email`, `is_active` as `Is_active`, `is_authorized`, `user_type` as `User_type`, `profile_picture` as `profile_picture`, `login_attempts`, `updated_at` as `Updated_on`
FROM `user` `u`
LEFT JOIN `professional` `p` ON `p`.`user_id` = `u`.`id`', [], false)
 2 APPPATH/Models/User_model.php(72): CodeIgniter\Database\BaseBuilder->get()
 3 APPPATH/Models/Auth_model.php(56): App\Models\User_model->get_encrypted_user_detail([...], null)
 4 APPPATH/Controllers/User.php(21): App\Models\Auth_model->login(null, null, null)
 5 SYSTEMPATH/CodeIgniter.php(942): App\Controllers\User->login()
 6 SYSTEMPATH/CodeIgniter.php(502): CodeIgniter\CodeIgniter->runController(Object(App\Controllers\User))
 7 SYSTEMPATH/CodeIgniter.php(361): CodeIgniter\CodeIgniter->handleRequest(null, Object(Config\Cache), false)
 8 FCPATH/index.php(80): CodeIgniter\CodeIgniter->run()
ERROR - 2023-11-23 06:54:35 --> mysqli_sql_exception: Table 'flynx_loans.professional' doesn't exist in /opt/lampp/htdocs/flynx_loans/system/Database/MySQLi/Connection.php:306
Stack trace:
#0 /opt/lampp/htdocs/flynx_loans/system/Database/MySQLi/Connection.php(306): mysqli->query('SELECT `userID`...', 0)
#1 /opt/lampp/htdocs/flynx_loans/system/Database/BaseConnection.php(693): CodeIgniter\Database\MySQLi\Connection->execute('SELECT `userID`...')
#2 /opt/lampp/htdocs/flynx_loans/system/Database/BaseConnection.php(607): CodeIgniter\Database\BaseConnection->simpleQuery('SELECT `userID`...')
#3 /opt/lampp/htdocs/flynx_loans/system/Database/BaseBuilder.php(1615): CodeIgniter\Database\BaseConnection->query('SELECT `userID`...', Array, false)
#4 /opt/lampp/htdocs/flynx_loans/app/Models/User_model.php(72): CodeIgniter\Database\BaseBuilder->get()
#5 /opt/lampp/htdocs/flynx_loans/app/Models/Auth_model.php(56): App\Models\User_model->get_encrypted_user_detail(Array, NULL)
#6 /opt/lampp/htdocs/flynx_loans/app/Controllers/User.php(21): App\Models\Auth_model->login(NULL, NULL, NULL)
#7 /opt/lampp/htdocs/flynx_loans/system/CodeIgniter.php(942): App\Controllers\User->login()
#8 /opt/lampp/htdocs/flynx_loans/system/CodeIgniter.php(502): CodeIgniter\CodeIgniter->runController(Object(App\Controllers\User))
#9 /opt/lampp/htdocs/flynx_loans/system/CodeIgniter.php(361): CodeIgniter\CodeIgniter->handleRequest(NULL, Object(Config\Cache), false)
#10 /opt/lampp/htdocs/flynx_loans/index.php(80): CodeIgniter\CodeIgniter->run()
#11 {main}
CRITICAL - 2023-11-23 06:54:35 --> Table 'flynx_loans.professional' doesn't exist
in SYSTEMPATH/Database/BaseConnection.php on line 647.
 1 SYSTEMPATH/Database/BaseBuilder.php(1615): CodeIgniter\Database\BaseConnection->query('SELECT `userID`, `username` as `username`, `first_name` as `First_name`, `last_name` as `Last_name`, `email` as `Email`, `is_active` as `Is_active`, `is_authorized`, `user_type` as `User_type`, `profile_picture` as `profile_picture`, `login_attempts`, `updated_at` as `Updated_on`
FROM `users` `u`
LEFT JOIN `professional` `p` ON `p`.`user_id` = `u`.`id`', [], false)
 2 APPPATH/Models/User_model.php(72): CodeIgniter\Database\BaseBuilder->get()
 3 APPPATH/Models/Auth_model.php(56): App\Models\User_model->get_encrypted_user_detail([...], null)
 4 APPPATH/Controllers/User.php(21): App\Models\Auth_model->login(null, null, null)
 5 SYSTEMPATH/CodeIgniter.php(942): App\Controllers\User->login()
 6 SYSTEMPATH/CodeIgniter.php(502): CodeIgniter\CodeIgniter->runController(Object(App\Controllers\User))
 7 SYSTEMPATH/CodeIgniter.php(361): CodeIgniter\CodeIgniter->handleRequest(null, Object(Config\Cache), false)
 8 FCPATH/index.php(80): CodeIgniter\CodeIgniter->run()
ERROR - 2023-11-23 06:54:52 --> mysqli_sql_exception: Unknown column 'updated_at' in 'field list' in /opt/lampp/htdocs/flynx_loans/system/Database/MySQLi/Connection.php:306
Stack trace:
#0 /opt/lampp/htdocs/flynx_loans/system/Database/MySQLi/Connection.php(306): mysqli->query('SELECT `userID`...', 0)
#1 /opt/lampp/htdocs/flynx_loans/system/Database/BaseConnection.php(693): CodeIgniter\Database\MySQLi\Connection->execute('SELECT `userID`...')
#2 /opt/lampp/htdocs/flynx_loans/system/Database/BaseConnection.php(607): CodeIgniter\Database\BaseConnection->simpleQuery('SELECT `userID`...')
#3 /opt/lampp/htdocs/flynx_loans/system/Database/BaseBuilder.php(1615): CodeIgniter\Database\BaseConnection->query('SELECT `userID`...', Array, false)
#4 /opt/lampp/htdocs/flynx_loans/app/Models/User_model.php(71): CodeIgniter\Database\BaseBuilder->get()
#5 /opt/lampp/htdocs/flynx_loans/app/Models/Auth_model.php(56): App\Models\User_model->get_encrypted_user_detail(Array, NULL)
#6 /opt/lampp/htdocs/flynx_loans/app/Controllers/User.php(21): App\Models\Auth_model->login(NULL, NULL, NULL)
#7 /opt/lampp/htdocs/flynx_loans/system/CodeIgniter.php(942): App\Controllers\User->login()
#8 /opt/lampp/htdocs/flynx_loans/system/CodeIgniter.php(502): CodeIgniter\CodeIgniter->runController(Object(App\Controllers\User))
#9 /opt/lampp/htdocs/flynx_loans/system/CodeIgniter.php(361): CodeIgniter\CodeIgniter->handleRequest(NULL, Object(Config\Cache), false)
#10 /opt/lampp/htdocs/flynx_loans/index.php(80): CodeIgniter\CodeIgniter->run()
#11 {main}
CRITICAL - 2023-11-23 06:54:52 --> Unknown column 'updated_at' in 'field list'
in SYSTEMPATH/Database/BaseConnection.php on line 647.
 1 SYSTEMPATH/Database/BaseBuilder.php(1615): CodeIgniter\Database\BaseConnection->query('SELECT `userID`, `username` as `username`, `first_name` as `First_name`, `last_name` as `Last_name`, `email` as `Email`, `is_active` as `Is_active`, `is_authorized`, `user_type` as `User_type`, `profile_picture` as `profile_picture`, `login_attempts`, `updated_at` as `Updated_on`
FROM `users` `u`', [], false)
 2 APPPATH/Models/User_model.php(71): CodeIgniter\Database\BaseBuilder->get()
 3 APPPATH/Models/Auth_model.php(56): App\Models\User_model->get_encrypted_user_detail([...], null)
 4 APPPATH/Controllers/User.php(21): App\Models\Auth_model->login(null, null, null)
 5 SYSTEMPATH/CodeIgniter.php(942): App\Controllers\User->login()
 6 SYSTEMPATH/CodeIgniter.php(502): CodeIgniter\CodeIgniter->runController(Object(App\Controllers\User))
 7 SYSTEMPATH/CodeIgniter.php(361): CodeIgniter\CodeIgniter->handleRequest(null, Object(Config\Cache), false)
 8 FCPATH/index.php(80): CodeIgniter\CodeIgniter->run()
ERROR - 2023-11-23 07:02:02 --> mysqli_sql_exception: Unknown column 'updated_at' in 'field list' in /opt/lampp/htdocs/flynx_loans/system/Database/MySQLi/Connection.php:306
Stack trace:
#0 /opt/lampp/htdocs/flynx_loans/system/Database/MySQLi/Connection.php(306): mysqli->query('SELECT `userID`...', 0)
#1 /opt/lampp/htdocs/flynx_loans/system/Database/BaseConnection.php(693): CodeIgniter\Database\MySQLi\Connection->execute('SELECT `userID`...')
#2 /opt/lampp/htdocs/flynx_loans/system/Database/BaseConnection.php(607): CodeIgniter\Database\BaseConnection->simpleQuery('SELECT `userID`...')
#3 /opt/lampp/htdocs/flynx_loans/system/Database/BaseBuilder.php(1615): CodeIgniter\Database\BaseConnection->query('SELECT `userID`...', Array, false)
#4 /opt/lampp/htdocs/flynx_loans/app/Models/User_model.php(71): CodeIgniter\Database\BaseBuilder->get()
#5 /opt/lampp/htdocs/flynx_loans/app/Models/Auth_model.php(56): App\Models\User_model->get_encrypted_user_detail(Array, NULL)
#6 /opt/lampp/htdocs/flynx_loans/app/Controllers/User.php(21): App\Models\Auth_model->login(NULL, NULL, NULL)
#7 /opt/lampp/htdocs/flynx_loans/system/CodeIgniter.php(942): App\Controllers\User->login()
#8 /opt/lampp/htdocs/flynx_loans/system/CodeIgniter.php(502): CodeIgniter\CodeIgniter->runController(Object(App\Controllers\User))
#9 /opt/lampp/htdocs/flynx_loans/system/CodeIgniter.php(361): CodeIgniter\CodeIgniter->handleRequest(NULL, Object(Config\Cache), false)
#10 /opt/lampp/htdocs/flynx_loans/index.php(80): CodeIgniter\CodeIgniter->run()
#11 {main}
CRITICAL - 2023-11-23 07:02:02 --> Unknown column 'updated_at' in 'field list'
in SYSTEMPATH/Database/BaseConnection.php on line 647.
 1 SYSTEMPATH/Database/BaseBuilder.php(1615): CodeIgniter\Database\BaseConnection->query('SELECT `userID`, `username` as `username`, `first_name` as `First_name`, `last_name` as `Last_name`, `email` as `Email`, `is_active` as `Is_active`, `is_authorized`, `user_type` as `User_type`, `profile_picture` as `profile_picture`, `login_attempts`, `updated_at` as `Updated_on`
FROM `users` `u`', [], false)
 2 APPPATH/Models/User_model.php(71): CodeIgniter\Database\BaseBuilder->get()
 3 APPPATH/Models/Auth_model.php(56): App\Models\User_model->get_encrypted_user_detail([...], null)
 4 APPPATH/Controllers/User.php(21): App\Models\Auth_model->login(null, null, null)
 5 SYSTEMPATH/CodeIgniter.php(942): App\Controllers\User->login()
 6 SYSTEMPATH/CodeIgniter.php(502): CodeIgniter\CodeIgniter->runController(Object(App\Controllers\User))
 7 SYSTEMPATH/CodeIgniter.php(361): CodeIgniter\CodeIgniter->handleRequest(null, Object(Config\Cache), false)
 8 FCPATH/index.php(80): CodeIgniter\CodeIgniter->run()
CRITICAL - 2023-11-23 07:02:20 --> syntax error, unexpected 'foreach' (T_FOREACH)
in APPPATH/Models/User_model.php on line 81.
 1 SYSTEMPATH/Autoloader/Autoloader.php(291): CodeIgniter\Autoloader\Autoloader->includeFile('/opt/lampp/htdocs/flynx_loans/app/Models/User_model.php')
 2 SYSTEMPATH/Autoloader/Autoloader.php(269): CodeIgniter\Autoloader\Autoloader->loadInNamespace('App\\Models\\User_model')
 3 [internal function]: CodeIgniter\Autoloader\Autoloader->loadClass('App\\Models\\User_model')
 4 APPPATH/Models/Auth_model.php(18): spl_autoload_call('App\\Models\\User_model')
 5 APPPATH/Controllers/User.php(11): App\Models\Auth_model->__construct()
 6 SYSTEMPATH/CodeIgniter.php(914): App\Controllers\User->__construct()
 7 SYSTEMPATH/CodeIgniter.php(493): CodeIgniter\CodeIgniter->createController()
 8 SYSTEMPATH/CodeIgniter.php(361): CodeIgniter\CodeIgniter->handleRequest(null, Object(Config\Cache), false)
 9 FCPATH/index.php(80): CodeIgniter\CodeIgniter->run()
CRITICAL - 2023-11-23 07:45:40 --> A function with return type must return a value
in APPPATH/Controllers/User.php on line 36.
 1 [internal function]: CodeIgniter\Debug\Exceptions->shutdownHandler()
CRITICAL - 2023-11-23 07:47:00 --> A function with return type must return a value
in APPPATH/Controllers/User.php on line 36.
 1 [internal function]: CodeIgniter\Debug\Exceptions->shutdownHandler()
CRITICAL - 2023-11-23 07:47:53 --> A function with return type must return a value
in APPPATH/Controllers/User.php on line 37.
 1 [internal function]: CodeIgniter\Debug\Exceptions->shutdownHandler()
CRITICAL - 2023-11-23 07:49:51 --> A function with return type must return a value
in APPPATH/Controllers/User.php on line 34.
 1 [internal function]: CodeIgniter\Debug\Exceptions->shutdownHandler()
CRITICAL - 2023-11-23 07:49:56 --> Return value of App\Controllers\User::make_login() must be of the type string, none returned
in APPPATH/Controllers/User.php on line 46.
 1 SYSTEMPATH/CodeIgniter.php(942): App\Controllers\User->make_login()
 2 SYSTEMPATH/CodeIgniter.php(502): CodeIgniter\CodeIgniter->runController(Object(App\Controllers\User))
 3 SYSTEMPATH/CodeIgniter.php(361): CodeIgniter\CodeIgniter->handleRequest(null, Object(Config\Cache), false)
 4 FCPATH/index.php(80): CodeIgniter\CodeIgniter->run()
CRITICAL - 2023-11-23 07:50:27 --> syntax error, unexpected '}', expecting ';'
in APPPATH/Controllers/User.php on line 47.
 1 SYSTEMPATH/Autoloader/Autoloader.php(291): CodeIgniter\Autoloader\Autoloader->includeFile('/opt/lampp/htdocs/flynx_loans/app/Controllers/User.php')
 2 SYSTEMPATH/Autoloader/Autoloader.php(269): CodeIgniter\Autoloader\Autoloader->loadInNamespace('App\\Controllers\\User')
 3 [internal function]: CodeIgniter\Autoloader\Autoloader->loadClass('App\\Controllers\\User')
 4 [internal function]: spl_autoload_call('App\\Controllers\\User')
 5 SYSTEMPATH/CodeIgniter.php(900): class_exists('\\App\\Controllers\\User', true)
 6 SYSTEMPATH/CodeIgniter.php(489): CodeIgniter\CodeIgniter->startController()
 7 SYSTEMPATH/CodeIgniter.php(361): CodeIgniter\CodeIgniter->handleRequest(null, Object(Config\Cache), false)
 8 FCPATH/index.php(80): CodeIgniter\CodeIgniter->run()
CRITICAL - 2023-11-23 09:17:54 --> Too few arguments to function App\Models\Auth_model::login(), 2 passed in /opt/lampp/htdocs/flynx_loans/app/Controllers/User.php on line 37 and at least 3 expected
in APPPATH/Models/Auth_model.php on line 53.
 1 APPPATH/Controllers/User.php(37): App\Models\Auth_model->login('jfdfdf@gmail.com', '123456')
 2 SYSTEMPATH/CodeIgniter.php(942): App\Controllers\User->make_login()
 3 SYSTEMPATH/CodeIgniter.php(502): CodeIgniter\CodeIgniter->runController(Object(App\Controllers\User))
 4 SYSTEMPATH/CodeIgniter.php(361): CodeIgniter\CodeIgniter->handleRequest(null, Object(Config\Cache), false)
 5 FCPATH/index.php(80): CodeIgniter\CodeIgniter->run()
CRITICAL - 2023-11-23 09:18:37 --> Call to a member function setFlashData() on null
in APPPATH/Controllers/User.php on line 38.
 1 SYSTEMPATH/CodeIgniter.php(942): App\Controllers\User->make_login()
 2 SYSTEMPATH/CodeIgniter.php(502): CodeIgniter\CodeIgniter->runController(Object(App\Controllers\User))
 3 SYSTEMPATH/CodeIgniter.php(361): CodeIgniter\CodeIgniter->handleRequest(null, Object(Config\Cache), false)
 4 FCPATH/index.php(80): CodeIgniter\CodeIgniter->run()
CRITICAL - 2023-11-23 10:14:02 --> Call to a member function setFlashData() on null
in APPPATH/Controllers/User.php on line 38.
 1 SYSTEMPATH/CodeIgniter.php(942): App\Controllers\User->make_login()
 2 SYSTEMPATH/CodeIgniter.php(502): CodeIgniter\CodeIgniter->runController(Object(App\Controllers\User))
 3 SYSTEMPATH/CodeIgniter.php(361): CodeIgniter\CodeIgniter->handleRequest(null, Object(Config\Cache), false)
 4 FCPATH/index.php(80): CodeIgniter\CodeIgniter->run()
CRITICAL - 2023-11-23 10:15:13 --> Call to a member function setFlashData() on null
in APPPATH/Controllers/User.php on line 40.
 1 SYSTEMPATH/CodeIgniter.php(942): App\Controllers\User->make_login()
 2 SYSTEMPATH/CodeIgniter.php(502): CodeIgniter\CodeIgniter->runController(Object(App\Controllers\User))
 3 SYSTEMPATH/CodeIgniter.php(361): CodeIgniter\CodeIgniter->handleRequest(null, Object(Config\Cache), false)
 4 FCPATH/index.php(80): CodeIgniter\CodeIgniter->run()
CRITICAL - 2023-11-23 10:17:52 --> Call to a member function setFlashData() on null
in APPPATH/Controllers/User.php on line 40.
 1 SYSTEMPATH/CodeIgniter.php(942): App\Controllers\User->make_login()
 2 SYSTEMPATH/CodeIgniter.php(502): CodeIgniter\CodeIgniter->runController(Object(App\Controllers\User))
 3 SYSTEMPATH/CodeIgniter.php(361): CodeIgniter\CodeIgniter->handleRequest(null, Object(Config\Cache), false)
 4 FCPATH/index.php(80): CodeIgniter\CodeIgniter->run()
CRITICAL - 2023-11-23 10:18:13 --> Call to a member function setFlashData() on null
in APPPATH/Controllers/User.php on line 40.
 1 SYSTEMPATH/CodeIgniter.php(942): App\Controllers\User->make_login()
 2 SYSTEMPATH/CodeIgniter.php(502): CodeIgniter\CodeIgniter->runController(Object(App\Controllers\User))
 3 SYSTEMPATH/CodeIgniter.php(361): CodeIgniter\CodeIgniter->handleRequest(null, Object(Config\Cache), false)
 4 FCPATH/index.php(80): CodeIgniter\CodeIgniter->run()
CRITICAL - 2023-11-23 10:18:53 --> Call to a member function setFlashData() on null
in APPPATH/Controllers/User.php on line 40.
 1 SYSTEMPATH/CodeIgniter.php(942): App\Controllers\User->make_login()
 2 SYSTEMPATH/CodeIgniter.php(502): CodeIgniter\CodeIgniter->runController(Object(App\Controllers\User))
 3 SYSTEMPATH/CodeIgniter.php(361): CodeIgniter\CodeIgniter->handleRequest(null, Object(Config\Cache), false)
 4 FCPATH/index.php(80): CodeIgniter\CodeIgniter->run()
CRITICAL - 2023-11-23 10:32:41 --> Call to undefined function set_value()
in APPPATH/Views/login.php on line 16.
 1 SYSTEMPATH/View/View.php(228): include()
 2 SYSTEMPATH/View/View.php(231): CodeIgniter\View\View->CodeIgniter\View\{closure}()
 3 SYSTEMPATH/Common.php(1190): CodeIgniter\View\View->render('login', [], true)
 4 APPPATH/Controllers/User.php(45): view('login', [...])
 5 SYSTEMPATH/CodeIgniter.php(942): App\Controllers\User->make_login()
 6 SYSTEMPATH/CodeIgniter.php(502): CodeIgniter\CodeIgniter->runController(Object(App\Controllers\User))
 7 SYSTEMPATH/CodeIgniter.php(361): CodeIgniter\CodeIgniter->handleRequest(null, Object(Config\Cache), false)
 8 FCPATH/index.php(80): CodeIgniter\CodeIgniter->run()
CRITICAL - 2023-11-23 12:32:52 --> Call to undefined function App\Models\aes_256_decrypt()
in APPPATH/Models/User_model.php on line 47.
 1 APPPATH/Models/Auth_model.php(56): App\Models\User_model->get_encrypted_user_detail([...], 'pankajSingh104@yopmail.com')
 2 APPPATH/Controllers/User.php(36): App\Models\Auth_model->login('pankajSingh104@yopmail.com', '12345678', 1)
 3 SYSTEMPATH/CodeIgniter.php(942): App\Controllers\User->make_login()
 4 SYSTEMPATH/CodeIgniter.php(502): CodeIgniter\CodeIgniter->runController(Object(App\Controllers\User))
 5 SYSTEMPATH/CodeIgniter.php(361): CodeIgniter\CodeIgniter->handleRequest(null, Object(Config\Cache), false)
 6 FCPATH/index.php(80): CodeIgniter\CodeIgniter->run()
CRITICAL - 2023-11-23 13:01:01 --> Object of class stdClass could not be converted to string
in APPPATH/Models/User_model.php on line 64.
 1 APPPATH/Models/Auth_model.php(56): App\Models\User_model->get_encrypted_user_detail([...], 'pankajSingh104@yopmail.com')
 2 APPPATH/Controllers/User.php(38): App\Models\Auth_model->login('pankajSingh104@yopmail.com', '12345678', 1)
 3 SYSTEMPATH/CodeIgniter.php(942): App\Controllers\User->make_login()
 4 SYSTEMPATH/CodeIgniter.php(502): CodeIgniter\CodeIgniter->runController(Object(App\Controllers\User))
 5 SYSTEMPATH/CodeIgniter.php(361): CodeIgniter\CodeIgniter->handleRequest(null, Object(Config\Cache), false)
 6 FCPATH/index.php(80): CodeIgniter\CodeIgniter->run()
CRITICAL - 2023-11-23 13:02:06 --> Object of class stdClass could not be converted to string
in APPPATH/Models/User_model.php on line 62.
 1 APPPATH/Models/Auth_model.php(56): App\Models\User_model->get_encrypted_user_detail([...], 'pankajSingh104@yopmail.com')
 2 APPPATH/Controllers/User.php(38): App\Models\Auth_model->login('pankajSingh104@yopmail.com', '12345678', 1)
 3 SYSTEMPATH/CodeIgniter.php(942): App\Controllers\User->make_login()
 4 SYSTEMPATH/CodeIgniter.php(502): CodeIgniter\CodeIgniter->runController(Object(App\Controllers\User))
 5 SYSTEMPATH/CodeIgniter.php(361): CodeIgniter\CodeIgniter->handleRequest(null, Object(Config\Cache), false)
 6 FCPATH/index.php(80): CodeIgniter\CodeIgniter->run()
CRITICAL - 2023-11-23 13:04:37 --> Object of class stdClass could not be converted to string
in APPPATH/Models/User_model.php on line 49.
 1 APPPATH/Models/Auth_model.php(56): App\Models\User_model->get_encrypted_user_detail([...], 'pankajSingh104@yopmail.com')
 2 APPPATH/Controllers/User.php(38): App\Models\Auth_model->login('pankajSingh104@yopmail.com', '12345678', 1)
 3 SYSTEMPATH/CodeIgniter.php(942): App\Controllers\User->make_login()
 4 SYSTEMPATH/CodeIgniter.php(502): CodeIgniter\CodeIgniter->runController(Object(App\Controllers\User))
 5 SYSTEMPATH/CodeIgniter.php(361): CodeIgniter\CodeIgniter->handleRequest(null, Object(Config\Cache), false)
 6 FCPATH/index.php(80): CodeIgniter\CodeIgniter->run()
CRITICAL - 2023-11-23 13:06:03 --> Object of class stdClass could not be converted to string
in APPPATH/Models/User_model.php on line 63.
 1 APPPATH/Models/Auth_model.php(56): App\Models\User_model->get_encrypted_user_detail([...], 'pankajSingh104@yopmail.com')
 2 APPPATH/Controllers/User.php(38): App\Models\Auth_model->login('pankajSingh104@yopmail.com', '12345678', 1)
 3 SYSTEMPATH/CodeIgniter.php(942): App\Controllers\User->make_login()
 4 SYSTEMPATH/CodeIgniter.php(502): CodeIgniter\CodeIgniter->runController(Object(App\Controllers\User))
 5 SYSTEMPATH/CodeIgniter.php(361): CodeIgniter\CodeIgniter->handleRequest(null, Object(Config\Cache), false)
 6 FCPATH/index.php(80): CodeIgniter\CodeIgniter->run()
CRITICAL - 2023-11-23 13:10:45 --> Cannot use object of type stdClass as array
in APPPATH/Models/Auth_model.php on line 59.
 1 APPPATH/Controllers/User.php(38): App\Models\Auth_model->login('pankajSingh104@yopmail.com', '12345678', 1)
 2 SYSTEMPATH/CodeIgniter.php(942): App\Controllers\User->make_login()
 3 SYSTEMPATH/CodeIgniter.php(502): CodeIgniter\CodeIgniter->runController(Object(App\Controllers\User))
 4 SYSTEMPATH/CodeIgniter.php(361): CodeIgniter\CodeIgniter->handleRequest(null, Object(Config\Cache), false)
 5 FCPATH/index.php(80): CodeIgniter\CodeIgniter->run()
CRITICAL - 2023-11-23 13:10:59 --> Cannot use object of type stdClass as array
in APPPATH/Models/Auth_model.php on line 58.
 1 APPPATH/Controllers/User.php(38): App\Models\Auth_model->login('pankajSingh104@yopmail.com', '12345678', 1)
 2 SYSTEMPATH/CodeIgniter.php(942): App\Controllers\User->make_login()
 3 SYSTEMPATH/CodeIgniter.php(502): CodeIgniter\CodeIgniter->runController(Object(App\Controllers\User))
 4 SYSTEMPATH/CodeIgniter.php(361): CodeIgniter\CodeIgniter->handleRequest(null, Object(Config\Cache), false)
 5 FCPATH/index.php(80): CodeIgniter\CodeIgniter->run()
CRITICAL - 2023-11-23 13:11:49 --> Cannot use object of type stdClass as array
in APPPATH/Models/Auth_model.php on line 58.
 1 APPPATH/Controllers/User.php(38): App\Models\Auth_model->login('pankajSingh104@yopmail.com', '12345678', 1)
 2 SYSTEMPATH/CodeIgniter.php(942): App\Controllers\User->make_login()
 3 SYSTEMPATH/CodeIgniter.php(502): CodeIgniter\CodeIgniter->runController(Object(App\Controllers\User))
 4 SYSTEMPATH/CodeIgniter.php(361): CodeIgniter\CodeIgniter->handleRequest(null, Object(Config\Cache), false)
 5 FCPATH/index.php(80): CodeIgniter\CodeIgniter->run()
CRITICAL - 2023-11-23 13:12:43 --> Cannot use object of type stdClass as array
in APPPATH/Models/Auth_model.php on line 58.
 1 APPPATH/Controllers/User.php(38): App\Models\Auth_model->login('pankajSingh104@yopmail.com', '12345678', 1)
 2 SYSTEMPATH/CodeIgniter.php(942): App\Controllers\User->make_login()
 3 SYSTEMPATH/CodeIgniter.php(502): CodeIgniter\CodeIgniter->runController(Object(App\Controllers\User))
 4 SYSTEMPATH/CodeIgniter.php(361): CodeIgniter\CodeIgniter->handleRequest(null, Object(Config\Cache), false)
 5 FCPATH/index.php(80): CodeIgniter\CodeIgniter->run()
CRITICAL - 2023-11-23 13:13:04 --> Cannot use object of type stdClass as array
in APPPATH/Models/Auth_model.php on line 58.
 1 APPPATH/Controllers/User.php(38): App\Models\Auth_model->login('pankajSingh104@yopmail.com', '12345678', 1)
 2 SYSTEMPATH/CodeIgniter.php(942): App\Controllers\User->make_login()
 3 SYSTEMPATH/CodeIgniter.php(502): CodeIgniter\CodeIgniter->runController(Object(App\Controllers\User))
 4 SYSTEMPATH/CodeIgniter.php(361): CodeIgniter\CodeIgniter->handleRequest(null, Object(Config\Cache), false)
 5 FCPATH/index.php(80): CodeIgniter\CodeIgniter->run()
CRITICAL - 2023-11-23 13:14:32 --> Cannot use object of type stdClass as array
in APPPATH/Models/Auth_model.php on line 58.
 1 APPPATH/Controllers/User.php(38): App\Models\Auth_model->login('pankajSingh104@yopmail.com', '12345678', 1)
 2 SYSTEMPATH/CodeIgniter.php(942): App\Controllers\User->make_login()
 3 SYSTEMPATH/CodeIgniter.php(502): CodeIgniter\CodeIgniter->runController(Object(App\Controllers\User))
 4 SYSTEMPATH/CodeIgniter.php(361): CodeIgniter\CodeIgniter->handleRequest(null, Object(Config\Cache), false)
 5 FCPATH/index.php(80): CodeIgniter\CodeIgniter->run()
CRITICAL - 2023-11-23 13:14:46 --> Cannot use object of type stdClass as array
in APPPATH/Models/Auth_model.php on line 58.
 1 APPPATH/Controllers/User.php(38): App\Models\Auth_model->login('pankajSingh104@yopmail.com', '12345678', 1)
 2 SYSTEMPATH/CodeIgniter.php(942): App\Controllers\User->make_login()
 3 SYSTEMPATH/CodeIgniter.php(502): CodeIgniter\CodeIgniter->runController(Object(App\Controllers\User))
 4 SYSTEMPATH/CodeIgniter.php(361): CodeIgniter\CodeIgniter->handleRequest(null, Object(Config\Cache), false)
 5 FCPATH/index.php(80): CodeIgniter\CodeIgniter->run()
CRITICAL - 2023-11-23 13:22:54 --> Illegal string offset 'username'
in APPPATH/Models/Auth_model.php on line 58.
 1 APPPATH/Models/Auth_model.php(58): CodeIgniter\Debug\Exceptions->errorHandler(2, 'Illegal string offset \'username\'', '/opt/lampp/htdocs/flynx_loans/app/Models/Auth_model.php', 58, [...])
 2 APPPATH/Controllers/User.php(38): App\Models\Auth_model->login('pankajSingh104@yopmail.com', '12345678', 1)
 3 SYSTEMPATH/CodeIgniter.php(942): App\Controllers\User->make_login()
 4 SYSTEMPATH/CodeIgniter.php(502): CodeIgniter\CodeIgniter->runController(Object(App\Controllers\User))
 5 SYSTEMPATH/CodeIgniter.php(361): CodeIgniter\CodeIgniter->handleRequest(null, Object(Config\Cache), false)
 6 FCPATH/index.php(80): CodeIgniter\CodeIgniter->run()
CRITICAL - 2023-11-23 13:23:23 --> Illegal string offset 'username'
in APPPATH/Models/Auth_model.php on line 58.
 1 APPPATH/Models/Auth_model.php(58): CodeIgniter\Debug\Exceptions->errorHandler(2, 'Illegal string offset \'username\'', '/opt/lampp/htdocs/flynx_loans/app/Models/Auth_model.php', 58, [...])
 2 APPPATH/Controllers/User.php(38): App\Models\Auth_model->login('pankajSingh104@yopmail.com', '12345678', 1)
 3 SYSTEMPATH/CodeIgniter.php(942): App\Controllers\User->make_login()
 4 SYSTEMPATH/CodeIgniter.php(502): CodeIgniter\CodeIgniter->runController(Object(App\Controllers\User))
 5 SYSTEMPATH/CodeIgniter.php(361): CodeIgniter\CodeIgniter->handleRequest(null, Object(Config\Cache), false)
 6 FCPATH/index.php(80): CodeIgniter\CodeIgniter->run()
