CRITICAL - 2023-12-05 03:05:54 --> syntax error, unexpected token ","
in APPPATH\Controllers\AdminDashboard.php on line 50.
 1 SYSTEMPATH\Autoloader\Autoloader.php(291): CodeIgniter\Autoloader\Autoloader->includeFile('C:\\xampp\\htdocs\\flynx_loans\\app\\Controllers\\AdminDashboard.php')
 2 SYSTEMPATH\Autoloader\Autoloader.php(269): CodeIgniter\Autoloader\Autoloader->loadInNamespace('App\\Controllers\\AdminDashboard')
 3 [internal function]: CodeIgniter\Autoloader\Autoloader->loadClass('App\\Controllers\\AdminDashboard')
 4 SYSTEMPATH\CodeIgniter.php(900): class_exists('\\App\\Controllers\\AdminDashboard', true)
 5 SYSTEMPATH\CodeIgniter.php(489): CodeIgniter\CodeIgniter->startController()
 6 SYSTEMPATH\CodeIgniter.php(361): CodeIgniter\CodeIgniter->handleRequest(null, Object(Config\Cache), false)
 7 FCPATH\index.php(80): CodeIgniter\CodeIgniter->run()
CRITICAL - 2023-12-05 03:05:56 --> syntax error, unexpected token ","
in APPPATH\Controllers\AdminDashboard.php on line 50.
 1 SYSTEMPATH\Autoloader\Autoloader.php(291): CodeIgniter\Autoloader\Autoloader->includeFile('C:\\xampp\\htdocs\\flynx_loans\\app\\Controllers\\AdminDashboard.php')
 2 SYSTEMPATH\Autoloader\Autoloader.php(269): CodeIgniter\Autoloader\Autoloader->loadInNamespace('App\\Controllers\\AdminDashboard')
 3 [internal function]: CodeIgniter\Autoloader\Autoloader->loadClass('App\\Controllers\\AdminDashboard')
 4 SYSTEMPATH\CodeIgniter.php(900): class_exists('\\App\\Controllers\\AdminDashboard', true)
 5 SYSTEMPATH\CodeIgniter.php(489): CodeIgniter\CodeIgniter->startController()
 6 SYSTEMPATH\CodeIgniter.php(361): CodeIgniter\CodeIgniter->handleRequest(null, Object(Config\Cache), false)
 7 FCPATH\index.php(80): CodeIgniter\CodeIgniter->run()
CRITICAL - 2023-12-05 03:07:37 --> syntax error, unexpected token ","
in APPPATH\Controllers\AdminDashboard.php on line 50.
 1 SYSTEMPATH\Autoloader\Autoloader.php(291): CodeIgniter\Autoloader\Autoloader->includeFile('C:\\xampp\\htdocs\\flynx_loans\\app\\Controllers\\AdminDashboard.php')
 2 SYSTEMPATH\Autoloader\Autoloader.php(269): CodeIgniter\Autoloader\Autoloader->loadInNamespace('App\\Controllers\\AdminDashboard')
 3 [internal function]: CodeIgniter\Autoloader\Autoloader->loadClass('App\\Controllers\\AdminDashboard')
 4 SYSTEMPATH\CodeIgniter.php(900): class_exists('\\App\\Controllers\\AdminDashboard', true)
 5 SYSTEMPATH\CodeIgniter.php(489): CodeIgniter\CodeIgniter->startController()
 6 SYSTEMPATH\CodeIgniter.php(361): CodeIgniter\CodeIgniter->handleRequest(null, Object(Config\Cache), false)
 7 FCPATH\index.php(80): CodeIgniter\CodeIgniter->run()
CRITICAL - 2023-12-05 03:08:04 --> syntax error, unexpected token ","
in APPPATH\Controllers\AdminDashboard.php on line 50.
 1 SYSTEMPATH\Autoloader\Autoloader.php(291): CodeIgniter\Autoloader\Autoloader->includeFile('C:\\xampp\\htdocs\\flynx_loans\\app\\Controllers\\AdminDashboard.php')
 2 SYSTEMPATH\Autoloader\Autoloader.php(269): CodeIgniter\Autoloader\Autoloader->loadInNamespace('App\\Controllers\\AdminDashboard')
 3 [internal function]: CodeIgniter\Autoloader\Autoloader->loadClass('App\\Controllers\\AdminDashboard')
 4 SYSTEMPATH\CodeIgniter.php(900): class_exists('\\App\\Controllers\\AdminDashboard', true)
 5 SYSTEMPATH\CodeIgniter.php(489): CodeIgniter\CodeIgniter->startController()
 6 SYSTEMPATH\CodeIgniter.php(361): CodeIgniter\CodeIgniter->handleRequest(null, Object(Config\Cache), false)
 7 FCPATH\index.php(80): CodeIgniter\CodeIgniter->run()
CRITICAL - 2023-12-05 03:49:26 --> syntax error, unexpected token ":", expecting "]"
in APPPATH\Controllers\AdminDashboard.php on line 121.
 1 SYSTEMPATH\Autoloader\Autoloader.php(291): CodeIgniter\Autoloader\Autoloader->includeFile('C:\\xampp\\htdocs\\flynx_loans\\app\\Controllers\\AdminDashboard.php')
 2 SYSTEMPATH\Autoloader\Autoloader.php(269): CodeIgniter\Autoloader\Autoloader->loadInNamespace('App\\Controllers\\AdminDashboard')
 3 [internal function]: CodeIgniter\Autoloader\Autoloader->loadClass('App\\Controllers\\AdminDashboard')
 4 SYSTEMPATH\CodeIgniter.php(900): class_exists('\\App\\Controllers\\AdminDashboard', true)
 5 SYSTEMPATH\CodeIgniter.php(489): CodeIgniter\CodeIgniter->startController()
 6 SYSTEMPATH\CodeIgniter.php(361): CodeIgniter\CodeIgniter->handleRequest(null, Object(Config\Cache), false)
 7 FCPATH\index.php(80): CodeIgniter\CodeIgniter->run()
CRITICAL - 2023-12-05 04:00:30 --> Cannot use object of type stdClass as array
in APPPATH\Controllers\AdminDashboard.php on line 130.
 1 SYSTEMPATH\CodeIgniter.php(942): App\Controllers\AdminDashboard->getLoanAnalysis()
 2 SYSTEMPATH\CodeIgniter.php(502): CodeIgniter\CodeIgniter->runController(Object(App\Controllers\AdminDashboard))
 3 SYSTEMPATH\CodeIgniter.php(361): CodeIgniter\CodeIgniter->handleRequest(null, Object(Config\Cache), false)
 4 FCPATH\index.php(80): CodeIgniter\CodeIgniter->run()
CRITICAL - 2023-12-05 04:02:20 --> Cannot use object of type stdClass as array
in APPPATH\Controllers\AdminDashboard.php on line 133.
 1 SYSTEMPATH\CodeIgniter.php(942): App\Controllers\AdminDashboard->getLoanAnalysis()
 2 SYSTEMPATH\CodeIgniter.php(502): CodeIgniter\CodeIgniter->runController(Object(App\Controllers\AdminDashboard))
 3 SYSTEMPATH\CodeIgniter.php(361): CodeIgniter\CodeIgniter->handleRequest(null, Object(Config\Cache), false)
 4 FCPATH\index.php(80): CodeIgniter\CodeIgniter->run()
CRITICAL - 2023-12-05 04:08:40 --> syntax error, unexpected integer "0062", expecting identifier or variable or "{" or "$"
in APPPATH\Controllers\AdminDashboard.php on line 130.
 1 SYSTEMPATH\Autoloader\Autoloader.php(291): CodeIgniter\Autoloader\Autoloader->includeFile('C:\\xampp\\htdocs\\flynx_loans\\app\\Controllers\\AdminDashboard.php')
 2 SYSTEMPATH\Autoloader\Autoloader.php(269): CodeIgniter\Autoloader\Autoloader->loadInNamespace('App\\Controllers\\AdminDashboard')
 3 [internal function]: CodeIgniter\Autoloader\Autoloader->loadClass('App\\Controllers\\AdminDashboard')
 4 SYSTEMPATH\CodeIgniter.php(900): class_exists('\\App\\Controllers\\AdminDashboard', true)
 5 SYSTEMPATH\CodeIgniter.php(489): CodeIgniter\CodeIgniter->startController()
 6 SYSTEMPATH\CodeIgniter.php(361): CodeIgniter\CodeIgniter->handleRequest(null, Object(Config\Cache), false)
 7 FCPATH\index.php(80): CodeIgniter\CodeIgniter->run()
CRITICAL - 2023-12-05 04:08:51 --> syntax error, unexpected double-quoted string "0062x00000EbrOLAAZ", expecting identifier or variable or "{" or "$"
in APPPATH\Controllers\AdminDashboard.php on line 130.
 1 SYSTEMPATH\Autoloader\Autoloader.php(291): CodeIgniter\Autoloader\Autoloader->includeFile('C:\\xampp\\htdocs\\flynx_loans\\app\\Controllers\\AdminDashboard.php')
 2 SYSTEMPATH\Autoloader\Autoloader.php(269): CodeIgniter\Autoloader\Autoloader->loadInNamespace('App\\Controllers\\AdminDashboard')
 3 [internal function]: CodeIgniter\Autoloader\Autoloader->loadClass('App\\Controllers\\AdminDashboard')
 4 SYSTEMPATH\CodeIgniter.php(900): class_exists('\\App\\Controllers\\AdminDashboard', true)
 5 SYSTEMPATH\CodeIgniter.php(489): CodeIgniter\CodeIgniter->startController()
 6 SYSTEMPATH\CodeIgniter.php(361): CodeIgniter\CodeIgniter->handleRequest(null, Object(Config\Cache), false)
 7 FCPATH\index.php(80): CodeIgniter\CodeIgniter->run()
CRITICAL - 2023-12-05 04:09:19 --> syntax error, unexpected token "echo"
in APPPATH\Controllers\AdminDashboard.php on line 128.
 1 SYSTEMPATH\Autoloader\Autoloader.php(291): CodeIgniter\Autoloader\Autoloader->includeFile('C:\\xampp\\htdocs\\flynx_loans\\app\\Controllers\\AdminDashboard.php')
 2 SYSTEMPATH\Autoloader\Autoloader.php(269): CodeIgniter\Autoloader\Autoloader->loadInNamespace('App\\Controllers\\AdminDashboard')
 3 [internal function]: CodeIgniter\Autoloader\Autoloader->loadClass('App\\Controllers\\AdminDashboard')
 4 SYSTEMPATH\CodeIgniter.php(900): class_exists('\\App\\Controllers\\AdminDashboard', true)
 5 SYSTEMPATH\CodeIgniter.php(489): CodeIgniter\CodeIgniter->startController()
 6 SYSTEMPATH\CodeIgniter.php(361): CodeIgniter\CodeIgniter->handleRequest(null, Object(Config\Cache), false)
 7 FCPATH\index.php(80): CodeIgniter\CodeIgniter->run()
CRITICAL - 2023-12-05 04:10:51 --> Undefined variable $val
in APPPATH\Controllers\AdminDashboard.php on line 131.
 1 APPPATH\Controllers\AdminDashboard.php(131): CodeIgniter\Debug\Exceptions->errorHandler(2, 'Undefined variable $val', 'C:\\xampp\\htdocs\\flynx_loans\\app\\Controllers\\AdminDashboard.php', 131)
 2 SYSTEMPATH\CodeIgniter.php(942): App\Controllers\AdminDashboard->getLoanAnalysis()
 3 SYSTEMPATH\CodeIgniter.php(502): CodeIgniter\CodeIgniter->runController(Object(App\Controllers\AdminDashboard))
 4 SYSTEMPATH\CodeIgniter.php(361): CodeIgniter\CodeIgniter->handleRequest(null, Object(Config\Cache), false)
 5 FCPATH\index.php(80): CodeIgniter\CodeIgniter->run()
CRITICAL - 2023-12-05 04:11:34 --> Undefined property: stdClass::$ritik
in APPPATH\Controllers\AdminDashboard.php on line 131.
 1 APPPATH\Controllers\AdminDashboard.php(131): CodeIgniter\Debug\Exceptions->errorHandler(2, 'Undefined property: stdClass::$ritik', 'C:\\xampp\\htdocs\\flynx_loans\\app\\Controllers\\AdminDashboard.php', 131)
 2 SYSTEMPATH\CodeIgniter.php(942): App\Controllers\AdminDashboard->getLoanAnalysis()
 3 SYSTEMPATH\CodeIgniter.php(502): CodeIgniter\CodeIgniter->runController(Object(App\Controllers\AdminDashboard))
 4 SYSTEMPATH\CodeIgniter.php(361): CodeIgniter\CodeIgniter->handleRequest(null, Object(Config\Cache), false)
 5 FCPATH\index.php(80): CodeIgniter\CodeIgniter->run()
CRITICAL - 2023-12-05 04:12:14 --> Undefined property: stdClass::$ritik
in APPPATH\Controllers\AdminDashboard.php on line 131.
 1 APPPATH\Controllers\AdminDashboard.php(131): CodeIgniter\Debug\Exceptions->errorHandler(2, 'Undefined property: stdClass::$ritik', 'C:\\xampp\\htdocs\\flynx_loans\\app\\Controllers\\AdminDashboard.php', 131)
 2 SYSTEMPATH\CodeIgniter.php(942): App\Controllers\AdminDashboard->getLoanAnalysis()
 3 SYSTEMPATH\CodeIgniter.php(502): CodeIgniter\CodeIgniter->runController(Object(App\Controllers\AdminDashboard))
 4 SYSTEMPATH\CodeIgniter.php(361): CodeIgniter\CodeIgniter->handleRequest(null, Object(Config\Cache), false)
 5 FCPATH\index.php(80): CodeIgniter\CodeIgniter->run()
ERROR - 2023-12-05 04:15:01 --> mysqli_sql_exception: You have an error in your SQL syntax; check the manual that corresponds to your MariaDB server version for the right syntax to use near '*
FROM `opportunity` `o`
WHERE `opp_id` = '9'' at line 1 in C:\xampp\htdocs\flynx_loans\system\Database\MySQLi\Connection.php:306
Stack trace:
#0 C:\xampp\htdocs\flynx_loans\system\Database\MySQLi\Connection.php(306): mysqli->query('SELECT `Opportu...', 0)
#1 C:\xampp\htdocs\flynx_loans\system\Database\BaseConnection.php(693): CodeIgniter\Database\MySQLi\Connection->execute('SELECT `Opportu...')
#2 C:\xampp\htdocs\flynx_loans\system\Database\BaseConnection.php(607): CodeIgniter\Database\BaseConnection->simpleQuery('SELECT `Opportu...')
#3 C:\xampp\htdocs\flynx_loans\system\Database\BaseBuilder.php(1615): CodeIgniter\Database\BaseConnection->query('SELECT `Opportu...', Array, false)
#4 C:\xampp\htdocs\flynx_loans\app\Models\Loan_model.php(217): CodeIgniter\Database\BaseBuilder->get()
#5 C:\xampp\htdocs\flynx_loans\app\Controllers\AdminDashboard.php(51): App\Models\Loan_model->get_opportunity_by_id('9', Array)
#6 C:\xampp\htdocs\flynx_loans\system\CodeIgniter.php(942): App\Controllers\AdminDashboard->getLoanAnalysis()
#7 C:\xampp\htdocs\flynx_loans\system\CodeIgniter.php(502): CodeIgniter\CodeIgniter->runController(Object(App\Controllers\AdminDashboard))
#8 C:\xampp\htdocs\flynx_loans\system\CodeIgniter.php(361): CodeIgniter\CodeIgniter->handleRequest(NULL, Object(Config\Cache), false)
#9 C:\xampp\htdocs\flynx_loans\index.php(80): CodeIgniter\CodeIgniter->run()
#10 {main}
CRITICAL - 2023-12-05 04:15:01 --> You have an error in your SQL syntax; check the manual that corresponds to your MariaDB server version for the right syntax to use near '*
FROM `opportunity` `o`
WHERE `opp_id` = '9'' at line 1
in SYSTEMPATH\Database\BaseConnection.php on line 647.
 1 SYSTEMPATH\Database\BaseBuilder.php(1615): CodeIgniter\Database\BaseConnection->query('SELECT `Opportunity_id` as `id`, *
FROM `opportunity` `o`
WHERE `opp_id` = :opp_id:', [...], false)
 2 APPPATH\Models\Loan_model.php(217): CodeIgniter\Database\BaseBuilder->get()
 3 APPPATH\Controllers\AdminDashboard.php(51): App\Models\Loan_model->get_opportunity_by_id('9', [...])
 4 SYSTEMPATH\CodeIgniter.php(942): App\Controllers\AdminDashboard->getLoanAnalysis()
 5 SYSTEMPATH\CodeIgniter.php(502): CodeIgniter\CodeIgniter->runController(Object(App\Controllers\AdminDashboard))
 6 SYSTEMPATH\CodeIgniter.php(361): CodeIgniter\CodeIgniter->handleRequest(null, Object(Config\Cache), false)
 7 FCPATH\index.php(80): CodeIgniter\CodeIgniter->run()
CRITICAL - 2023-12-05 04:18:07 --> Undefined variable $tags
in APPPATH\Controllers\AdminDashboard.php on line 53.
 1 APPPATH\Controllers\AdminDashboard.php(53): CodeIgniter\Debug\Exceptions->errorHandler(2, 'Undefined variable $tags', 'C:\\xampp\\htdocs\\flynx_loans\\app\\Controllers\\AdminDashboard.php', 53)
 2 SYSTEMPATH\CodeIgniter.php(942): App\Controllers\AdminDashboard->getLoanAnalysis()
 3 SYSTEMPATH\CodeIgniter.php(502): CodeIgniter\CodeIgniter->runController(Object(App\Controllers\AdminDashboard))
 4 SYSTEMPATH\CodeIgniter.php(361): CodeIgniter\CodeIgniter->handleRequest(null, Object(Config\Cache), false)
 5 FCPATH\index.php(80): CodeIgniter\CodeIgniter->run()
CRITICAL - 2023-12-05 04:19:49 --> Cannot use object of type stdClass as array
in APPPATH\Controllers\AdminDashboard.php on line 57.
 1 SYSTEMPATH\CodeIgniter.php(942): App\Controllers\AdminDashboard->getLoanAnalysis()
 2 SYSTEMPATH\CodeIgniter.php(502): CodeIgniter\CodeIgniter->runController(Object(App\Controllers\AdminDashboard))
 3 SYSTEMPATH\CodeIgniter.php(361): CodeIgniter\CodeIgniter->handleRequest(null, Object(Config\Cache), false)
 4 FCPATH\index.php(80): CodeIgniter\CodeIgniter->run()
CRITICAL - 2023-12-05 04:41:51 --> Maximum execution time of 120 seconds exceeded
in APPPATH\Controllers\AdminDashboard.php on line 53.
 1 [internal function]: CodeIgniter\Debug\Exceptions->shutdownHandler()
CRITICAL - 2023-12-05 04:43:09 --> Maximum execution time of 120 seconds exceeded
in APPPATH\Controllers\AdminDashboard.php on line 58.
 1 [internal function]: CodeIgniter\Debug\Exceptions->shutdownHandler()
CRITICAL - 2023-12-05 04:44:38 --> Maximum execution time of 120 seconds exceeded
in APPPATH\Controllers\AdminDashboard.php on line 58.
 1 [internal function]: CodeIgniter\Debug\Exceptions->shutdownHandler()
CRITICAL - 2023-12-05 04:45:06 --> Maximum execution time of 120 seconds exceeded
in APPPATH\Controllers\AdminDashboard.php on line 61.
 1 [internal function]: CodeIgniter\Debug\Exceptions->shutdownHandler()
CRITICAL - 2023-12-05 04:47:18 --> Maximum execution time of 120 seconds exceeded
in APPPATH\Controllers\AdminDashboard.php on line 53.
 1 [internal function]: CodeIgniter\Debug\Exceptions->shutdownHandler()
CRITICAL - 2023-12-05 04:47:29 --> Maximum execution time of 120 seconds exceeded
in APPPATH\Controllers\AdminDashboard.php on line 53.
 1 [internal function]: CodeIgniter\Debug\Exceptions->shutdownHandler()
CRITICAL - 2023-12-05 04:51:02 --> Maximum execution time of 120 seconds exceeded
in APPPATH\Controllers\AdminDashboard.php on line 53.
 1 [internal function]: CodeIgniter\Debug\Exceptions->shutdownHandler()
CRITICAL - 2023-12-05 05:14:20 --> Object of class stdClass could not be converted to string
in APPPATH\Controllers\AdminDashboard.php on line 64.
 1 APPPATH\Controllers\AdminDashboard.php(64): strval(Object(stdClass))
 2 SYSTEMPATH\CodeIgniter.php(942): App\Controllers\AdminDashboard->getLoanAnalysis()
 3 SYSTEMPATH\CodeIgniter.php(502): CodeIgniter\CodeIgniter->runController(Object(App\Controllers\AdminDashboard))
 4 SYSTEMPATH\CodeIgniter.php(361): CodeIgniter\CodeIgniter->handleRequest(null, Object(Config\Cache), false)
 5 FCPATH\index.php(80): CodeIgniter\CodeIgniter->run()
CRITICAL - 2023-12-05 05:16:58 --> Maximum execution time of 120 seconds exceeded
in APPPATH\Controllers\AdminDashboard.php on line 60.
 1 [internal function]: CodeIgniter\Debug\Exceptions->shutdownHandler()
CRITICAL - 2023-12-05 05:17:11 --> Maximum execution time of 120 seconds exceeded
in APPPATH\Controllers\AdminDashboard.php on line 60.
 1 [internal function]: CodeIgniter\Debug\Exceptions->shutdownHandler()
CRITICAL - 2023-12-05 05:19:34 --> Maximum execution time of 120 seconds exceeded
in APPPATH\Controllers\AdminDashboard.php on line 60.
 1 [internal function]: CodeIgniter\Debug\Exceptions->shutdownHandler()
CRITICAL - 2023-12-05 05:21:57 --> syntax error, unexpected token "echo"
in APPPATH\Controllers\AdminDashboard.php on line 65.
 1 SYSTEMPATH\Autoloader\Autoloader.php(291): CodeIgniter\Autoloader\Autoloader->includeFile('C:\\xampp\\htdocs\\flynx_loans\\app\\Controllers\\AdminDashboard.php')
 2 SYSTEMPATH\Autoloader\Autoloader.php(269): CodeIgniter\Autoloader\Autoloader->loadInNamespace('App\\Controllers\\AdminDashboard')
 3 [internal function]: CodeIgniter\Autoloader\Autoloader->loadClass('App\\Controllers\\AdminDashboard')
 4 SYSTEMPATH\CodeIgniter.php(900): class_exists('\\App\\Controllers\\AdminDashboard', true)
 5 SYSTEMPATH\CodeIgniter.php(489): CodeIgniter\CodeIgniter->startController()
 6 SYSTEMPATH\CodeIgniter.php(361): CodeIgniter\CodeIgniter->handleRequest(null, Object(Config\Cache), false)
 7 FCPATH\index.php(80): CodeIgniter\CodeIgniter->run()
CRITICAL - 2023-12-05 05:22:21 --> syntax error, unexpected token ";"
in APPPATH\Controllers\AdminDashboard.php on line 67.
 1 SYSTEMPATH\Autoloader\Autoloader.php(291): CodeIgniter\Autoloader\Autoloader->includeFile('C:\\xampp\\htdocs\\flynx_loans\\app\\Controllers\\AdminDashboard.php')
 2 SYSTEMPATH\Autoloader\Autoloader.php(269): CodeIgniter\Autoloader\Autoloader->loadInNamespace('App\\Controllers\\AdminDashboard')
 3 [internal function]: CodeIgniter\Autoloader\Autoloader->loadClass('App\\Controllers\\AdminDashboard')
 4 SYSTEMPATH\CodeIgniter.php(900): class_exists('\\App\\Controllers\\AdminDashboard', true)
 5 SYSTEMPATH\CodeIgniter.php(489): CodeIgniter\CodeIgniter->startController()
 6 SYSTEMPATH\CodeIgniter.php(361): CodeIgniter\CodeIgniter->handleRequest(null, Object(Config\Cache), false)
 7 FCPATH\index.php(80): CodeIgniter\CodeIgniter->run()
CRITICAL - 2023-12-05 05:24:37 --> Call to undefined function App\Controllers\convertObjectToStrings()
in APPPATH\Controllers\AdminDashboard.php on line 87.
 1 SYSTEMPATH\CodeIgniter.php(942): App\Controllers\AdminDashboard->getLoanAnalysis()
 2 SYSTEMPATH\CodeIgniter.php(502): CodeIgniter\CodeIgniter->runController(Object(App\Controllers\AdminDashboard))
 3 SYSTEMPATH\CodeIgniter.php(361): CodeIgniter\CodeIgniter->handleRequest(null, Object(Config\Cache), false)
 4 FCPATH\index.php(80): CodeIgniter\CodeIgniter->run()
CRITICAL - 2023-12-05 05:24:42 --> Maximum execution time of 120 seconds exceeded
in APPPATH\Controllers\AdminDashboard.php on line 60.
 1 [internal function]: CodeIgniter\Debug\Exceptions->shutdownHandler()
CRITICAL - 2023-12-05 05:24:55 --> Call to undefined function App\Controllers\convertObjectToStrings()
in APPPATH\Controllers\AdminDashboard.php on line 49.
 1 APPPATH\Controllers\AdminDashboard.php(87): App\Controllers\AdminDashboard->convertObjectToStrings(Object(stdClass))
 2 SYSTEMPATH\CodeIgniter.php(942): App\Controllers\AdminDashboard->getLoanAnalysis()
 3 SYSTEMPATH\CodeIgniter.php(502): CodeIgniter\CodeIgniter->runController(Object(App\Controllers\AdminDashboard))
 4 SYSTEMPATH\CodeIgniter.php(361): CodeIgniter\CodeIgniter->handleRequest(null, Object(Config\Cache), false)
 5 FCPATH\index.php(80): CodeIgniter\CodeIgniter->run()
CRITICAL - 2023-12-05 05:24:59 --> Call to undefined function App\Controllers\convertObjectToStrings()
in APPPATH\Controllers\AdminDashboard.php on line 49.
 1 APPPATH\Controllers\AdminDashboard.php(87): App\Controllers\AdminDashboard->convertObjectToStrings(Object(stdClass))
 2 SYSTEMPATH\CodeIgniter.php(942): App\Controllers\AdminDashboard->getLoanAnalysis()
 3 SYSTEMPATH\CodeIgniter.php(502): CodeIgniter\CodeIgniter->runController(Object(App\Controllers\AdminDashboard))
 4 SYSTEMPATH\CodeIgniter.php(361): CodeIgniter\CodeIgniter->handleRequest(null, Object(Config\Cache), false)
 5 FCPATH\index.php(80): CodeIgniter\CodeIgniter->run()
CRITICAL - 2023-12-05 05:31:01 --> Undefined constant "App\Controllers\JSON_INT_AS_STRING"
in APPPATH\Controllers\AdminDashboard.php on line 84.
 1 SYSTEMPATH\CodeIgniter.php(942): App\Controllers\AdminDashboard->getLoanAnalysis()
 2 SYSTEMPATH\CodeIgniter.php(502): CodeIgniter\CodeIgniter->runController(Object(App\Controllers\AdminDashboard))
 3 SYSTEMPATH\CodeIgniter.php(361): CodeIgniter\CodeIgniter->handleRequest(null, Object(Config\Cache), false)
 4 FCPATH\index.php(80): CodeIgniter\CodeIgniter->run()
CRITICAL - 2023-12-05 05:31:14 --> Undefined constant "App\Controllers\INT_AS_STRING"
in APPPATH\Controllers\AdminDashboard.php on line 84.
 1 SYSTEMPATH\CodeIgniter.php(942): App\Controllers\AdminDashboard->getLoanAnalysis()
 2 SYSTEMPATH\CodeIgniter.php(502): CodeIgniter\CodeIgniter->runController(Object(App\Controllers\AdminDashboard))
 3 SYSTEMPATH\CodeIgniter.php(361): CodeIgniter\CodeIgniter->handleRequest(null, Object(Config\Cache), false)
 4 FCPATH\index.php(80): CodeIgniter\CodeIgniter->run()
CRITICAL - 2023-12-05 05:38:58 --> Unclosed '{' on line 103 does not match ')'
in APPPATH\Controllers\AdminDashboard.php on line 104.
 1 SYSTEMPATH\Autoloader\Autoloader.php(291): CodeIgniter\Autoloader\Autoloader->includeFile('C:\\xampp\\htdocs\\flynx_loans\\app\\Controllers\\AdminDashboard.php')
 2 SYSTEMPATH\Autoloader\Autoloader.php(269): CodeIgniter\Autoloader\Autoloader->loadInNamespace('App\\Controllers\\AdminDashboard')
 3 [internal function]: CodeIgniter\Autoloader\Autoloader->loadClass('App\\Controllers\\AdminDashboard')
 4 SYSTEMPATH\CodeIgniter.php(900): class_exists('\\App\\Controllers\\AdminDashboard', true)
 5 SYSTEMPATH\CodeIgniter.php(489): CodeIgniter\CodeIgniter->startController()
 6 SYSTEMPATH\CodeIgniter.php(361): CodeIgniter\CodeIgniter->handleRequest(null, Object(Config\Cache), false)
 7 FCPATH\index.php(80): CodeIgniter\CodeIgniter->run()
CRITICAL - 2023-12-05 05:43:01 --> Attempt to read property "user_detail" on array
in APPPATH\Views\admin\opportunityDetail.php on line 59.
 1 APPPATH\Views\admin\opportunityDetail.php(59): CodeIgniter\Debug\Exceptions->errorHandler(2, 'Attempt to read property "user_detail" on array', 'C:\\xampp\\htdocs\\flynx_loans\\app\\Views\\admin\\opportunityDetail.php', 59)
 2 SYSTEMPATH\View\View.php(228): include('C:\\xampp\\htdocs\\flynx_loans\\app\\Views\\admin\\opportunityDetail.php')
 3 SYSTEMPATH\View\View.php(231): CodeIgniter\View\View->CodeIgniter\View\{closure}()
 4 SYSTEMPATH\Common.php(1190): CodeIgniter\View\View->render('admin/opportunityDetail', [], true)
 5 APPPATH\Controllers\AdminDashboard.php(43): view('admin/opportunityDetail', [...])
 6 SYSTEMPATH\CodeIgniter.php(942): App\Controllers\AdminDashboard->opportunityDetail()
 7 SYSTEMPATH\CodeIgniter.php(502): CodeIgniter\CodeIgniter->runController(Object(App\Controllers\AdminDashboard))
 8 SYSTEMPATH\CodeIgniter.php(361): CodeIgniter\CodeIgniter->handleRequest(null, Object(Config\Cache), false)
 9 FCPATH\index.php(80): CodeIgniter\CodeIgniter->run()
CRITICAL - 2023-12-05 05:55:17 --> Attempt to read property "user_detail" on array
in APPPATH\Views\admin\opportunityDetail.php on line 59.
 1 APPPATH\Views\admin\opportunityDetail.php(59): CodeIgniter\Debug\Exceptions->errorHandler(2, 'Attempt to read property "user_detail" on array', 'C:\\xampp\\htdocs\\flynx_loans\\app\\Views\\admin\\opportunityDetail.php', 59)
 2 SYSTEMPATH\View\View.php(228): include('C:\\xampp\\htdocs\\flynx_loans\\app\\Views\\admin\\opportunityDetail.php')
 3 SYSTEMPATH\View\View.php(231): CodeIgniter\View\View->CodeIgniter\View\{closure}()
 4 SYSTEMPATH\Common.php(1190): CodeIgniter\View\View->render('admin/opportunityDetail', [], true)
 5 APPPATH\Controllers\AdminDashboard.php(43): view('admin/opportunityDetail', [...])
 6 SYSTEMPATH\CodeIgniter.php(942): App\Controllers\AdminDashboard->opportunityDetail()
 7 SYSTEMPATH\CodeIgniter.php(502): CodeIgniter\CodeIgniter->runController(Object(App\Controllers\AdminDashboard))
 8 SYSTEMPATH\CodeIgniter.php(361): CodeIgniter\CodeIgniter->handleRequest(null, Object(Config\Cache), false)
 9 FCPATH\index.php(80): CodeIgniter\CodeIgniter->run()
CRITICAL - 2023-12-05 13:39:43 --> Call to undefined function App\Controllers\convertObjectToStrings()
in APPPATH\Controllers\AdminDashboard.php on line 64.
 1 SYSTEMPATH\CodeIgniter.php(942): App\Controllers\AdminDashboard->getLoanAnalysis()
 2 SYSTEMPATH\CodeIgniter.php(502): CodeIgniter\CodeIgniter->runController(Object(App\Controllers\AdminDashboard))
 3 SYSTEMPATH\CodeIgniter.php(361): CodeIgniter\CodeIgniter->handleRequest(null, Object(Config\Cache), false)
 4 FCPATH\index.php(80): CodeIgniter\CodeIgniter->run()
CRITICAL - 2023-12-05 13:42:22 --> Undefined property: stdClass::$Opportunity_origin_company
in APPPATH\Models\Loan_model.php on line 47.
 1 APPPATH\Models\Loan_model.php(47): CodeIgniter\Debug\Exceptions->errorHandler(2, 'Undefined property: stdClass::$Opportunity_origin_company', 'C:\\xampp\\htdocs\\flynx_loans\\app\\Models\\Loan_model.php', 47)
 2 APPPATH\Models\Dashboard_model.php(33): App\Models\Loan_model->get_all_loan_detail([...])
 3 APPPATH\Controllers\AdminDashboard.php(26): App\Models\Dashboard_model->show_dashboard_opportunity()
 4 SYSTEMPATH\CodeIgniter.php(942): App\Controllers\AdminDashboard->get_all_loans_opportunity()
 5 SYSTEMPATH\CodeIgniter.php(502): CodeIgniter\CodeIgniter->runController(Object(App\Controllers\AdminDashboard))
 6 SYSTEMPATH\CodeIgniter.php(361): CodeIgniter\CodeIgniter->handleRequest(null, Object(Config\Cache), false)
 7 FCPATH\index.php(80): CodeIgniter\CodeIgniter->run()
CRITICAL - 2023-12-05 13:42:50 --> Undefined property: stdClass::$Opportunity_origin_company
in APPPATH\Models\Loan_model.php on line 47.
 1 APPPATH\Models\Loan_model.php(47): CodeIgniter\Debug\Exceptions->errorHandler(2, 'Undefined property: stdClass::$Opportunity_origin_company', 'C:\\xampp\\htdocs\\flynx_loans\\app\\Models\\Loan_model.php', 47)
 2 APPPATH\Models\Dashboard_model.php(33): App\Models\Loan_model->get_all_loan_detail([...])
 3 APPPATH\Controllers\AdminDashboard.php(26): App\Models\Dashboard_model->show_dashboard_opportunity()
 4 SYSTEMPATH\CodeIgniter.php(942): App\Controllers\AdminDashboard->get_all_loans_opportunity()
 5 SYSTEMPATH\CodeIgniter.php(502): CodeIgniter\CodeIgniter->runController(Object(App\Controllers\AdminDashboard))
 6 SYSTEMPATH\CodeIgniter.php(361): CodeIgniter\CodeIgniter->handleRequest(null, Object(Config\Cache), false)
 7 FCPATH\index.php(80): CodeIgniter\CodeIgniter->run()
CRITICAL - 2023-12-05 13:43:34 --> Undefined property: stdClass::$Opportunity_origin_company
in APPPATH\Models\Loan_model.php on line 47.
 1 APPPATH\Models\Loan_model.php(47): CodeIgniter\Debug\Exceptions->errorHandler(2, 'Undefined property: stdClass::$Opportunity_origin_company', 'C:\\xampp\\htdocs\\flynx_loans\\app\\Models\\Loan_model.php', 47)
 2 APPPATH\Models\Dashboard_model.php(33): App\Models\Loan_model->get_all_loan_detail([...])
 3 APPPATH\Controllers\AdminDashboard.php(26): App\Models\Dashboard_model->show_dashboard_opportunity()
 4 SYSTEMPATH\CodeIgniter.php(942): App\Controllers\AdminDashboard->get_all_loans_opportunity()
 5 SYSTEMPATH\CodeIgniter.php(502): CodeIgniter\CodeIgniter->runController(Object(App\Controllers\AdminDashboard))
 6 SYSTEMPATH\CodeIgniter.php(361): CodeIgniter\CodeIgniter->handleRequest(null, Object(Config\Cache), false)
 7 FCPATH\index.php(80): CodeIgniter\CodeIgniter->run()
CRITICAL - 2023-12-05 13:58:45 --> Undefined variable $field
in APPPATH\Models\Loan_model.php on line 43.
 1 APPPATH\Models\Loan_model.php(43): CodeIgniter\Debug\Exceptions->errorHandler(2, 'Undefined variable $field', 'C:\\xampp\\htdocs\\flynx_loans\\app\\Models\\Loan_model.php', 43)
 2 APPPATH\Models\Dashboard_model.php(33): App\Models\Loan_model->get_all_loan_detail([...])
 3 APPPATH\Controllers\AdminDashboard.php(26): App\Models\Dashboard_model->show_dashboard_opportunity()
 4 SYSTEMPATH\CodeIgniter.php(942): App\Controllers\AdminDashboard->get_all_loans_opportunity()
 5 SYSTEMPATH\CodeIgniter.php(502): CodeIgniter\CodeIgniter->runController(Object(App\Controllers\AdminDashboard))
 6 SYSTEMPATH\CodeIgniter.php(361): CodeIgniter\CodeIgniter->handleRequest(null, Object(Config\Cache), false)
 7 FCPATH\index.php(80): CodeIgniter\CodeIgniter->run()
CRITICAL - 2023-12-05 14:09:31 --> Undefined array key "LoanId"
in APPPATH\Controllers\AdminDashboard.php on line 38.
 1 APPPATH\Controllers\AdminDashboard.php(38): CodeIgniter\Debug\Exceptions->errorHandler(2, 'Undefined array key "LoanId"', 'C:\\xampp\\htdocs\\flynx_loans\\app\\Controllers\\AdminDashboard.php', 38)
 2 SYSTEMPATH\CodeIgniter.php(942): App\Controllers\AdminDashboard->opportunityDetail()
 3 SYSTEMPATH\CodeIgniter.php(502): CodeIgniter\CodeIgniter->runController(Object(App\Controllers\AdminDashboard))
 4 SYSTEMPATH\CodeIgniter.php(361): CodeIgniter\CodeIgniter->handleRequest(null, Object(Config\Cache), false)
 5 FCPATH\index.php(80): CodeIgniter\CodeIgniter->run()
CRITICAL - 2023-12-05 14:09:54 --> Call to undefined function App\Controllers\convertObjectToStrings()
in APPPATH\Controllers\AdminDashboard.php on line 63.
 1 SYSTEMPATH\CodeIgniter.php(942): App\Controllers\AdminDashboard->getLoanAnalysis()
 2 SYSTEMPATH\CodeIgniter.php(502): CodeIgniter\CodeIgniter->runController(Object(App\Controllers\AdminDashboard))
 3 SYSTEMPATH\CodeIgniter.php(361): CodeIgniter\CodeIgniter->handleRequest(null, Object(Config\Cache), false)
 4 FCPATH\index.php(80): CodeIgniter\CodeIgniter->run()
CRITICAL - 2023-12-05 14:10:04 --> Call to undefined function App\Controllers\convertObjectToStrings()
in APPPATH\Controllers\AdminDashboard.php on line 63.
 1 SYSTEMPATH\CodeIgniter.php(942): App\Controllers\AdminDashboard->getLoanAnalysis()
 2 SYSTEMPATH\CodeIgniter.php(502): CodeIgniter\CodeIgniter->runController(Object(App\Controllers\AdminDashboard))
 3 SYSTEMPATH\CodeIgniter.php(361): CodeIgniter\CodeIgniter->handleRequest(null, Object(Config\Cache), false)
 4 FCPATH\index.php(80): CodeIgniter\CodeIgniter->run()
CRITICAL - 2023-12-05 14:10:06 --> Call to undefined function App\Controllers\convertObjectToStrings()
in APPPATH\Controllers\AdminDashboard.php on line 63.
 1 SYSTEMPATH\CodeIgniter.php(942): App\Controllers\AdminDashboard->getLoanAnalysis()
 2 SYSTEMPATH\CodeIgniter.php(502): CodeIgniter\CodeIgniter->runController(Object(App\Controllers\AdminDashboard))
 3 SYSTEMPATH\CodeIgniter.php(361): CodeIgniter\CodeIgniter->handleRequest(null, Object(Config\Cache), false)
 4 FCPATH\index.php(80): CodeIgniter\CodeIgniter->run()
CRITICAL - 2023-12-05 14:10:33 --> Call to undefined function App\Controllers\convertObjectToStrings()
in APPPATH\Controllers\AdminDashboard.php on line 63.
 1 SYSTEMPATH\CodeIgniter.php(942): App\Controllers\AdminDashboard->getLoanAnalysis()
 2 SYSTEMPATH\CodeIgniter.php(502): CodeIgniter\CodeIgniter->runController(Object(App\Controllers\AdminDashboard))
 3 SYSTEMPATH\CodeIgniter.php(361): CodeIgniter\CodeIgniter->handleRequest(null, Object(Config\Cache), false)
 4 FCPATH\index.php(80): CodeIgniter\CodeIgniter->run()
CRITICAL - 2023-12-05 14:57:24 --> Undefined property: stdClass::$id
in APPPATH\Models\Auth_model.php on line 111.
 1 APPPATH\Models\Auth_model.php(111): CodeIgniter\Debug\Exceptions->errorHandler(2, 'Undefined property: stdClass::$id', 'C:\\xampp\\htdocs\\flynx_loans\\app\\Models\\Auth_model.php', 111)
 2 APPPATH\Controllers\User.php(42): App\Models\Auth_model->login('adminuser@yopmail.com', false, 99)
 3 SYSTEMPATH\CodeIgniter.php(942): App\Controllers\User->make_login()
 4 SYSTEMPATH\CodeIgniter.php(502): CodeIgniter\CodeIgniter->runController(Object(App\Controllers\User))
 5 SYSTEMPATH\CodeIgniter.php(361): CodeIgniter\CodeIgniter->handleRequest(null, Object(Config\Cache), false)
 6 FCPATH\index.php(80): CodeIgniter\CodeIgniter->run()
CRITICAL - 2023-12-05 14:58:17 --> Undefined variable $title
in APPPATH\Views\admin\admintemplate.php on line 6.
 1 APPPATH\Views\admin\admintemplate.php(6): CodeIgniter\Debug\Exceptions->errorHandler(2, 'Undefined variable $title', 'C:\\xampp\\htdocs\\flynx_loans\\app\\Views\\admin\\admintemplate.php', 6)
 2 SYSTEMPATH\View\View.php(228): include('C:\\xampp\\htdocs\\flynx_loans\\app\\Views\\admin\\admintemplate.php')
 3 SYSTEMPATH\View\View.php(231): CodeIgniter\View\View->CodeIgniter\View\{closure}()
 4 SYSTEMPATH\View\View.php(244): CodeIgniter\View\View->render('admin/admintemplate', [], true)
 5 SYSTEMPATH\Common.php(1190): CodeIgniter\View\View->render('login', [], true)
 6 APPPATH\Controllers\User.php(49): view('login', [...])
 7 SYSTEMPATH\CodeIgniter.php(942): App\Controllers\User->make_login()
 8 SYSTEMPATH\CodeIgniter.php(502): CodeIgniter\CodeIgniter->runController(Object(App\Controllers\User))
 9 SYSTEMPATH\CodeIgniter.php(361): CodeIgniter\CodeIgniter->handleRequest(null, Object(Config\Cache), false)
10 FCPATH\index.php(80): CodeIgniter\CodeIgniter->run()
CRITICAL - 2023-12-05 15:01:30 --> Undefined variable $title
in APPPATH\Views\admin\admintemplate.php on line 6.
 1 APPPATH\Views\admin\admintemplate.php(6): CodeIgniter\Debug\Exceptions->errorHandler(2, 'Undefined variable $title', 'C:\\xampp\\htdocs\\flynx_loans\\app\\Views\\admin\\admintemplate.php', 6)
 2 SYSTEMPATH\View\View.php(228): include('C:\\xampp\\htdocs\\flynx_loans\\app\\Views\\admin\\admintemplate.php')
 3 SYSTEMPATH\View\View.php(231): CodeIgniter\View\View->CodeIgniter\View\{closure}()
 4 SYSTEMPATH\View\View.php(244): CodeIgniter\View\View->render('admin/admintemplate', [], true)
 5 SYSTEMPATH\Common.php(1190): CodeIgniter\View\View->render('login', [], true)
 6 APPPATH\Controllers\User.php(50): view('login', [...])
 7 SYSTEMPATH\CodeIgniter.php(942): App\Controllers\User->make_login()
 8 SYSTEMPATH\CodeIgniter.php(502): CodeIgniter\CodeIgniter->runController(Object(App\Controllers\User))
 9 SYSTEMPATH\CodeIgniter.php(361): CodeIgniter\CodeIgniter->handleRequest(null, Object(Config\Cache), false)
10 FCPATH\index.php(80): CodeIgniter\CodeIgniter->run()
CRITICAL - 2023-12-05 15:56:58 --> syntax error, unexpected token "}", expecting "," or ";"
in APPPATH\Views\admin\admintemplate.php on line 6.
 1 SYSTEMPATH\View\View.php(231): CodeIgniter\View\View->CodeIgniter\View\{closure}()
 2 SYSTEMPATH\View\View.php(244): CodeIgniter\View\View->render('admin/admintemplate', [], true)
 3 SYSTEMPATH\Common.php(1190): CodeIgniter\View\View->render('login', [], true)
 4 APPPATH\Controllers\User.php(47): view('login', [...])
 5 SYSTEMPATH\CodeIgniter.php(942): App\Controllers\User->login()
 6 SYSTEMPATH\CodeIgniter.php(502): CodeIgniter\CodeIgniter->runController(Object(App\Controllers\User))
 7 SYSTEMPATH\CodeIgniter.php(361): CodeIgniter\CodeIgniter->handleRequest(null, Object(Config\Cache), false)
 8 FCPATH\index.php(80): CodeIgniter\CodeIgniter->run()
CRITICAL - 2023-12-05 16:48:36 --> Attempt to read property "login_user_detail" on array
in APPPATH\Controllers\User.php on line 58.
 1 APPPATH\Controllers\User.php(58): CodeIgniter\Debug\Exceptions->errorHandler(2, 'Attempt to read property "login_user_detail" on array', 'C:\\xampp\\htdocs\\flynx_loans\\app\\Controllers\\User.php', 58)
 2 SYSTEMPATH\CodeIgniter.php(942): App\Controllers\User->profile()
 3 SYSTEMPATH\CodeIgniter.php(502): CodeIgniter\CodeIgniter->runController(Object(App\Controllers\User))
 4 SYSTEMPATH\CodeIgniter.php(361): CodeIgniter\CodeIgniter->handleRequest(null, Object(Config\Cache), false)
 5 FCPATH\index.php(80): CodeIgniter\CodeIgniter->run()
CRITICAL - 2023-12-05 16:51:20 --> syntax error, unexpected identifier "print_r"
in APPPATH\Controllers\User.php on line 60.
 1 SYSTEMPATH\Autoloader\Autoloader.php(291): CodeIgniter\Autoloader\Autoloader->includeFile('C:\\xampp\\htdocs\\flynx_loans\\app\\Controllers\\User.php')
 2 SYSTEMPATH\Autoloader\Autoloader.php(269): CodeIgniter\Autoloader\Autoloader->loadInNamespace('App\\Controllers\\User')
 3 [internal function]: CodeIgniter\Autoloader\Autoloader->loadClass('App\\Controllers\\User')
 4 SYSTEMPATH\CodeIgniter.php(900): class_exists('\\App\\Controllers\\User', true)
 5 SYSTEMPATH\CodeIgniter.php(489): CodeIgniter\CodeIgniter->startController()
 6 SYSTEMPATH\CodeIgniter.php(361): CodeIgniter\CodeIgniter->handleRequest(null, Object(Config\Cache), false)
 7 FCPATH\index.php(80): CodeIgniter\CodeIgniter->run()
CRITICAL - 2023-12-05 16:54:35 --> Undefined variable $user_detail
in APPPATH\Views\admin\profile.php on line 129.
 1 APPPATH\Views\admin\profile.php(129): CodeIgniter\Debug\Exceptions->errorHandler(2, 'Undefined variable $user_detail', 'C:\\xampp\\htdocs\\flynx_loans\\app\\Views\\admin\\profile.php', 129)
 2 SYSTEMPATH\View\View.php(228): include('C:\\xampp\\htdocs\\flynx_loans\\app\\Views\\admin\\profile.php')
 3 SYSTEMPATH\View\View.php(231): CodeIgniter\View\View->CodeIgniter\View\{closure}()
 4 SYSTEMPATH\Common.php(1190): CodeIgniter\View\View->render('admin/profile', [], true)
 5 APPPATH\Controllers\User.php(63): view('admin/profile', [...])
 6 SYSTEMPATH\CodeIgniter.php(942): App\Controllers\User->profile()
 7 SYSTEMPATH\CodeIgniter.php(502): CodeIgniter\CodeIgniter->runController(Object(App\Controllers\User))
 8 SYSTEMPATH\CodeIgniter.php(361): CodeIgniter\CodeIgniter->handleRequest(null, Object(Config\Cache), false)
 9 FCPATH\index.php(80): CodeIgniter\CodeIgniter->run()
ERROR - 2023-12-05 17:02:13 --> mysqli_sql_exception: Unknown column 'Date_of_birth as Date_of_birth profile_picture' in 'field list' in C:\xampp\htdocs\flynx_loans\system\Database\MySQLi\Connection.php:306
Stack trace:
#0 C:\xampp\htdocs\flynx_loans\system\Database\MySQLi\Connection.php(306): mysqli->query('SELECT `userID`...', 0)
#1 C:\xampp\htdocs\flynx_loans\system\Database\BaseConnection.php(693): CodeIgniter\Database\MySQLi\Connection->execute('SELECT `userID`...')
#2 C:\xampp\htdocs\flynx_loans\system\Database\BaseConnection.php(607): CodeIgniter\Database\BaseConnection->simpleQuery('SELECT `userID`...')
#3 C:\xampp\htdocs\flynx_loans\system\Database\BaseBuilder.php(1615): CodeIgniter\Database\BaseConnection->query('SELECT `userID`...', Array, false)
#4 C:\xampp\htdocs\flynx_loans\app\Models\User_model.php(73): CodeIgniter\Database\BaseBuilder->get()
#5 C:\xampp\htdocs\flynx_loans\app\Controllers\User.php(58): App\Models\User_model->get_user_detail_by_id('2', Array)
#6 C:\xampp\htdocs\flynx_loans\system\CodeIgniter.php(942): App\Controllers\User->profile()
#7 C:\xampp\htdocs\flynx_loans\system\CodeIgniter.php(502): CodeIgniter\CodeIgniter->runController(Object(App\Controllers\User))
#8 C:\xampp\htdocs\flynx_loans\system\CodeIgniter.php(361): CodeIgniter\CodeIgniter->handleRequest(NULL, Object(Config\Cache), false)
#9 C:\xampp\htdocs\flynx_loans\index.php(80): CodeIgniter\CodeIgniter->run()
#10 {main}
CRITICAL - 2023-12-05 17:02:13 --> Unknown column 'Date_of_birth as Date_of_birth profile_picture' in 'field list'
in SYSTEMPATH\Database\BaseConnection.php on line 647.
 1 SYSTEMPATH\Database\BaseBuilder.php(1615): CodeIgniter\Database\BaseConnection->query('SELECT `userID`, `username` as `username`, `first_name`, `last_name`, `email` as `email`, `is_active` as `is_active`, `is_authorized`, `user_type`, `Date_of_birth as Date_of_birth profile_picture` as `profile_picture`, `login_attempts`, `updated_on` as `Updated_on`
FROM `users` `u`
WHERE `userID` = :userID:', [...], false)
 2 APPPATH\Models\User_model.php(73): CodeIgniter\Database\BaseBuilder->get()
 3 APPPATH\Controllers\User.php(58): App\Models\User_model->get_user_detail_by_id('2', [...])
 4 SYSTEMPATH\CodeIgniter.php(942): App\Controllers\User->profile()
 5 SYSTEMPATH\CodeIgniter.php(502): CodeIgniter\CodeIgniter->runController(Object(App\Controllers\User))
 6 SYSTEMPATH\CodeIgniter.php(361): CodeIgniter\CodeIgniter->handleRequest(null, Object(Config\Cache), false)
 7 FCPATH\index.php(80): CodeIgniter\CodeIgniter->run()
ERROR - 2023-12-05 17:03:38 --> mysqli_sql_exception: Unknown column 'Mobile_no as phone_number profile_picture' in 'field list' in C:\xampp\htdocs\flynx_loans\system\Database\MySQLi\Connection.php:306
Stack trace:
#0 C:\xampp\htdocs\flynx_loans\system\Database\MySQLi\Connection.php(306): mysqli->query('SELECT `userID`...', 0)
#1 C:\xampp\htdocs\flynx_loans\system\Database\BaseConnection.php(693): CodeIgniter\Database\MySQLi\Connection->execute('SELECT `userID`...')
#2 C:\xampp\htdocs\flynx_loans\system\Database\BaseConnection.php(607): CodeIgniter\Database\BaseConnection->simpleQuery('SELECT `userID`...')
#3 C:\xampp\htdocs\flynx_loans\system\Database\BaseBuilder.php(1615): CodeIgniter\Database\BaseConnection->query('SELECT `userID`...', Array, false)
#4 C:\xampp\htdocs\flynx_loans\app\Models\User_model.php(73): CodeIgniter\Database\BaseBuilder->get()
#5 C:\xampp\htdocs\flynx_loans\app\Controllers\User.php(58): App\Models\User_model->get_user_detail_by_id('2', Array)
#6 C:\xampp\htdocs\flynx_loans\system\CodeIgniter.php(942): App\Controllers\User->profile()
#7 C:\xampp\htdocs\flynx_loans\system\CodeIgniter.php(502): CodeIgniter\CodeIgniter->runController(Object(App\Controllers\User))
#8 C:\xampp\htdocs\flynx_loans\system\CodeIgniter.php(361): CodeIgniter\CodeIgniter->handleRequest(NULL, Object(Config\Cache), false)
#9 C:\xampp\htdocs\flynx_loans\index.php(80): CodeIgniter\CodeIgniter->run()
#10 {main}
CRITICAL - 2023-12-05 17:03:38 --> Unknown column 'Mobile_no as phone_number profile_picture' in 'field list'
in SYSTEMPATH\Database\BaseConnection.php on line 647.
 1 SYSTEMPATH\Database\BaseBuilder.php(1615): CodeIgniter\Database\BaseConnection->query('SELECT `userID`, `username` as `username`, `first_name`, `last_name`, `email` as `email`, `is_active` as `is_active`, `is_authorized`, `user_type`, `Date_of_birth` as `Date_of_birth`, `Mobile_no as phone_number profile_picture` as `profile_picture`, `login_attempts`, `updated_on` as `Updated_on`
FROM `users` `u`
WHERE `userID` = :userID:', [...], false)
 2 APPPATH\Models\User_model.php(73): CodeIgniter\Database\BaseBuilder->get()
 3 APPPATH\Controllers\User.php(58): App\Models\User_model->get_user_detail_by_id('2', [...])
 4 SYSTEMPATH\CodeIgniter.php(942): App\Controllers\User->profile()
 5 SYSTEMPATH\CodeIgniter.php(502): CodeIgniter\CodeIgniter->runController(Object(App\Controllers\User))
 6 SYSTEMPATH\CodeIgniter.php(361): CodeIgniter\CodeIgniter->handleRequest(null, Object(Config\Cache), false)
 7 FCPATH\index.php(80): CodeIgniter\CodeIgniter->run()
CRITICAL - 2023-12-05 17:03:56 --> Call to undefined function App\Models\convert_phone_number_formate()
in APPPATH\Models\User_model.php on line 90.
 1 APPPATH\Controllers\User.php(58): App\Models\User_model->get_user_detail_by_id('2', [...])
 2 SYSTEMPATH\CodeIgniter.php(942): App\Controllers\User->profile()
 3 SYSTEMPATH\CodeIgniter.php(502): CodeIgniter\CodeIgniter->runController(Object(App\Controllers\User))
 4 SYSTEMPATH\CodeIgniter.php(361): CodeIgniter\CodeIgniter->handleRequest(null, Object(Config\Cache), false)
 5 FCPATH\index.php(80): CodeIgniter\CodeIgniter->run()
CRITICAL - 2023-12-05 17:31:17 --> Attempt to read property "login_user_detail" on array
in APPPATH\Views\admin\profile.php on line 41.
 1 APPPATH\Views\admin\profile.php(41): CodeIgniter\Debug\Exceptions->errorHandler(2, 'Attempt to read property "login_user_detail" on array', 'C:\\xampp\\htdocs\\flynx_loans\\app\\Views\\admin\\profile.php', 41)
 2 SYSTEMPATH\View\View.php(228): include('C:\\xampp\\htdocs\\flynx_loans\\app\\Views\\admin\\profile.php')
 3 SYSTEMPATH\View\View.php(231): CodeIgniter\View\View->CodeIgniter\View\{closure}()
 4 SYSTEMPATH\Common.php(1190): CodeIgniter\View\View->render('admin/profile', [], true)
 5 APPPATH\Controllers\User.php(59): view('admin/profile', [...])
 6 SYSTEMPATH\CodeIgniter.php(942): App\Controllers\User->profile()
 7 SYSTEMPATH\CodeIgniter.php(502): CodeIgniter\CodeIgniter->runController(Object(App\Controllers\User))
 8 SYSTEMPATH\CodeIgniter.php(361): CodeIgniter\CodeIgniter->handleRequest(null, Object(Config\Cache), false)
 9 FCPATH\index.php(80): CodeIgniter\CodeIgniter->run()
CRITICAL - 2023-12-05 17:31:35 --> Attempt to read property "login_user_detail" on array
in APPPATH\Views\admin\profile.php on line 53.
 1 APPPATH\Views\admin\profile.php(53): CodeIgniter\Debug\Exceptions->errorHandler(2, 'Attempt to read property "login_user_detail" on array', 'C:\\xampp\\htdocs\\flynx_loans\\app\\Views\\admin\\profile.php', 53)
 2 SYSTEMPATH\View\View.php(228): include('C:\\xampp\\htdocs\\flynx_loans\\app\\Views\\admin\\profile.php')
 3 SYSTEMPATH\View\View.php(231): CodeIgniter\View\View->CodeIgniter\View\{closure}()
 4 SYSTEMPATH\Common.php(1190): CodeIgniter\View\View->render('admin/profile', [], true)
 5 APPPATH\Controllers\User.php(59): view('admin/profile', [...])
 6 SYSTEMPATH\CodeIgniter.php(942): App\Controllers\User->profile()
 7 SYSTEMPATH\CodeIgniter.php(502): CodeIgniter\CodeIgniter->runController(Object(App\Controllers\User))
 8 SYSTEMPATH\CodeIgniter.php(361): CodeIgniter\CodeIgniter->handleRequest(null, Object(Config\Cache), false)
 9 FCPATH\index.php(80): CodeIgniter\CodeIgniter->run()
CRITICAL - 2023-12-05 17:41:56 --> Cannot use isset() on the result of an expression (you can use "null !== expression" instead)
in APPPATH\Controllers\User.php on line 64.
 1 [internal function]: CodeIgniter\Debug\Exceptions->shutdownHandler()
CRITICAL - 2023-12-05 17:46:49 --> Undefined variable $data
in APPPATH\Views\admin\dashboard.php on line 40.
 1 APPPATH\Views\admin\dashboard.php(40): CodeIgniter\Debug\Exceptions->errorHandler(2, 'Undefined variable $data', 'C:\\xampp\\htdocs\\flynx_loans\\app\\Views\\admin\\dashboard.php', 40)
 2 SYSTEMPATH\View\View.php(228): include('C:\\xampp\\htdocs\\flynx_loans\\app\\Views\\admin\\dashboard.php')
 3 SYSTEMPATH\View\View.php(231): CodeIgniter\View\View->CodeIgniter\View\{closure}()
 4 SYSTEMPATH\Common.php(1190): CodeIgniter\View\View->render('admin/dashboard', [], true)
 5 APPPATH\Controllers\AdminDashboard.php(22): view('admin/dashboard', [...])
 6 SYSTEMPATH\CodeIgniter.php(942): App\Controllers\AdminDashboard->index()
 7 SYSTEMPATH\CodeIgniter.php(502): CodeIgniter\CodeIgniter->runController(Object(App\Controllers\AdminDashboard))
 8 SYSTEMPATH\CodeIgniter.php(361): CodeIgniter\CodeIgniter->handleRequest(null, Object(Config\Cache), false)
 9 FCPATH\index.php(80): CodeIgniter\CodeIgniter->run()
CRITICAL - 2023-12-05 17:56:55 --> Undefined variable $data
in APPPATH\Views\admin\opportunityDetail.php on line 44.
 1 APPPATH\Views\admin\opportunityDetail.php(44): CodeIgniter\Debug\Exceptions->errorHandler(2, 'Undefined variable $data', 'C:\\xampp\\htdocs\\flynx_loans\\app\\Views\\admin\\opportunityDetail.php', 44)
 2 SYSTEMPATH\View\View.php(228): include('C:\\xampp\\htdocs\\flynx_loans\\app\\Views\\admin\\opportunityDetail.php')
 3 SYSTEMPATH\View\View.php(231): CodeIgniter\View\View->CodeIgniter\View\{closure}()
 4 SYSTEMPATH\Common.php(1190): CodeIgniter\View\View->render('admin/opportunityDetail', [], true)
 5 APPPATH\Controllers\AdminDashboard.php(46): view('admin/opportunityDetail', [...])
 6 SYSTEMPATH\CodeIgniter.php(942): App\Controllers\AdminDashboard->opportunityDetail()
 7 SYSTEMPATH\CodeIgniter.php(502): CodeIgniter\CodeIgniter->runController(Object(App\Controllers\AdminDashboard))
 8 SYSTEMPATH\CodeIgniter.php(361): CodeIgniter\CodeIgniter->handleRequest(null, Object(Config\Cache), false)
 9 FCPATH\index.php(80): CodeIgniter\CodeIgniter->run()
