CRITICAL - 2023-12-04 04:00:15 --> Cannot use isset() on the result of an expression (you can use "null !== expression" instead)
in APPPATH\Models\Loan_model.php on line 241.
 1 [internal function]: CodeIgniter\Debug\Exceptions->shutdownHandler()
CRITICAL - 2023-12-04 04:00:16 --> Cannot use isset() on the result of an expression (you can use "null !== expression" instead)
in APPPATH\Models\Loan_model.php on line 241.
 1 [internal function]: CodeIgniter\Debug\Exceptions->shutdownHandler()
CRITICAL - 2023-12-04 04:02:11 --> Cannot use isset() on the result of an expression (you can use "null !== expression" instead)
in APPPATH\Models\Loan_model.php on line 241.
 1 [internal function]: CodeIgniter\Debug\Exceptions->shutdownHandler()
CRITICAL - 2023-12-04 04:03:42 --> Cannot use isset() on the result of an expression (you can use "null !== expression" instead)
in APPPATH\Models\Loan_model.php on line 241.
 1 [internal function]: CodeIgniter\Debug\Exceptions->shutdownHandler()
CRITICAL - 2023-12-04 04:04:54 --> Cannot use isset() on the result of an expression (you can use "null !== expression" instead)
in APPPATH\Models\Loan_model.php on line 241.
 1 [internal function]: CodeIgniter\Debug\Exceptions->shutdownHandler()
CRITICAL - 2023-12-04 04:04:58 --> Cannot use isset() on the result of an expression (you can use "null !== expression" instead)
in APPPATH\Models\Loan_model.php on line 241.
 1 [internal function]: CodeIgniter\Debug\Exceptions->shutdownHandler()
CRITICAL - 2023-12-04 04:05:08 --> Cannot use isset() on the result of an expression (you can use "null !== expression" instead)
in APPPATH\Models\Loan_model.php on line 241.
 1 [internal function]: CodeIgniter\Debug\Exceptions->shutdownHandler()
CRITICAL - 2023-12-04 04:06:36 --> Cannot use isset() on the result of an expression (you can use "null !== expression" instead)
in APPPATH\Models\Loan_model.php on line 278.
 1 [internal function]: CodeIgniter\Debug\Exceptions->shutdownHandler()
CRITICAL - 2023-12-04 04:12:14 --> Cannot use isset() on the result of an expression (you can use "null !== expression" instead)
in APPPATH\Models\Loan_model.php on line 278.
 1 [internal function]: CodeIgniter\Debug\Exceptions->shutdownHandler()
CRITICAL - 2023-12-04 04:12:38 --> Cannot use isset() on the result of an expression (you can use "null !== expression" instead)
in APPPATH\Models\Loan_model.php on line 241.
 1 [internal function]: CodeIgniter\Debug\Exceptions->shutdownHandler()
CRITICAL - 2023-12-04 04:12:50 --> Cannot use isset() on the result of an expression (you can use "null !== expression" instead)
in APPPATH\Models\Loan_model.php on line 278.
 1 [internal function]: CodeIgniter\Debug\Exceptions->shutdownHandler()
CRITICAL - 2023-12-04 04:14:49 --> Undefined variable $Loan_amount
in APPPATH\Models\Loan_model.php on line 242.
 1 APPPATH\Models\Loan_model.php(242): CodeIgniter\Debug\Exceptions->errorHandler(2, 'Undefined variable $Loan_amount', 'C:\\xampp\\htdocs\\flynx_loans\\app\\Models\\Loan_model.php', 242)
 2 APPPATH\Models\Loan_model.php(130): App\Models\Loan_model->add_opportunity([...])
 3 APPPATH\Controllers\Home.php(267): App\Models\Loan_model->add_loans([...], [...], [...])
 4 SYSTEMPATH\CodeIgniter.php(942): App\Controllers\Home->analyzeLoan()
 5 SYSTEMPATH\CodeIgniter.php(502): CodeIgniter\CodeIgniter->runController(Object(App\Controllers\Home))
 6 SYSTEMPATH\CodeIgniter.php(361): CodeIgniter\CodeIgniter->handleRequest(null, Object(Config\Cache), false)
 7 FCPATH\index.php(80): CodeIgniter\CodeIgniter->run()
CRITICAL - 2023-12-04 04:18:41 --> Cannot use isset() on the result of an expression (you can use "null !== expression" instead)
in APPPATH\Models\Loan_model.php on line 280.
 1 [internal function]: CodeIgniter\Debug\Exceptions->shutdownHandler()
CRITICAL - 2023-12-04 04:28:22 --> Undefined variable $address
in APPPATH\Models\Loan_model.php on line 298.
 1 APPPATH\Models\Loan_model.php(298): CodeIgniter\Debug\Exceptions->errorHandler(2, 'Undefined variable $address', 'C:\\xampp\\htdocs\\flynx_loans\\app\\Models\\Loan_model.php', 298)
 2 APPPATH\Models\Loan_model.php(130): App\Models\Loan_model->add_opportunity([...])
 3 APPPATH\Controllers\Home.php(267): App\Models\Loan_model->add_loans([...], [...], [...])
 4 SYSTEMPATH\CodeIgniter.php(942): App\Controllers\Home->analyzeLoan()
 5 SYSTEMPATH\CodeIgniter.php(502): CodeIgniter\CodeIgniter->runController(Object(App\Controllers\Home))
 6 SYSTEMPATH\CodeIgniter.php(361): CodeIgniter\CodeIgniter->handleRequest(null, Object(Config\Cache), false)
 7 FCPATH\index.php(80): CodeIgniter\CodeIgniter->run()
ERROR - 2023-12-04 04:32:22 --> mysqli_sql_exception: Unknown column 'LoaLargest_income_source_day_of_week__cn_amount' in 'field list' in C:\xampp\htdocs\flynx_loans\system\Database\MySQLi\Connection.php:306
Stack trace:
#0 C:\xampp\htdocs\flynx_loans\system\Database\MySQLi\Connection.php(306): mysqli->query('INSERT INTO `op...', 0)
#1 C:\xampp\htdocs\flynx_loans\system\Database\BaseConnection.php(693): CodeIgniter\Database\MySQLi\Connection->execute('INSERT INTO `op...')
#2 C:\xampp\htdocs\flynx_loans\system\Database\BaseConnection.php(607): CodeIgniter\Database\BaseConnection->simpleQuery('INSERT INTO `op...')
#3 C:\xampp\htdocs\flynx_loans\system\Database\BaseBuilder.php(2308): CodeIgniter\Database\BaseConnection->query('INSERT INTO `op...', Array, false)
#4 C:\xampp\htdocs\flynx_loans\app\Models\Loan_model.php(298): CodeIgniter\Database\BaseBuilder->insert(Array)
#5 C:\xampp\htdocs\flynx_loans\app\Models\Loan_model.php(130): App\Models\Loan_model->add_opportunity(Array)
#6 C:\xampp\htdocs\flynx_loans\app\Controllers\Home.php(267): App\Models\Loan_model->add_loans(Array, Array, Array)
#7 C:\xampp\htdocs\flynx_loans\system\CodeIgniter.php(942): App\Controllers\Home->analyzeLoan()
#8 C:\xampp\htdocs\flynx_loans\system\CodeIgniter.php(502): CodeIgniter\CodeIgniter->runController(Object(App\Controllers\Home))
#9 C:\xampp\htdocs\flynx_loans\system\CodeIgniter.php(361): CodeIgniter\CodeIgniter->handleRequest(NULL, Object(Config\Cache), false)
#10 C:\xampp\htdocs\flynx_loans\index.php(80): CodeIgniter\CodeIgniter->run()
#11 {main}
CRITICAL - 2023-12-04 04:32:22 --> Unknown column 'LoaLargest_income_source_day_of_week__cn_amount' in 'field list'
in SYSTEMPATH\Database\BaseConnection.php on line 647.
 1 SYSTEMPATH\Database\BaseBuilder.php(2308): CodeIgniter\Database\BaseConnection->query('INSERT INTO `opportunity` (`StageName`, `Opportunity_Origin__c`, `DNB_Scoring_Rate__c`, `Current_Balance__c`, `Applicant_Type__c`, `Opp_number__C`, `Multiple_Lenders_Hardship__c`, `income_as_a_of_DP200_income__c`, `Deposit_spent_on_DOD__c`, `DP_Monthly_avg_of_SACC_repayments__c`, `Monthly_ongoing_financial_commitments__c`, `DP_Primary_income_frequency__c`, `DP_Primary_income_last_pay_date__c`, `DP_enders_with_uncleared_dishonours_233__c`, `Primary_regular_benefit_frequency__c`, `Last_pay_date_for_largest_inc_src_302__c`, `LoaLargest_income_source_day_of_week__cn_amount`, `Next_pay_date_for_largest_income_source__c`, `Frequency_for_largest_income_source__c`, `Primary_regular_benefit_last_pay_date__c`, `loan_dishonours__c`, `Primary_regular_benefit_monthly_amount__c`, `Courts_and_Fines_transactions__c`, `Total_monthly_income_ongoin_Reg_231__c`, `DP_Total_Monthly_Benefit_Income__c`, `DP_Dishonours_Across_Primary_Acct_244__c`, `DP_No_Direct_Debits_On_Primary_Acct_355__c`, `DP_Budget_Management_Services__c`, `Hardship_Indicator_Gambling__c`, `DP_Monthly_rent_amount_236__c`, `Amount_of_SACC_commitments_due__c`, `Largest_income_Src_Avg_freq__c`, `Largest_income_Src_last_payment_amt__c`, `Deposits_since_last_SACC_dishonour__c`, `SACC_commitments_due_next_month__c`, `Total_monthly_credits__c`, `agency_collection_providers__c`, `Collection_agency_transactions__c`, `Average_monthly_amount_of_Courts_and_Fin__c`, `Courts_and_Fines_providers__c`, `income_DP200_spend_on_high_risk_merch__c`, `most_recent_loan_has_no_repayments__c`, `Deposits_since_last_dishonour__c`, `Income_source_is_other_income_549__c`, `Bank_Report_Gov_Benefit__c`, `Income_source_is_a_government_benefit__c`, `Summary_Income__c`, `Summary_Expenses__c`, `Rent_Mortgage__c`, `Summary_Total__c`, `Loan_Amount__c`, `Total_Repayment_Amount__c`) VALUES (:StageName:, :Opportunity_Origin__c:, :DNB_Scoring_Rate__c:, :Current_Balance__c:, :Applicant_Type__c:, :Opp_number__C:, :Multiple_Lenders_Hardship__c:, :income_as_a_of_DP200_income__c:, :Deposit_spent_on_DOD__c:, :DP_Monthly_avg_of_SACC_repayments__c:, :Monthly_ongoing_financial_commitments__c:, :DP_Primary_income_frequency__c:, :DP_Primary_income_last_pay_date__c:, :DP_enders_with_uncleared_dishonours_233__c:, :Primary_regular_benefit_frequency__c:, :Last_pay_date_for_largest_inc_src_302__c:, :LoaLargest_income_source_day_of_week__cn_amount:, :Next_pay_date_for_largest_income_source__c:, :Frequency_for_largest_income_source__c:, :Primary_regular_benefit_last_pay_date__c:, :loan_dishonours__c:, :Primary_regular_benefit_monthly_amount__c:, :Courts_and_Fines_transactions__c:, :Total_monthly_income_ongoin_Reg_231__c:, :DP_Total_Monthly_Benefit_Income__c:, :DP_Dishonours_Across_Primary_Acct_244__c:, :DP_No_Direct_Debits_On_Primary_Acct_355__c:, :DP_Budget_Management_Services__c:, :Hardship_Indicator_Gambling__c:, :DP_Monthly_rent_amount_236__c:, :Amount_of_SACC_commitments_due__c:, :Largest_income_Src_Avg_freq__c:, :Largest_income_Src_last_payment_amt__c:, :Deposits_since_last_SACC_dishonour__c:, :SACC_commitments_due_next_month__c:, :Total_monthly_credits__c:, :agency_collection_providers__c:, :Collection_agency_transactions__c:, :Average_monthly_amount_of_Courts_and_Fin__c:, :Courts_and_Fines_providers__c:, :income_DP200_spend_on_high_risk_merch__c:, :most_recent_loan_has_no_repayments__c:, :Deposits_since_last_dishonour__c:, :Income_source_is_other_income_549__c:, :Bank_Report_Gov_Benefit__c:, :Income_source_is_a_government_benefit__c:, :Summary_Income__c:, :Summary_Expenses__c:, :Rent_Mortgage__c:, :Summary_Total__c:, :Loan_Amount__c:, :Total_Repayment_Amount__c:)', [...], false)
 2 APPPATH\Models\Loan_model.php(298): CodeIgniter\Database\BaseBuilder->insert([...])
 3 APPPATH\Models\Loan_model.php(130): App\Models\Loan_model->add_opportunity([...])
 4 APPPATH\Controllers\Home.php(267): App\Models\Loan_model->add_loans([...], [...], [...])
 5 SYSTEMPATH\CodeIgniter.php(942): App\Controllers\Home->analyzeLoan()
 6 SYSTEMPATH\CodeIgniter.php(502): CodeIgniter\CodeIgniter->runController(Object(App\Controllers\Home))
 7 SYSTEMPATH\CodeIgniter.php(361): CodeIgniter\CodeIgniter->handleRequest(null, Object(Config\Cache), false)
 8 FCPATH\index.php(80): CodeIgniter\CodeIgniter->run()
ERROR - 2023-12-04 04:38:11 --> mysqli_sql_exception: Unknown column 'Average_monthly_amount_of_Courts_and_Fin__c' in 'field list' in C:\xampp\htdocs\flynx_loans\system\Database\MySQLi\Connection.php:306
Stack trace:
#0 C:\xampp\htdocs\flynx_loans\system\Database\MySQLi\Connection.php(306): mysqli->query('INSERT INTO `op...', 0)
#1 C:\xampp\htdocs\flynx_loans\system\Database\BaseConnection.php(693): CodeIgniter\Database\MySQLi\Connection->execute('INSERT INTO `op...')
#2 C:\xampp\htdocs\flynx_loans\system\Database\BaseConnection.php(607): CodeIgniter\Database\BaseConnection->simpleQuery('INSERT INTO `op...')
#3 C:\xampp\htdocs\flynx_loans\system\Database\BaseBuilder.php(2308): CodeIgniter\Database\BaseConnection->query('INSERT INTO `op...', Array, false)
#4 C:\xampp\htdocs\flynx_loans\app\Models\Loan_model.php(298): CodeIgniter\Database\BaseBuilder->insert(Array)
#5 C:\xampp\htdocs\flynx_loans\app\Models\Loan_model.php(130): App\Models\Loan_model->add_opportunity(Array)
#6 C:\xampp\htdocs\flynx_loans\app\Controllers\Home.php(267): App\Models\Loan_model->add_loans(Array, Array, Array)
#7 C:\xampp\htdocs\flynx_loans\system\CodeIgniter.php(942): App\Controllers\Home->analyzeLoan()
#8 C:\xampp\htdocs\flynx_loans\system\CodeIgniter.php(502): CodeIgniter\CodeIgniter->runController(Object(App\Controllers\Home))
#9 C:\xampp\htdocs\flynx_loans\system\CodeIgniter.php(361): CodeIgniter\CodeIgniter->handleRequest(NULL, Object(Config\Cache), false)
#10 C:\xampp\htdocs\flynx_loans\index.php(80): CodeIgniter\CodeIgniter->run()
#11 {main}
CRITICAL - 2023-12-04 04:38:11 --> Unknown column 'Average_monthly_amount_of_Courts_and_Fin__c' in 'field list'
in SYSTEMPATH\Database\BaseConnection.php on line 647.
 1 SYSTEMPATH\Database\BaseBuilder.php(2308): CodeIgniter\Database\BaseConnection->query('INSERT INTO `opportunity` (`StageName`, `Opportunity_Origin__c`, `DNB_Scoring_Rate__c`, `Current_Balance__c`, `Applicant_Type__c`, `Opp_number__C`, `Multiple_Lenders_Hardship__c`, `income_as_a_of_DP200_income__c`, `Deposit_spent_on_DOD__c`, `DP_Monthly_avg_of_SACC_repayments__c`, `Monthly_ongoing_financial_commitments__c`, `DP_Primary_income_frequency__c`, `DP_Primary_income_last_pay_date__c`, `DP_enders_with_uncleared_dishonours_233__c`, `Primary_regular_benefit_frequency__c`, `Last_pay_date_for_largest_inc_src_302__c`, `Largest_income_source_day_of_week__c`, `Next_pay_date_for_largest_income_source__c`, `Frequency_for_largest_income_source__c`, `Primary_regular_benefit_last_pay_date__c`, `loan_dishonours__c`, `Primary_regular_benefit_monthly_amount__c`, `Courts_and_Fines_transactions__c`, `Total_monthly_income_ongoin_Reg_231__c`, `DP_Total_Monthly_Benefit_Income__c`, `DP_Dishonours_Across_Primary_Acct_244__c`, `DP_No_Direct_Debits_On_Primary_Acct_355__c`, `DP_Budget_Management_Services__c`, `Hardship_Indicator_Gambling__c`, `DP_Monthly_rent_amount_236__c`, `Amount_of_SACC_commitments_due__c`, `Largest_income_Src_Avg_freq__c`, `Largest_income_Src_last_payment_amt__c`, `Deposits_since_last_SACC_dishonour__c`, `SACC_commitments_due_next_month__c`, `Total_monthly_credits__c`, `agency_collection_providers__c`, `Collection_agency_transactions__c`, `Average_monthly_amount_of_Courts_and_Fin__c`, `Courts_and_Fines_providers__c`, `income_DP200_spend_on_high_risk_merch__c`, `most_recent_loan_has_no_repayments__c`, `Deposits_since_last_dishonour__c`, `Income_source_is_other_income_549__c`, `Bank_Report_Gov_Benefit__c`, `Income_source_is_a_government_benefit__c`, `Summary_Income__c`, `Summary_Expenses__c`, `Rent_Mortgage__c`, `Summary_Total__c`, `Loan_Amount__c`, `Total_Repayment_Amount__c`) VALUES (:StageName:, :Opportunity_Origin__c:, :DNB_Scoring_Rate__c:, :Current_Balance__c:, :Applicant_Type__c:, :Opp_number__C:, :Multiple_Lenders_Hardship__c:, :income_as_a_of_DP200_income__c:, :Deposit_spent_on_DOD__c:, :DP_Monthly_avg_of_SACC_repayments__c:, :Monthly_ongoing_financial_commitments__c:, :DP_Primary_income_frequency__c:, :DP_Primary_income_last_pay_date__c:, :DP_enders_with_uncleared_dishonours_233__c:, :Primary_regular_benefit_frequency__c:, :Last_pay_date_for_largest_inc_src_302__c:, :Largest_income_source_day_of_week__c:, :Next_pay_date_for_largest_income_source__c:, :Frequency_for_largest_income_source__c:, :Primary_regular_benefit_last_pay_date__c:, :loan_dishonours__c:, :Primary_regular_benefit_monthly_amount__c:, :Courts_and_Fines_transactions__c:, :Total_monthly_income_ongoin_Reg_231__c:, :DP_Total_Monthly_Benefit_Income__c:, :DP_Dishonours_Across_Primary_Acct_244__c:, :DP_No_Direct_Debits_On_Primary_Acct_355__c:, :DP_Budget_Management_Services__c:, :Hardship_Indicator_Gambling__c:, :DP_Monthly_rent_amount_236__c:, :Amount_of_SACC_commitments_due__c:, :Largest_income_Src_Avg_freq__c:, :Largest_income_Src_last_payment_amt__c:, :Deposits_since_last_SACC_dishonour__c:, :SACC_commitments_due_next_month__c:, :Total_monthly_credits__c:, :agency_collection_providers__c:, :Collection_agency_transactions__c:, :Average_monthly_amount_of_Courts_and_Fin__c:, :Courts_and_Fines_providers__c:, :income_DP200_spend_on_high_risk_merch__c:, :most_recent_loan_has_no_repayments__c:, :Deposits_since_last_dishonour__c:, :Income_source_is_other_income_549__c:, :Bank_Report_Gov_Benefit__c:, :Income_source_is_a_government_benefit__c:, :Summary_Income__c:, :Summary_Expenses__c:, :Rent_Mortgage__c:, :Summary_Total__c:, :Loan_Amount__c:, :Total_Repayment_Amount__c:)', [...], false)
 2 APPPATH\Models\Loan_model.php(298): CodeIgniter\Database\BaseBuilder->insert([...])
 3 APPPATH\Models\Loan_model.php(130): App\Models\Loan_model->add_opportunity([...])
 4 APPPATH\Controllers\Home.php(267): App\Models\Loan_model->add_loans([...], [...], [...])
 5 SYSTEMPATH\CodeIgniter.php(942): App\Controllers\Home->analyzeLoan()
 6 SYSTEMPATH\CodeIgniter.php(502): CodeIgniter\CodeIgniter->runController(Object(App\Controllers\Home))
 7 SYSTEMPATH\CodeIgniter.php(361): CodeIgniter\CodeIgniter->handleRequest(null, Object(Config\Cache), false)
 8 FCPATH\index.php(80): CodeIgniter\CodeIgniter->run()
CRITICAL - 2023-12-04 05:21:28 --> Undefined property: stdClass::$Applicant_Type_c
in APPPATH\Views\admin\opportunityDetail.php on line 175.
 1 APPPATH\Views\admin\opportunityDetail.php(175): CodeIgniter\Debug\Exceptions->errorHandler(2, 'Undefined property: stdClass::$Applicant_Type_c', 'C:\\xampp\\htdocs\\flynx_loans\\app\\Views\\admin\\opportunityDetail.php', 175)
 2 SYSTEMPATH\View\View.php(228): include('C:\\xampp\\htdocs\\flynx_loans\\app\\Views\\admin\\opportunityDetail.php')
 3 SYSTEMPATH\View\View.php(231): CodeIgniter\View\View->CodeIgniter\View\{closure}()
 4 SYSTEMPATH\Common.php(1190): CodeIgniter\View\View->render('admin/opportunityDetail', [], true)
 5 APPPATH\Controllers\AdminDashboard.php(43): view('admin/opportunityDetail', [...])
 6 SYSTEMPATH\CodeIgniter.php(942): App\Controllers\AdminDashboard->opportunityDetail()
 7 SYSTEMPATH\CodeIgniter.php(502): CodeIgniter\CodeIgniter->runController(Object(App\Controllers\AdminDashboard))
 8 SYSTEMPATH\CodeIgniter.php(361): CodeIgniter\CodeIgniter->handleRequest(null, Object(Config\Cache), false)
 9 FCPATH\index.php(80): CodeIgniter\CodeIgniter->run()
CRITICAL - 2023-12-04 05:44:36 --> Undefined variable $address
in APPPATH\Models\Loan_model.php on line 153.
 1 APPPATH\Models\Loan_model.php(153): CodeIgniter\Debug\Exceptions->errorHandler(2, 'Undefined variable $address', 'C:\\xampp\\htdocs\\flynx_loans\\app\\Models\\Loan_model.php', 153)
 2 APPPATH\Controllers\Home.php(267): App\Models\Loan_model->add_loans([...], [...], [...])
 3 SYSTEMPATH\CodeIgniter.php(942): App\Controllers\Home->analyzeLoan()
 4 SYSTEMPATH\CodeIgniter.php(502): CodeIgniter\CodeIgniter->runController(Object(App\Controllers\Home))
 5 SYSTEMPATH\CodeIgniter.php(361): CodeIgniter\CodeIgniter->handleRequest(null, Object(Config\Cache), false)
 6 FCPATH\index.php(80): CodeIgniter\CodeIgniter->run()
CRITICAL - 2023-12-04 05:55:15 --> Undefined array key "LoanId"
in APPPATH\Controllers\AdminDashboard.php on line 40.
 1 APPPATH\Controllers\AdminDashboard.php(40): CodeIgniter\Debug\Exceptions->errorHandler(2, 'Undefined array key "LoanId"', 'C:\\xampp\\htdocs\\flynx_loans\\app\\Controllers\\AdminDashboard.php', 40)
 2 SYSTEMPATH\CodeIgniter.php(942): App\Controllers\AdminDashboard->opportunityDetail()
 3 SYSTEMPATH\CodeIgniter.php(502): CodeIgniter\CodeIgniter->runController(Object(App\Controllers\AdminDashboard))
 4 SYSTEMPATH\CodeIgniter.php(361): CodeIgniter\CodeIgniter->handleRequest(null, Object(Config\Cache), false)
 5 FCPATH\index.php(80): CodeIgniter\CodeIgniter->run()
CRITICAL - 2023-12-04 05:55:25 --> Undefined property: stdClass::$Applicant_Type_c
in APPPATH\Views\admin\opportunityDetail.php on line 175.
 1 APPPATH\Views\admin\opportunityDetail.php(175): CodeIgniter\Debug\Exceptions->errorHandler(2, 'Undefined property: stdClass::$Applicant_Type_c', 'C:\\xampp\\htdocs\\flynx_loans\\app\\Views\\admin\\opportunityDetail.php', 175)
 2 SYSTEMPATH\View\View.php(228): include('C:\\xampp\\htdocs\\flynx_loans\\app\\Views\\admin\\opportunityDetail.php')
 3 SYSTEMPATH\View\View.php(231): CodeIgniter\View\View->CodeIgniter\View\{closure}()
 4 SYSTEMPATH\Common.php(1190): CodeIgniter\View\View->render('admin/opportunityDetail', [], true)
 5 APPPATH\Controllers\AdminDashboard.php(43): view('admin/opportunityDetail', [...])
 6 SYSTEMPATH\CodeIgniter.php(942): App\Controllers\AdminDashboard->opportunityDetail()
 7 SYSTEMPATH\CodeIgniter.php(502): CodeIgniter\CodeIgniter->runController(Object(App\Controllers\AdminDashboard))
 8 SYSTEMPATH\CodeIgniter.php(361): CodeIgniter\CodeIgniter->handleRequest(null, Object(Config\Cache), false)
 9 FCPATH\index.php(80): CodeIgniter\CodeIgniter->run()
CRITICAL - 2023-12-04 05:55:32 --> Undefined property: stdClass::$Applicant_Type_c
in APPPATH\Views\admin\opportunityDetail.php on line 175.
 1 APPPATH\Views\admin\opportunityDetail.php(175): CodeIgniter\Debug\Exceptions->errorHandler(2, 'Undefined property: stdClass::$Applicant_Type_c', 'C:\\xampp\\htdocs\\flynx_loans\\app\\Views\\admin\\opportunityDetail.php', 175)
 2 SYSTEMPATH\View\View.php(228): include('C:\\xampp\\htdocs\\flynx_loans\\app\\Views\\admin\\opportunityDetail.php')
 3 SYSTEMPATH\View\View.php(231): CodeIgniter\View\View->CodeIgniter\View\{closure}()
 4 SYSTEMPATH\Common.php(1190): CodeIgniter\View\View->render('admin/opportunityDetail', [], true)
 5 APPPATH\Controllers\AdminDashboard.php(43): view('admin/opportunityDetail', [...])
 6 SYSTEMPATH\CodeIgniter.php(942): App\Controllers\AdminDashboard->opportunityDetail()
 7 SYSTEMPATH\CodeIgniter.php(502): CodeIgniter\CodeIgniter->runController(Object(App\Controllers\AdminDashboard))
 8 SYSTEMPATH\CodeIgniter.php(361): CodeIgniter\CodeIgniter->handleRequest(null, Object(Config\Cache), false)
 9 FCPATH\index.php(80): CodeIgniter\CodeIgniter->run()
CRITICAL - 2023-12-04 05:57:50 --> Undefined property: stdClass::$Opportunity_origin_company
in APPPATH\Views\admin\opportunityDetail.php on line 211.
 1 APPPATH\Views\admin\opportunityDetail.php(211): CodeIgniter\Debug\Exceptions->errorHandler(2, 'Undefined property: stdClass::$Opportunity_origin_company', 'C:\\xampp\\htdocs\\flynx_loans\\app\\Views\\admin\\opportunityDetail.php', 211)
 2 SYSTEMPATH\View\View.php(228): include('C:\\xampp\\htdocs\\flynx_loans\\app\\Views\\admin\\opportunityDetail.php')
 3 SYSTEMPATH\View\View.php(231): CodeIgniter\View\View->CodeIgniter\View\{closure}()
 4 SYSTEMPATH\Common.php(1190): CodeIgniter\View\View->render('admin/opportunityDetail', [], true)
 5 APPPATH\Controllers\AdminDashboard.php(43): view('admin/opportunityDetail', [...])
 6 SYSTEMPATH\CodeIgniter.php(942): App\Controllers\AdminDashboard->opportunityDetail()
 7 SYSTEMPATH\CodeIgniter.php(502): CodeIgniter\CodeIgniter->runController(Object(App\Controllers\AdminDashboard))
 8 SYSTEMPATH\CodeIgniter.php(361): CodeIgniter\CodeIgniter->handleRequest(null, Object(Config\Cache), false)
 9 FCPATH\index.php(80): CodeIgniter\CodeIgniter->run()
CRITICAL - 2023-12-04 05:58:52 --> Undefined property: stdClass::$Summary_Total_c
in APPPATH\Views\admin\opportunityDetail.php on line 267.
 1 APPPATH\Views\admin\opportunityDetail.php(267): CodeIgniter\Debug\Exceptions->errorHandler(2, 'Undefined property: stdClass::$Summary_Total_c', 'C:\\xampp\\htdocs\\flynx_loans\\app\\Views\\admin\\opportunityDetail.php', 267)
 2 SYSTEMPATH\View\View.php(228): include('C:\\xampp\\htdocs\\flynx_loans\\app\\Views\\admin\\opportunityDetail.php')
 3 SYSTEMPATH\View\View.php(231): CodeIgniter\View\View->CodeIgniter\View\{closure}()
 4 SYSTEMPATH\Common.php(1190): CodeIgniter\View\View->render('admin/opportunityDetail', [], true)
 5 APPPATH\Controllers\AdminDashboard.php(43): view('admin/opportunityDetail', [...])
 6 SYSTEMPATH\CodeIgniter.php(942): App\Controllers\AdminDashboard->opportunityDetail()
 7 SYSTEMPATH\CodeIgniter.php(502): CodeIgniter\CodeIgniter->runController(Object(App\Controllers\AdminDashboard))
 8 SYSTEMPATH\CodeIgniter.php(361): CodeIgniter\CodeIgniter->handleRequest(null, Object(Config\Cache), false)
 9 FCPATH\index.php(80): CodeIgniter\CodeIgniter->run()
CRITICAL - 2023-12-04 05:59:21 --> Undefined property: stdClass::$Total_Repayment_Amount_c
in APPPATH\Views\admin\opportunityDetail.php on line 276.
 1 APPPATH\Views\admin\opportunityDetail.php(276): CodeIgniter\Debug\Exceptions->errorHandler(2, 'Undefined property: stdClass::$Total_Repayment_Amount_c', 'C:\\xampp\\htdocs\\flynx_loans\\app\\Views\\admin\\opportunityDetail.php', 276)
 2 SYSTEMPATH\View\View.php(228): include('C:\\xampp\\htdocs\\flynx_loans\\app\\Views\\admin\\opportunityDetail.php')
 3 SYSTEMPATH\View\View.php(231): CodeIgniter\View\View->CodeIgniter\View\{closure}()
 4 SYSTEMPATH\Common.php(1190): CodeIgniter\View\View->render('admin/opportunityDetail', [], true)
 5 APPPATH\Controllers\AdminDashboard.php(43): view('admin/opportunityDetail', [...])
 6 SYSTEMPATH\CodeIgniter.php(942): App\Controllers\AdminDashboard->opportunityDetail()
 7 SYSTEMPATH\CodeIgniter.php(502): CodeIgniter\CodeIgniter->runController(Object(App\Controllers\AdminDashboard))
 8 SYSTEMPATH\CodeIgniter.php(361): CodeIgniter\CodeIgniter->handleRequest(null, Object(Config\Cache), false)
 9 FCPATH\index.php(80): CodeIgniter\CodeIgniter->run()
CRITICAL - 2023-12-04 05:59:44 --> Undefined property: stdClass::$Summary_Income_c
in APPPATH\Views\admin\opportunityDetail.php on line 321.
 1 APPPATH\Views\admin\opportunityDetail.php(321): CodeIgniter\Debug\Exceptions->errorHandler(2, 'Undefined property: stdClass::$Summary_Income_c', 'C:\\xampp\\htdocs\\flynx_loans\\app\\Views\\admin\\opportunityDetail.php', 321)
 2 SYSTEMPATH\View\View.php(228): include('C:\\xampp\\htdocs\\flynx_loans\\app\\Views\\admin\\opportunityDetail.php')
 3 SYSTEMPATH\View\View.php(231): CodeIgniter\View\View->CodeIgniter\View\{closure}()
 4 SYSTEMPATH\Common.php(1190): CodeIgniter\View\View->render('admin/opportunityDetail', [], true)
 5 APPPATH\Controllers\AdminDashboard.php(43): view('admin/opportunityDetail', [...])
 6 SYSTEMPATH\CodeIgniter.php(942): App\Controllers\AdminDashboard->opportunityDetail()
 7 SYSTEMPATH\CodeIgniter.php(502): CodeIgniter\CodeIgniter->runController(Object(App\Controllers\AdminDashboard))
 8 SYSTEMPATH\CodeIgniter.php(361): CodeIgniter\CodeIgniter->handleRequest(null, Object(Config\Cache), false)
 9 FCPATH\index.php(80): CodeIgniter\CodeIgniter->run()
CRITICAL - 2023-12-04 06:00:05 --> Undefined property: stdClass::$Deposits_since_last_dishonour_c
in APPPATH\Views\admin\opportunityDetail.php on line 361.
 1 APPPATH\Views\admin\opportunityDetail.php(361): CodeIgniter\Debug\Exceptions->errorHandler(2, 'Undefined property: stdClass::$Deposits_since_last_dishonour_c', 'C:\\xampp\\htdocs\\flynx_loans\\app\\Views\\admin\\opportunityDetail.php', 361)
 2 SYSTEMPATH\View\View.php(228): include('C:\\xampp\\htdocs\\flynx_loans\\app\\Views\\admin\\opportunityDetail.php')
 3 SYSTEMPATH\View\View.php(231): CodeIgniter\View\View->CodeIgniter\View\{closure}()
 4 SYSTEMPATH\Common.php(1190): CodeIgniter\View\View->render('admin/opportunityDetail', [], true)
 5 APPPATH\Controllers\AdminDashboard.php(43): view('admin/opportunityDetail', [...])
 6 SYSTEMPATH\CodeIgniter.php(942): App\Controllers\AdminDashboard->opportunityDetail()
 7 SYSTEMPATH\CodeIgniter.php(502): CodeIgniter\CodeIgniter->runController(Object(App\Controllers\AdminDashboard))
 8 SYSTEMPATH\CodeIgniter.php(361): CodeIgniter\CodeIgniter->handleRequest(null, Object(Config\Cache), false)
 9 FCPATH\index.php(80): CodeIgniter\CodeIgniter->run()
CRITICAL - 2023-12-04 06:00:05 --> Undefined property: stdClass::$Deposits_since_last_dishonour_c
in APPPATH\Views\admin\opportunityDetail.php on line 361.
 1 APPPATH\Views\admin\opportunityDetail.php(361): CodeIgniter\Debug\Exceptions->errorHandler(2, 'Undefined property: stdClass::$Deposits_since_last_dishonour_c', 'C:\\xampp\\htdocs\\flynx_loans\\app\\Views\\admin\\opportunityDetail.php', 361)
 2 SYSTEMPATH\View\View.php(228): include('C:\\xampp\\htdocs\\flynx_loans\\app\\Views\\admin\\opportunityDetail.php')
 3 SYSTEMPATH\View\View.php(231): CodeIgniter\View\View->CodeIgniter\View\{closure}()
 4 SYSTEMPATH\Common.php(1190): CodeIgniter\View\View->render('admin/opportunityDetail', [], true)
 5 APPPATH\Controllers\AdminDashboard.php(43): view('admin/opportunityDetail', [...])
 6 SYSTEMPATH\CodeIgniter.php(942): App\Controllers\AdminDashboard->opportunityDetail()
 7 SYSTEMPATH\CodeIgniter.php(502): CodeIgniter\CodeIgniter->runController(Object(App\Controllers\AdminDashboard))
 8 SYSTEMPATH\CodeIgniter.php(361): CodeIgniter\CodeIgniter->handleRequest(null, Object(Config\Cache), false)
 9 FCPATH\index.php(80): CodeIgniter\CodeIgniter->run()
CRITICAL - 2023-12-04 06:00:54 --> Undefined property: stdClass::$Deposits_since_last_dishonour_c
in APPPATH\Views\admin\opportunityDetail.php on line 361.
 1 APPPATH\Views\admin\opportunityDetail.php(361): CodeIgniter\Debug\Exceptions->errorHandler(2, 'Undefined property: stdClass::$Deposits_since_last_dishonour_c', 'C:\\xampp\\htdocs\\flynx_loans\\app\\Views\\admin\\opportunityDetail.php', 361)
 2 SYSTEMPATH\View\View.php(228): include('C:\\xampp\\htdocs\\flynx_loans\\app\\Views\\admin\\opportunityDetail.php')
 3 SYSTEMPATH\View\View.php(231): CodeIgniter\View\View->CodeIgniter\View\{closure}()
 4 SYSTEMPATH\Common.php(1190): CodeIgniter\View\View->render('admin/opportunityDetail', [], true)
 5 APPPATH\Controllers\AdminDashboard.php(43): view('admin/opportunityDetail', [...])
 6 SYSTEMPATH\CodeIgniter.php(942): App\Controllers\AdminDashboard->opportunityDetail()
 7 SYSTEMPATH\CodeIgniter.php(502): CodeIgniter\CodeIgniter->runController(Object(App\Controllers\AdminDashboard))
 8 SYSTEMPATH\CodeIgniter.php(361): CodeIgniter\CodeIgniter->handleRequest(null, Object(Config\Cache), false)
 9 FCPATH\index.php(80): CodeIgniter\CodeIgniter->run()
CRITICAL - 2023-12-04 06:02:04 --> Undefined property: stdClass::$Courts_and_Fines_providers_c
in APPPATH\Views\admin\opportunityDetail.php on line 404.
 1 APPPATH\Views\admin\opportunityDetail.php(404): CodeIgniter\Debug\Exceptions->errorHandler(2, 'Undefined property: stdClass::$Courts_and_Fines_providers_c', 'C:\\xampp\\htdocs\\flynx_loans\\app\\Views\\admin\\opportunityDetail.php', 404)
 2 SYSTEMPATH\View\View.php(228): include('C:\\xampp\\htdocs\\flynx_loans\\app\\Views\\admin\\opportunityDetail.php')
 3 SYSTEMPATH\View\View.php(231): CodeIgniter\View\View->CodeIgniter\View\{closure}()
 4 SYSTEMPATH\Common.php(1190): CodeIgniter\View\View->render('admin/opportunityDetail', [], true)
 5 APPPATH\Controllers\AdminDashboard.php(43): view('admin/opportunityDetail', [...])
 6 SYSTEMPATH\CodeIgniter.php(942): App\Controllers\AdminDashboard->opportunityDetail()
 7 SYSTEMPATH\CodeIgniter.php(502): CodeIgniter\CodeIgniter->runController(Object(App\Controllers\AdminDashboard))
 8 SYSTEMPATH\CodeIgniter.php(361): CodeIgniter\CodeIgniter->handleRequest(null, Object(Config\Cache), false)
 9 FCPATH\index.php(80): CodeIgniter\CodeIgniter->run()
CRITICAL - 2023-12-04 06:02:46 --> Undefined property: stdClass::$DP_Total_Monthly_Benefit_Income_c
in APPPATH\Views\admin\opportunityDetail.php on line 455.
 1 APPPATH\Views\admin\opportunityDetail.php(455): CodeIgniter\Debug\Exceptions->errorHandler(2, 'Undefined property: stdClass::$DP_Total_Monthly_Benefit_Income_c', 'C:\\xampp\\htdocs\\flynx_loans\\app\\Views\\admin\\opportunityDetail.php', 455)
 2 SYSTEMPATH\View\View.php(228): include('C:\\xampp\\htdocs\\flynx_loans\\app\\Views\\admin\\opportunityDetail.php')
 3 SYSTEMPATH\View\View.php(231): CodeIgniter\View\View->CodeIgniter\View\{closure}()
 4 SYSTEMPATH\Common.php(1190): CodeIgniter\View\View->render('admin/opportunityDetail', [], true)
 5 APPPATH\Controllers\AdminDashboard.php(43): view('admin/opportunityDetail', [...])
 6 SYSTEMPATH\CodeIgniter.php(942): App\Controllers\AdminDashboard->opportunityDetail()
 7 SYSTEMPATH\CodeIgniter.php(502): CodeIgniter\CodeIgniter->runController(Object(App\Controllers\AdminDashboard))
 8 SYSTEMPATH\CodeIgniter.php(361): CodeIgniter\CodeIgniter->handleRequest(null, Object(Config\Cache), false)
 9 FCPATH\index.php(80): CodeIgniter\CodeIgniter->run()
CRITICAL - 2023-12-04 06:03:23 --> Undefined property: stdClass::$Collection_agency_transactions_c
in APPPATH\Views\admin\opportunityDetail.php on line 498.
 1 APPPATH\Views\admin\opportunityDetail.php(498): CodeIgniter\Debug\Exceptions->errorHandler(2, 'Undefined property: stdClass::$Collection_agency_transactions_c', 'C:\\xampp\\htdocs\\flynx_loans\\app\\Views\\admin\\opportunityDetail.php', 498)
 2 SYSTEMPATH\View\View.php(228): include('C:\\xampp\\htdocs\\flynx_loans\\app\\Views\\admin\\opportunityDetail.php')
 3 SYSTEMPATH\View\View.php(231): CodeIgniter\View\View->CodeIgniter\View\{closure}()
 4 SYSTEMPATH\Common.php(1190): CodeIgniter\View\View->render('admin/opportunityDetail', [], true)
 5 APPPATH\Controllers\AdminDashboard.php(43): view('admin/opportunityDetail', [...])
 6 SYSTEMPATH\CodeIgniter.php(942): App\Controllers\AdminDashboard->opportunityDetail()
 7 SYSTEMPATH\CodeIgniter.php(502): CodeIgniter\CodeIgniter->runController(Object(App\Controllers\AdminDashboard))
 8 SYSTEMPATH\CodeIgniter.php(361): CodeIgniter\CodeIgniter->handleRequest(null, Object(Config\Cache), false)
 9 FCPATH\index.php(80): CodeIgniter\CodeIgniter->run()
CRITICAL - 2023-12-04 06:04:20 --> Undefined property: stdClass::$DP_enders_with_uncleared_dishonours_233_c
in APPPATH\Views\admin\opportunityDetail.php on line 553.
 1 APPPATH\Views\admin\opportunityDetail.php(553): CodeIgniter\Debug\Exceptions->errorHandler(2, 'Undefined property: stdClass::$DP_enders_with_uncleared_dishonours_233_c', 'C:\\xampp\\htdocs\\flynx_loans\\app\\Views\\admin\\opportunityDetail.php', 553)
 2 SYSTEMPATH\View\View.php(228): include('C:\\xampp\\htdocs\\flynx_loans\\app\\Views\\admin\\opportunityDetail.php')
 3 SYSTEMPATH\View\View.php(231): CodeIgniter\View\View->CodeIgniter\View\{closure}()
 4 SYSTEMPATH\Common.php(1190): CodeIgniter\View\View->render('admin/opportunityDetail', [], true)
 5 APPPATH\Controllers\AdminDashboard.php(43): view('admin/opportunityDetail', [...])
 6 SYSTEMPATH\CodeIgniter.php(942): App\Controllers\AdminDashboard->opportunityDetail()
 7 SYSTEMPATH\CodeIgniter.php(502): CodeIgniter\CodeIgniter->runController(Object(App\Controllers\AdminDashboard))
 8 SYSTEMPATH\CodeIgniter.php(361): CodeIgniter\CodeIgniter->handleRequest(null, Object(Config\Cache), false)
 9 FCPATH\index.php(80): CodeIgniter\CodeIgniter->run()
CRITICAL - 2023-12-04 06:04:57 --> Undefined property: stdClass::$Opp_number__c
in APPPATH\Views\admin\opportunityDetail.php on line 562.
 1 APPPATH\Views\admin\opportunityDetail.php(562): CodeIgniter\Debug\Exceptions->errorHandler(2, 'Undefined property: stdClass::$Opp_number__c', 'C:\\xampp\\htdocs\\flynx_loans\\app\\Views\\admin\\opportunityDetail.php', 562)
 2 SYSTEMPATH\View\View.php(228): include('C:\\xampp\\htdocs\\flynx_loans\\app\\Views\\admin\\opportunityDetail.php')
 3 SYSTEMPATH\View\View.php(231): CodeIgniter\View\View->CodeIgniter\View\{closure}()
 4 SYSTEMPATH\Common.php(1190): CodeIgniter\View\View->render('admin/opportunityDetail', [], true)
 5 APPPATH\Controllers\AdminDashboard.php(43): view('admin/opportunityDetail', [...])
 6 SYSTEMPATH\CodeIgniter.php(942): App\Controllers\AdminDashboard->opportunityDetail()
 7 SYSTEMPATH\CodeIgniter.php(502): CodeIgniter\CodeIgniter->runController(Object(App\Controllers\AdminDashboard))
 8 SYSTEMPATH\CodeIgniter.php(361): CodeIgniter\CodeIgniter->handleRequest(null, Object(Config\Cache), false)
 9 FCPATH\index.php(80): CodeIgniter\CodeIgniter->run()
CRITICAL - 2023-12-04 06:05:26 --> Undefined property: stdClass::$Primary_regular_benefit_last_pay_date_c
in APPPATH\Views\admin\opportunityDetail.php on line 642.
 1 APPPATH\Views\admin\opportunityDetail.php(642): CodeIgniter\Debug\Exceptions->errorHandler(2, 'Undefined property: stdClass::$Primary_regular_benefit_last_pay_date_c', 'C:\\xampp\\htdocs\\flynx_loans\\app\\Views\\admin\\opportunityDetail.php', 642)
 2 SYSTEMPATH\View\View.php(228): include('C:\\xampp\\htdocs\\flynx_loans\\app\\Views\\admin\\opportunityDetail.php')
 3 SYSTEMPATH\View\View.php(231): CodeIgniter\View\View->CodeIgniter\View\{closure}()
 4 SYSTEMPATH\Common.php(1190): CodeIgniter\View\View->render('admin/opportunityDetail', [], true)
 5 APPPATH\Controllers\AdminDashboard.php(43): view('admin/opportunityDetail', [...])
 6 SYSTEMPATH\CodeIgniter.php(942): App\Controllers\AdminDashboard->opportunityDetail()
 7 SYSTEMPATH\CodeIgniter.php(502): CodeIgniter\CodeIgniter->runController(Object(App\Controllers\AdminDashboard))
 8 SYSTEMPATH\CodeIgniter.php(361): CodeIgniter\CodeIgniter->handleRequest(null, Object(Config\Cache), false)
 9 FCPATH\index.php(80): CodeIgniter\CodeIgniter->run()
CRITICAL - 2023-12-04 06:06:27 --> Undefined property: stdClass::$Courts_and_Fines_transactions_c
in APPPATH\Views\admin\opportunityDetail.php on line 696.
 1 APPPATH\Views\admin\opportunityDetail.php(696): CodeIgniter\Debug\Exceptions->errorHandler(2, 'Undefined property: stdClass::$Courts_and_Fines_transactions_c', 'C:\\xampp\\htdocs\\flynx_loans\\app\\Views\\admin\\opportunityDetail.php', 696)
 2 SYSTEMPATH\View\View.php(228): include('C:\\xampp\\htdocs\\flynx_loans\\app\\Views\\admin\\opportunityDetail.php')
 3 SYSTEMPATH\View\View.php(231): CodeIgniter\View\View->CodeIgniter\View\{closure}()
 4 SYSTEMPATH\Common.php(1190): CodeIgniter\View\View->render('admin/opportunityDetail', [], true)
 5 APPPATH\Controllers\AdminDashboard.php(43): view('admin/opportunityDetail', [...])
 6 SYSTEMPATH\CodeIgniter.php(942): App\Controllers\AdminDashboard->opportunityDetail()
 7 SYSTEMPATH\CodeIgniter.php(502): CodeIgniter\CodeIgniter->runController(Object(App\Controllers\AdminDashboard))
 8 SYSTEMPATH\CodeIgniter.php(361): CodeIgniter\CodeIgniter->handleRequest(null, Object(Config\Cache), false)
 9 FCPATH\index.php(80): CodeIgniter\CodeIgniter->run()
CRITICAL - 2023-12-04 06:06:31 --> Undefined property: stdClass::$Courts_and_Fines_transactions_c
in APPPATH\Views\admin\opportunityDetail.php on line 696.
 1 APPPATH\Views\admin\opportunityDetail.php(696): CodeIgniter\Debug\Exceptions->errorHandler(2, 'Undefined property: stdClass::$Courts_and_Fines_transactions_c', 'C:\\xampp\\htdocs\\flynx_loans\\app\\Views\\admin\\opportunityDetail.php', 696)
 2 SYSTEMPATH\View\View.php(228): include('C:\\xampp\\htdocs\\flynx_loans\\app\\Views\\admin\\opportunityDetail.php')
 3 SYSTEMPATH\View\View.php(231): CodeIgniter\View\View->CodeIgniter\View\{closure}()
 4 SYSTEMPATH\Common.php(1190): CodeIgniter\View\View->render('admin/opportunityDetail', [], true)
 5 APPPATH\Controllers\AdminDashboard.php(43): view('admin/opportunityDetail', [...])
 6 SYSTEMPATH\CodeIgniter.php(942): App\Controllers\AdminDashboard->opportunityDetail()
 7 SYSTEMPATH\CodeIgniter.php(502): CodeIgniter\CodeIgniter->runController(Object(App\Controllers\AdminDashboard))
 8 SYSTEMPATH\CodeIgniter.php(361): CodeIgniter\CodeIgniter->handleRequest(null, Object(Config\Cache), false)
 9 FCPATH\index.php(80): CodeIgniter\CodeIgniter->run()
ERROR - 2023-12-04 06:16:37 --> mysqli_sql_exception: Cannot add or update a child row: a foreign key constraint fails (`flynx_loans`.`loans_info`, CONSTRAINT `reason_for_Loan` FOREIGN KEY (`Reason_for_loan`) REFERENCES `reasons_for_loan` (`Loan_reason_id`) ON DELETE CASCADE ON UPDATE CASCADE) in C:\xampp\htdocs\flynx_loans\system\Database\MySQLi\Connection.php:306
Stack trace:
#0 C:\xampp\htdocs\flynx_loans\system\Database\MySQLi\Connection.php(306): mysqli->query('INSERT INTO `lo...', 0)
#1 C:\xampp\htdocs\flynx_loans\system\Database\BaseConnection.php(693): CodeIgniter\Database\MySQLi\Connection->execute('INSERT INTO `lo...')
#2 C:\xampp\htdocs\flynx_loans\system\Database\BaseConnection.php(607): CodeIgniter\Database\BaseConnection->simpleQuery('INSERT INTO `lo...')
#3 C:\xampp\htdocs\flynx_loans\system\Database\BaseBuilder.php(2308): CodeIgniter\Database\BaseConnection->query('INSERT INTO `lo...', Array, false)
#4 C:\xampp\htdocs\flynx_loans\app\Models\Loan_model.php(153): CodeIgniter\Database\BaseBuilder->insert(Array)
#5 C:\xampp\htdocs\flynx_loans\app\Controllers\Home.php(267): App\Models\Loan_model->add_loans(Array, Array, Array)
#6 C:\xampp\htdocs\flynx_loans\system\CodeIgniter.php(942): App\Controllers\Home->analyzeLoan()
#7 C:\xampp\htdocs\flynx_loans\system\CodeIgniter.php(502): CodeIgniter\CodeIgniter->runController(Object(App\Controllers\Home))
#8 C:\xampp\htdocs\flynx_loans\system\CodeIgniter.php(361): CodeIgniter\CodeIgniter->handleRequest(NULL, Object(Config\Cache), false)
#9 C:\xampp\htdocs\flynx_loans\index.php(80): CodeIgniter\CodeIgniter->run()
#10 {main}
CRITICAL - 2023-12-04 06:16:37 --> Cannot add or update a child row: a foreign key constraint fails (`flynx_loans`.`loans_info`, CONSTRAINT `reason_for_Loan` FOREIGN KEY (`Reason_for_loan`) REFERENCES `reasons_for_loan` (`Loan_reason_id`) ON DELETE CASCADE ON UPDATE CASCADE)
in SYSTEMPATH\Database\BaseConnection.php on line 647.
 1 SYSTEMPATH\Database\BaseBuilder.php(2308): CodeIgniter\Database\BaseConnection->query('INSERT INTO `loans_info` (`Loan_amount`, `Reason_for_loan`, `More_info`, `Pay_frequency`, `Total_expenses`, `Employer_name`, `Confirm_t_and_c`, `Opportunity_id`, `UserID`, `Updated_on`, `Created_on`) VALUES (:Loan_amount:, :Reason_for_loan:, :More_info:, :Pay_frequency:, :Total_expenses:, :Employer_name:, :Confirm_t_and_c:, :Opportunity_id:, :UserID:, :Updated_on:, :Created_on:)', [...], false)
 2 APPPATH\Models\Loan_model.php(153): CodeIgniter\Database\BaseBuilder->insert([...])
 3 APPPATH\Controllers\Home.php(267): App\Models\Loan_model->add_loans([...], [...], [...])
 4 SYSTEMPATH\CodeIgniter.php(942): App\Controllers\Home->analyzeLoan()
 5 SYSTEMPATH\CodeIgniter.php(502): CodeIgniter\CodeIgniter->runController(Object(App\Controllers\Home))
 6 SYSTEMPATH\CodeIgniter.php(361): CodeIgniter\CodeIgniter->handleRequest(null, Object(Config\Cache), false)
 7 FCPATH\index.php(80): CodeIgniter\CodeIgniter->run()
CRITICAL - 2023-12-04 09:18:04 --> syntax error, unexpected token "}", expecting ";"
in APPPATH\Models\Loan_model.php on line 180.
 1 SYSTEMPATH\Autoloader\Autoloader.php(291): CodeIgniter\Autoloader\Autoloader->includeFile('C:\\xampp\\htdocs\\flynx_loans\\app\\Models\\Loan_model.php')
 2 SYSTEMPATH\Autoloader\Autoloader.php(269): CodeIgniter\Autoloader\Autoloader->loadInNamespace('App\\Models\\Loan_model')
 3 APPPATH\Controllers\Home.php(16): CodeIgniter\Autoloader\Autoloader->loadClass('App\\Models\\Loan_model')
 4 SYSTEMPATH\CodeIgniter.php(914): App\Controllers\Home->__construct()
 5 SYSTEMPATH\CodeIgniter.php(493): CodeIgniter\CodeIgniter->createController()
 6 SYSTEMPATH\CodeIgniter.php(361): CodeIgniter\CodeIgniter->handleRequest(null, Object(Config\Cache), false)
 7 FCPATH\index.php(80): CodeIgniter\CodeIgniter->run()
CRITICAL - 2023-12-04 09:18:23 --> Call to undefined method CodeIgniter\Database\MySQLi\Builder::order()
in APPPATH\Models\Loan_model.php on line 175.
 1 APPPATH\Controllers\Home.php(107): App\Models\Loan_model->get_all_loan_reason()
 2 SYSTEMPATH\CodeIgniter.php(942): App\Controllers\Home->applyLoan()
 3 SYSTEMPATH\CodeIgniter.php(502): CodeIgniter\CodeIgniter->runController(Object(App\Controllers\Home))
 4 SYSTEMPATH\CodeIgniter.php(361): CodeIgniter\CodeIgniter->handleRequest(null, Object(Config\Cache), false)
 5 FCPATH\index.php(80): CodeIgniter\CodeIgniter->run()
CRITICAL - 2023-12-04 09:22:28 --> Object of class stdClass could not be converted to string
in APPPATH\Views\applyLoan.php on line 34.
 1 SYSTEMPATH\View\View.php(228): include()
 2 SYSTEMPATH\View\View.php(231): CodeIgniter\View\View->CodeIgniter\View\{closure}()
 3 SYSTEMPATH\Common.php(1190): CodeIgniter\View\View->render('applyLoan', [], true)
 4 APPPATH\Controllers\Home.php(108): view('applyLoan', [...])
 5 SYSTEMPATH\CodeIgniter.php(942): App\Controllers\Home->applyLoan()
 6 SYSTEMPATH\CodeIgniter.php(502): CodeIgniter\CodeIgniter->runController(Object(App\Controllers\Home))
 7 SYSTEMPATH\CodeIgniter.php(361): CodeIgniter\CodeIgniter->handleRequest(null, Object(Config\Cache), false)
 8 FCPATH\index.php(80): CodeIgniter\CodeIgniter->run()
CRITICAL - 2023-12-04 09:23:04 --> Cannot use object of type stdClass as array
in APPPATH\Views\applyLoan.php on line 34.
 1 SYSTEMPATH\View\View.php(228): include()
 2 SYSTEMPATH\View\View.php(231): CodeIgniter\View\View->CodeIgniter\View\{closure}()
 3 SYSTEMPATH\Common.php(1190): CodeIgniter\View\View->render('applyLoan', [], true)
 4 APPPATH\Controllers\Home.php(108): view('applyLoan', [...])
 5 SYSTEMPATH\CodeIgniter.php(942): App\Controllers\Home->applyLoan()
 6 SYSTEMPATH\CodeIgniter.php(502): CodeIgniter\CodeIgniter->runController(Object(App\Controllers\Home))
 7 SYSTEMPATH\CodeIgniter.php(361): CodeIgniter\CodeIgniter->handleRequest(null, Object(Config\Cache), false)
 8 FCPATH\index.php(80): CodeIgniter\CodeIgniter->run()
CRITICAL - 2023-12-04 10:02:15 --> Undefined array key "reason_for_loan"
in APPPATH\Controllers\Home.php on line 108.
 1 APPPATH\Controllers\Home.php(108): CodeIgniter\Debug\Exceptions->errorHandler(2, 'Undefined array key "reason_for_loan"', 'C:\\xampp\\htdocs\\flynx_loans\\app\\Controllers\\Home.php', 108)
 2 SYSTEMPATH\CodeIgniter.php(942): App\Controllers\Home->getMoreInfoLoan()
 3 SYSTEMPATH\CodeIgniter.php(502): CodeIgniter\CodeIgniter->runController(Object(App\Controllers\Home))
 4 SYSTEMPATH\CodeIgniter.php(361): CodeIgniter\CodeIgniter->handleRequest(null, Object(Config\Cache), false)
 5 FCPATH\index.php(80): CodeIgniter\CodeIgniter->run()
CRITICAL - 2023-12-04 10:02:24 --> Undefined array key "reason_for_loan"
in APPPATH\Controllers\Home.php on line 108.
 1 APPPATH\Controllers\Home.php(108): CodeIgniter\Debug\Exceptions->errorHandler(2, 'Undefined array key "reason_for_loan"', 'C:\\xampp\\htdocs\\flynx_loans\\app\\Controllers\\Home.php', 108)
 2 SYSTEMPATH\CodeIgniter.php(942): App\Controllers\Home->getMoreInfoLoan()
 3 SYSTEMPATH\CodeIgniter.php(502): CodeIgniter\CodeIgniter->runController(Object(App\Controllers\Home))
 4 SYSTEMPATH\CodeIgniter.php(361): CodeIgniter\CodeIgniter->handleRequest(null, Object(Config\Cache), false)
 5 FCPATH\index.php(80): CodeIgniter\CodeIgniter->run()
CRITICAL - 2023-12-04 10:03:23 --> Undefined array key "reason_for_loan"
in APPPATH\Controllers\Home.php on line 108.
 1 APPPATH\Controllers\Home.php(108): CodeIgniter\Debug\Exceptions->errorHandler(2, 'Undefined array key "reason_for_loan"', 'C:\\xampp\\htdocs\\flynx_loans\\app\\Controllers\\Home.php', 108)
 2 SYSTEMPATH\CodeIgniter.php(942): App\Controllers\Home->getMoreInfoLoan()
 3 SYSTEMPATH\CodeIgniter.php(502): CodeIgniter\CodeIgniter->runController(Object(App\Controllers\Home))
 4 SYSTEMPATH\CodeIgniter.php(361): CodeIgniter\CodeIgniter->handleRequest(null, Object(Config\Cache), false)
 5 FCPATH\index.php(80): CodeIgniter\CodeIgniter->run()
CRITICAL - 2023-12-04 10:03:50 --> Undefined array key "reason_for_loan"
in APPPATH\Controllers\Home.php on line 108.
 1 APPPATH\Controllers\Home.php(108): CodeIgniter\Debug\Exceptions->errorHandler(2, 'Undefined array key "reason_for_loan"', 'C:\\xampp\\htdocs\\flynx_loans\\app\\Controllers\\Home.php', 108)
 2 SYSTEMPATH\CodeIgniter.php(942): App\Controllers\Home->getMoreInfoLoan()
 3 SYSTEMPATH\CodeIgniter.php(502): CodeIgniter\CodeIgniter->runController(Object(App\Controllers\Home))
 4 SYSTEMPATH\CodeIgniter.php(361): CodeIgniter\CodeIgniter->handleRequest(null, Object(Config\Cache), false)
 5 FCPATH\index.php(80): CodeIgniter\CodeIgniter->run()
CRITICAL - 2023-12-04 10:05:22 --> Undefined array key "reason_for_loan"
in APPPATH\Controllers\Home.php on line 108.
 1 APPPATH\Controllers\Home.php(108): CodeIgniter\Debug\Exceptions->errorHandler(2, 'Undefined array key "reason_for_loan"', 'C:\\xampp\\htdocs\\flynx_loans\\app\\Controllers\\Home.php', 108)
 2 SYSTEMPATH\CodeIgniter.php(942): App\Controllers\Home->getMoreInfoLoan()
 3 SYSTEMPATH\CodeIgniter.php(502): CodeIgniter\CodeIgniter->runController(Object(App\Controllers\Home))
 4 SYSTEMPATH\CodeIgniter.php(361): CodeIgniter\CodeIgniter->handleRequest(null, Object(Config\Cache), false)
 5 FCPATH\index.php(80): CodeIgniter\CodeIgniter->run()
CRITICAL - 2023-12-04 10:06:11 --> Undefined array key "reason_for_loan"
in APPPATH\Controllers\Home.php on line 108.
 1 APPPATH\Controllers\Home.php(108): CodeIgniter\Debug\Exceptions->errorHandler(2, 'Undefined array key "reason_for_loan"', 'C:\\xampp\\htdocs\\flynx_loans\\app\\Controllers\\Home.php', 108)
 2 SYSTEMPATH\CodeIgniter.php(942): App\Controllers\Home->getMoreInfoLoan()
 3 SYSTEMPATH\CodeIgniter.php(502): CodeIgniter\CodeIgniter->runController(Object(App\Controllers\Home))
 4 SYSTEMPATH\CodeIgniter.php(361): CodeIgniter\CodeIgniter->handleRequest(null, Object(Config\Cache), false)
 5 FCPATH\index.php(80): CodeIgniter\CodeIgniter->run()
CRITICAL - 2023-12-04 12:35:21 --> Undefined property: stdClass::$Loan_reason_id
in APPPATH\Views\applyLoan.php on line 389.
 1 APPPATH\Views\applyLoan.php(389): CodeIgniter\Debug\Exceptions->errorHandler(2, 'Undefined property: stdClass::$Loan_reason_id', 'C:\\xampp\\htdocs\\flynx_loans\\app\\Views\\applyLoan.php', 389)
 2 SYSTEMPATH\View\View.php(228): include('C:\\xampp\\htdocs\\flynx_loans\\app\\Views\\applyLoan.php')
 3 SYSTEMPATH\View\View.php(231): CodeIgniter\View\View->CodeIgniter\View\{closure}()
 4 SYSTEMPATH\Common.php(1190): CodeIgniter\View\View->render('applyLoan', [], true)
 5 APPPATH\Controllers\Home.php(132): view('applyLoan', [...])
 6 SYSTEMPATH\CodeIgniter.php(942): App\Controllers\Home->applyLoan()
 7 SYSTEMPATH\CodeIgniter.php(502): CodeIgniter\CodeIgniter->runController(Object(App\Controllers\Home))
 8 SYSTEMPATH\CodeIgniter.php(361): CodeIgniter\CodeIgniter->handleRequest(null, Object(Config\Cache), false)
 9 FCPATH\index.php(80): CodeIgniter\CodeIgniter->run()
CRITICAL - 2023-12-04 12:35:56 --> Object of class stdClass could not be converted to string
in APPPATH\Views\applyLoan.php on line 389.
 1 SYSTEMPATH\View\View.php(228): include()
 2 SYSTEMPATH\View\View.php(231): CodeIgniter\View\View->CodeIgniter\View\{closure}()
 3 SYSTEMPATH\Common.php(1190): CodeIgniter\View\View->render('applyLoan', [], true)
 4 APPPATH\Controllers\Home.php(132): view('applyLoan', [...])
 5 SYSTEMPATH\CodeIgniter.php(942): App\Controllers\Home->applyLoan()
 6 SYSTEMPATH\CodeIgniter.php(502): CodeIgniter\CodeIgniter->runController(Object(App\Controllers\Home))
 7 SYSTEMPATH\CodeIgniter.php(361): CodeIgniter\CodeIgniter->handleRequest(null, Object(Config\Cache), false)
 8 FCPATH\index.php(80): CodeIgniter\CodeIgniter->run()
CRITICAL - 2023-12-04 12:44:50 --> Attempt to read property "success" on null
in APPPATH\Controllers\Home.php on line 309.
 1 APPPATH\Controllers\Home.php(309): CodeIgniter\Debug\Exceptions->errorHandler(2, 'Attempt to read property "success" on null', 'C:\\xampp\\htdocs\\flynx_loans\\app\\Controllers\\Home.php', 309)
 2 SYSTEMPATH\CodeIgniter.php(942): App\Controllers\Home->analyzeLoan()
 3 SYSTEMPATH\CodeIgniter.php(502): CodeIgniter\CodeIgniter->runController(Object(App\Controllers\Home))
 4 SYSTEMPATH\CodeIgniter.php(361): CodeIgniter\CodeIgniter->handleRequest(null, Object(Config\Cache), false)
 5 FCPATH\index.php(80): CodeIgniter\CodeIgniter->run()
CRITICAL - 2023-12-04 13:55:37 --> Undefined array key "opportunity_id"
in APPPATH\Controllers\AdminDashboard.php on line 48.
 1 APPPATH\Controllers\AdminDashboard.php(48): CodeIgniter\Debug\Exceptions->errorHandler(2, 'Undefined array key "opportunity_id"', 'C:\\xampp\\htdocs\\flynx_loans\\app\\Controllers\\AdminDashboard.php', 48)
 2 SYSTEMPATH\CodeIgniter.php(942): App\Controllers\AdminDashboard->getLoanAnalysis()
 3 SYSTEMPATH\CodeIgniter.php(502): CodeIgniter\CodeIgniter->runController(Object(App\Controllers\AdminDashboard))
 4 SYSTEMPATH\CodeIgniter.php(361): CodeIgniter\CodeIgniter->handleRequest(null, Object(Config\Cache), false)
 5 FCPATH\index.php(80): CodeIgniter\CodeIgniter->run()
CRITICAL - 2023-12-04 13:55:50 --> App\Controllers\AdminDashboard::getLoanAnalysis(): Return value must be of type string, none returned
in APPPATH\Controllers\AdminDashboard.php on line 50.
 1 SYSTEMPATH\CodeIgniter.php(942): App\Controllers\AdminDashboard->getLoanAnalysis()
 2 SYSTEMPATH\CodeIgniter.php(502): CodeIgniter\CodeIgniter->runController(Object(App\Controllers\AdminDashboard))
 3 SYSTEMPATH\CodeIgniter.php(361): CodeIgniter\CodeIgniter->handleRequest(null, Object(Config\Cache), false)
 4 FCPATH\index.php(80): CodeIgniter\CodeIgniter->run()
CRITICAL - 2023-12-04 13:57:41 --> syntax error, unexpected token "}", expecting ";"
in APPPATH\Controllers\AdminDashboard.php on line 57.
 1 SYSTEMPATH\Autoloader\Autoloader.php(291): CodeIgniter\Autoloader\Autoloader->includeFile('C:\\xampp\\htdocs\\flynx_loans\\app\\Controllers\\AdminDashboard.php')
 2 SYSTEMPATH\Autoloader\Autoloader.php(269): CodeIgniter\Autoloader\Autoloader->loadInNamespace('App\\Controllers\\AdminDashboard')
 3 [internal function]: CodeIgniter\Autoloader\Autoloader->loadClass('App\\Controllers\\AdminDashboard')
 4 SYSTEMPATH\CodeIgniter.php(900): class_exists('\\App\\Controllers\\AdminDashboard', true)
 5 SYSTEMPATH\CodeIgniter.php(489): CodeIgniter\CodeIgniter->startController()
 6 SYSTEMPATH\CodeIgniter.php(361): CodeIgniter\CodeIgniter->handleRequest(null, Object(Config\Cache), false)
 7 FCPATH\index.php(80): CodeIgniter\CodeIgniter->run()
CRITICAL - 2023-12-04 16:10:50 --> Undefined property: stdClass::$opp_id
in APPPATH\Views\admin\opportunityDetail.php on line 782.
 1 APPPATH\Views\admin\opportunityDetail.php(782): CodeIgniter\Debug\Exceptions->errorHandler(2, 'Undefined property: stdClass::$opp_id', 'C:\\xampp\\htdocs\\flynx_loans\\app\\Views\\admin\\opportunityDetail.php', 782)
 2 SYSTEMPATH\View\View.php(228): include('C:\\xampp\\htdocs\\flynx_loans\\app\\Views\\admin\\opportunityDetail.php')
 3 SYSTEMPATH\View\View.php(231): CodeIgniter\View\View->CodeIgniter\View\{closure}()
 4 SYSTEMPATH\Common.php(1190): CodeIgniter\View\View->render('admin/opportunityDetail', [], true)
 5 APPPATH\Controllers\AdminDashboard.php(43): view('admin/opportunityDetail', [...])
 6 SYSTEMPATH\CodeIgniter.php(942): App\Controllers\AdminDashboard->opportunityDetail()
 7 SYSTEMPATH\CodeIgniter.php(502): CodeIgniter\CodeIgniter->runController(Object(App\Controllers\AdminDashboard))
 8 SYSTEMPATH\CodeIgniter.php(361): CodeIgniter\CodeIgniter->handleRequest(null, Object(Config\Cache), false)
 9 FCPATH\index.php(80): CodeIgniter\CodeIgniter->run()
CRITICAL - 2023-12-04 16:11:38 --> Object of class stdClass could not be converted to string
in APPPATH\Views\admin\opportunityDetail.php on line 779.
 1 SYSTEMPATH\View\View.php(228): include()
 2 SYSTEMPATH\View\View.php(231): CodeIgniter\View\View->CodeIgniter\View\{closure}()
 3 SYSTEMPATH\Common.php(1190): CodeIgniter\View\View->render('admin/opportunityDetail', [], true)
 4 APPPATH\Controllers\AdminDashboard.php(43): view('admin/opportunityDetail', [...])
 5 SYSTEMPATH\CodeIgniter.php(942): App\Controllers\AdminDashboard->opportunityDetail()
 6 SYSTEMPATH\CodeIgniter.php(502): CodeIgniter\CodeIgniter->runController(Object(App\Controllers\AdminDashboard))
 7 SYSTEMPATH\CodeIgniter.php(361): CodeIgniter\CodeIgniter->handleRequest(null, Object(Config\Cache), false)
 8 FCPATH\index.php(80): CodeIgniter\CodeIgniter->run()
CRITICAL - 2023-12-04 16:14:58 --> Attempt to read property "user_detail" on array
in APPPATH\Views\admin\opportunityDetail.php on line 59.
 1 APPPATH\Views\admin\opportunityDetail.php(59): CodeIgniter\Debug\Exceptions->errorHandler(2, 'Attempt to read property "user_detail" on array', 'C:\\xampp\\htdocs\\flynx_loans\\app\\Views\\admin\\opportunityDetail.php', 59)
 2 SYSTEMPATH\View\View.php(228): include('C:\\xampp\\htdocs\\flynx_loans\\app\\Views\\admin\\opportunityDetail.php')
 3 SYSTEMPATH\View\View.php(231): CodeIgniter\View\View->CodeIgniter\View\{closure}()
 4 SYSTEMPATH\Common.php(1190): CodeIgniter\View\View->render('admin/opportunityDetail', [], true)
 5 APPPATH\Controllers\AdminDashboard.php(43): view('admin/opportunityDetail', [...])
 6 SYSTEMPATH\CodeIgniter.php(942): App\Controllers\AdminDashboard->opportunityDetail()
 7 SYSTEMPATH\CodeIgniter.php(502): CodeIgniter\CodeIgniter->runController(Object(App\Controllers\AdminDashboard))
 8 SYSTEMPATH\CodeIgniter.php(361): CodeIgniter\CodeIgniter->handleRequest(null, Object(Config\Cache), false)
 9 FCPATH\index.php(80): CodeIgniter\CodeIgniter->run()
CRITICAL - 2023-12-04 16:15:16 --> Attempt to read property "user_detail" on array
in APPPATH\Views\admin\opportunityDetail.php on line 59.
 1 APPPATH\Views\admin\opportunityDetail.php(59): CodeIgniter\Debug\Exceptions->errorHandler(2, 'Attempt to read property "user_detail" on array', 'C:\\xampp\\htdocs\\flynx_loans\\app\\Views\\admin\\opportunityDetail.php', 59)
 2 SYSTEMPATH\View\View.php(228): include('C:\\xampp\\htdocs\\flynx_loans\\app\\Views\\admin\\opportunityDetail.php')
 3 SYSTEMPATH\View\View.php(231): CodeIgniter\View\View->CodeIgniter\View\{closure}()
 4 SYSTEMPATH\Common.php(1190): CodeIgniter\View\View->render('admin/opportunityDetail', [], true)
 5 APPPATH\Controllers\AdminDashboard.php(43): view('admin/opportunityDetail', [...])
 6 SYSTEMPATH\CodeIgniter.php(942): App\Controllers\AdminDashboard->opportunityDetail()
 7 SYSTEMPATH\CodeIgniter.php(502): CodeIgniter\CodeIgniter->runController(Object(App\Controllers\AdminDashboard))
 8 SYSTEMPATH\CodeIgniter.php(361): CodeIgniter\CodeIgniter->handleRequest(null, Object(Config\Cache), false)
 9 FCPATH\index.php(80): CodeIgniter\CodeIgniter->run()
