CRITICAL - 2023-11-22 13:10:53 --> The framework needs the following extension(s) installed and loaded: intl.
in SYSTEMPATH\CodeIgniter.php on line 252.
 1 SYSTEMPATH\CodeIgniter.php(252): CodeIgniter\Exceptions\FrameworkException::forMissingExtension('intl')
 2 SYSTEMPATH\CodeIgniter.php(214): CodeIgniter\CodeIgniter->resolvePlatformExtensions()
 3 FCPATH\index.php(68): CodeIgniter\CodeIgniter->initialize()
CRITICAL - 2023-11-22 12:21:50 --> syntax error, unexpected token "return", expecting "," or ";"
in APPPATH\Controllers\User.php on line 11.
 1 SYSTEMPATH\Autoloader\Autoloader.php(291): CodeIgniter\Autoloader\Autoloader->includeFile('C:\\xampp\\htdocs\\flynx_loans\\app\\Controllers\\User.php')
 2 SYSTEMPATH\Autoloader\Autoloader.php(269): CodeIgniter\Autoloader\Autoloader->loadInNamespace('App\\Controllers\\User')
 3 [internal function]: CodeIgniter\Autoloader\Autoloader->loadClass('App\\Controllers\\User')
 4 SYSTEMPATH\CodeIgniter.php(900): class_exists('\\App\\Controllers\\User', true)
 5 SYSTEMPATH\CodeIgniter.php(489): CodeIgniter\CodeIgniter->startController()
 6 SYSTEMPATH\CodeIgniter.php(361): CodeIgniter\CodeIgniter->handleRequest(null, Object(Config\Cache), false)
 7 FCPATH\index.php(80): CodeIgniter\CodeIgniter->run()
CRITICAL - 2023-11-22 12:22:03 --> App\Controllers\User::login(): Return value must be of type string, none returned
in APPPATH\Controllers\User.php on line 12.
 1 SYSTEMPATH\CodeIgniter.php(942): App\Controllers\User->login()
 2 SYSTEMPATH\CodeIgniter.php(502): CodeIgniter\CodeIgniter->runController(Object(App\Controllers\User))
 3 SYSTEMPATH\CodeIgniter.php(361): CodeIgniter\CodeIgniter->handleRequest(null, Object(Config\Cache), false)
 4 FCPATH\index.php(80): CodeIgniter\CodeIgniter->run()
CRITICAL - 2023-11-22 13:11:20 --> Invalid file: "dashboard.php"
in SYSTEMPATH\Exceptions\FrameworkException.php on line 39.
 1 SYSTEMPATH\View\View.php(216): CodeIgniter\Exceptions\FrameworkException::forInvalidFile('dashboard.php')
 2 SYSTEMPATH\Common.php(1190): CodeIgniter\View\View->render('dashboard', [], true)
 3 APPPATH\Controllers\AdminDashboard.php(10): view('dashboard', [...])
 4 SYSTEMPATH\CodeIgniter.php(942): App\Controllers\AdminDashboard->index()
 5 SYSTEMPATH\CodeIgniter.php(502): CodeIgniter\CodeIgniter->runController(Object(App\Controllers\AdminDashboard))
 6 SYSTEMPATH\CodeIgniter.php(361): CodeIgniter\CodeIgniter->handleRequest(null, Object(Config\Cache), false)
 7 FCPATH\index.php(80): CodeIgniter\CodeIgniter->run()
