CRITICAL - 2023-11-30 05:37:18 --> The framework needs the following extension(s) installed and loaded: intl.
in SYSTEMPATH\CodeIgniter.php on line 252.
 1 SYSTEMPATH\CodeIgniter.php(252): CodeIgniter\Exceptions\FrameworkException::forMissingExtension('intl')
 2 SYSTEMPATH\CodeIgniter.php(214): CodeIgniter\CodeIgniter->resolvePlatformExtensions()
 3 FCPATH\index.php(68): CodeIgniter\CodeIgniter->initialize()
CRITICAL - 2023-11-30 04:48:25 --> Undefined variable $title
in APPPATH\Views\admin\admintemplate.php on line 6.
 1 APPPATH\Views\admin\admintemplate.php(6): CodeIgniter\Debug\Exceptions->errorHandler(2, 'Undefined variable $title', 'C:\\xampp\\htdocs\\flynx_loans\\app\\Views\\admin\\admintemplate.php', 6)
 2 SYSTEMPATH\View\View.php(228): include('C:\\xampp\\htdocs\\flynx_loans\\app\\Views\\admin\\admintemplate.php')
 3 SYSTEMPATH\View\View.php(231): CodeIgniter\View\View->CodeIgniter\View\{closure}()
 4 SYSTEMPATH\View\View.php(244): CodeIgniter\View\View->render('admin/admintemplate', [], true)
 5 SYSTEMPATH\Common.php(1190): CodeIgniter\View\View->render('login', [], true)
 6 APPPATH\Controllers\User.php(46): view('login', [...])
 7 SYSTEMPATH\CodeIgniter.php(942): App\Controllers\User->make_login()
 8 SYSTEMPATH\CodeIgniter.php(502): CodeIgniter\CodeIgniter->runController(Object(App\Controllers\User))
 9 SYSTEMPATH\CodeIgniter.php(361): CodeIgniter\CodeIgniter->handleRequest(null, Object(Config\Cache), false)
10 FCPATH\index.php(80): CodeIgniter\CodeIgniter->run()
CRITICAL - 2023-11-30 04:49:54 --> Undefined variable $title
in APPPATH\Views\admin\admintemplate.php on line 6.
 1 APPPATH\Views\admin\admintemplate.php(6): CodeIgniter\Debug\Exceptions->errorHandler(2, 'Undefined variable $title', 'C:\\xampp\\htdocs\\flynx_loans\\app\\Views\\admin\\admintemplate.php', 6)
 2 SYSTEMPATH\View\View.php(228): include('C:\\xampp\\htdocs\\flynx_loans\\app\\Views\\admin\\admintemplate.php')
 3 SYSTEMPATH\View\View.php(231): CodeIgniter\View\View->CodeIgniter\View\{closure}()
 4 SYSTEMPATH\View\View.php(244): CodeIgniter\View\View->render('admin/admintemplate', [], true)
 5 SYSTEMPATH\Common.php(1190): CodeIgniter\View\View->render('login', [], true)
 6 APPPATH\Controllers\User.php(48): view('login', [...])
 7 SYSTEMPATH\CodeIgniter.php(942): App\Controllers\User->make_login()
 8 SYSTEMPATH\CodeIgniter.php(502): CodeIgniter\CodeIgniter->runController(Object(App\Controllers\User))
 9 SYSTEMPATH\CodeIgniter.php(361): CodeIgniter\CodeIgniter->handleRequest(null, Object(Config\Cache), false)
10 FCPATH\index.php(80): CodeIgniter\CodeIgniter->run()
CRITICAL - 2023-11-30 04:50:31 --> Undefined property: stdClass::$phone_number
in APPPATH\Models\User_model.php on line 52.
 1 APPPATH\Models\User_model.php(52): CodeIgniter\Debug\Exceptions->errorHandler(2, 'Undefined property: stdClass::$phone_number', 'C:\\xampp\\htdocs\\flynx_loans\\app\\Models\\User_model.php', 52)
 2 APPPATH\Models\Auth_model.php(57): App\Models\User_model->get_encrypted_user_detail([...], 'adminuser@yopmail.com')
 3 APPPATH\Controllers\User.php(41): App\Models\Auth_model->login('adminuser@yopmail.com', 'admin@1234', 99)
 4 SYSTEMPATH\CodeIgniter.php(942): App\Controllers\User->make_login()
 5 SYSTEMPATH\CodeIgniter.php(502): CodeIgniter\CodeIgniter->runController(Object(App\Controllers\User))
 6 SYSTEMPATH\CodeIgniter.php(361): CodeIgniter\CodeIgniter->handleRequest(null, Object(Config\Cache), false)
 7 FCPATH\index.php(80): CodeIgniter\CodeIgniter->run()
CRITICAL - 2023-11-30 04:51:19 --> Undefined property: stdClass::$language
in APPPATH\Models\User_model.php on line 55.
 1 APPPATH\Models\User_model.php(55): CodeIgniter\Debug\Exceptions->errorHandler(2, 'Undefined property: stdClass::$language', 'C:\\xampp\\htdocs\\flynx_loans\\app\\Models\\User_model.php', 55)
 2 APPPATH\Models\Auth_model.php(57): App\Models\User_model->get_encrypted_user_detail([...], 'adminuser@yopmail.com')
 3 APPPATH\Controllers\User.php(41): App\Models\Auth_model->login('adminuser@yopmail.com', 'admin@1234', 99)
 4 SYSTEMPATH\CodeIgniter.php(942): App\Controllers\User->make_login()
 5 SYSTEMPATH\CodeIgniter.php(502): CodeIgniter\CodeIgniter->runController(Object(App\Controllers\User))
 6 SYSTEMPATH\CodeIgniter.php(361): CodeIgniter\CodeIgniter->handleRequest(null, Object(Config\Cache), false)
 7 FCPATH\index.php(80): CodeIgniter\CodeIgniter->run()
CRITICAL - 2023-11-30 04:51:38 --> Undefined property: stdClass::$id
in APPPATH\Models\Auth_model.php on line 85.
 1 APPPATH\Models\Auth_model.php(85): CodeIgniter\Debug\Exceptions->errorHandler(2, 'Undefined property: stdClass::$id', 'C:\\xampp\\htdocs\\flynx_loans\\app\\Models\\Auth_model.php', 85)
 2 APPPATH\Controllers\User.php(41): App\Models\Auth_model->login('adminuser@yopmail.com', true, 99)
 3 SYSTEMPATH\CodeIgniter.php(942): App\Controllers\User->make_login()
 4 SYSTEMPATH\CodeIgniter.php(502): CodeIgniter\CodeIgniter->runController(Object(App\Controllers\User))
 5 SYSTEMPATH\CodeIgniter.php(361): CodeIgniter\CodeIgniter->handleRequest(null, Object(Config\Cache), false)
 6 FCPATH\index.php(80): CodeIgniter\CodeIgniter->run()
CRITICAL - 2023-11-30 04:52:34 --> Undefined array key "userDetail"
in APPPATH\Controllers\User.php on line 44.
 1 APPPATH\Controllers\User.php(44): CodeIgniter\Debug\Exceptions->errorHandler(2, 'Undefined array key "userDetail"', 'C:\\xampp\\htdocs\\flynx_loans\\app\\Controllers\\User.php', 44)
 2 SYSTEMPATH\CodeIgniter.php(942): App\Controllers\User->make_login()
 3 SYSTEMPATH\CodeIgniter.php(502): CodeIgniter\CodeIgniter->runController(Object(App\Controllers\User))
 4 SYSTEMPATH\CodeIgniter.php(361): CodeIgniter\CodeIgniter->handleRequest(null, Object(Config\Cache), false)
 5 FCPATH\index.php(80): CodeIgniter\CodeIgniter->run()
CRITICAL - 2023-11-30 04:55:44 --> Undefined array key "userDetail"
in APPPATH\Controllers\User.php on line 45.
 1 APPPATH\Controllers\User.php(45): CodeIgniter\Debug\Exceptions->errorHandler(2, 'Undefined array key "userDetail"', 'C:\\xampp\\htdocs\\flynx_loans\\app\\Controllers\\User.php', 45)
 2 SYSTEMPATH\CodeIgniter.php(942): App\Controllers\User->make_login()
 3 SYSTEMPATH\CodeIgniter.php(502): CodeIgniter\CodeIgniter->runController(Object(App\Controllers\User))
 4 SYSTEMPATH\CodeIgniter.php(361): CodeIgniter\CodeIgniter->handleRequest(null, Object(Config\Cache), false)
 5 FCPATH\index.php(80): CodeIgniter\CodeIgniter->run()
CRITICAL - 2023-11-30 04:57:10 --> syntax error, unexpected token "=>"
in APPPATH\Models\Auth_model.php on line 86.
 1 SYSTEMPATH\Autoloader\Autoloader.php(291): CodeIgniter\Autoloader\Autoloader->includeFile('C:\\xampp\\htdocs\\flynx_loans\\app\\Models\\Auth_model.php')
 2 SYSTEMPATH\Autoloader\Autoloader.php(269): CodeIgniter\Autoloader\Autoloader->loadInNamespace('App\\Models\\Auth_model')
 3 APPPATH\Controllers\User.php(11): CodeIgniter\Autoloader\Autoloader->loadClass('App\\Models\\Auth_model')
 4 SYSTEMPATH\CodeIgniter.php(914): App\Controllers\User->__construct()
 5 SYSTEMPATH\CodeIgniter.php(493): CodeIgniter\CodeIgniter->createController()
 6 SYSTEMPATH\CodeIgniter.php(361): CodeIgniter\CodeIgniter->handleRequest(null, Object(Config\Cache), false)
 7 FCPATH\index.php(80): CodeIgniter\CodeIgniter->run()
CRITICAL - 2023-11-30 04:57:25 --> Undefined array key "userDetail"
in APPPATH\Controllers\User.php on line 44.
 1 APPPATH\Controllers\User.php(44): CodeIgniter\Debug\Exceptions->errorHandler(2, 'Undefined array key "userDetail"', 'C:\\xampp\\htdocs\\flynx_loans\\app\\Controllers\\User.php', 44)
 2 SYSTEMPATH\CodeIgniter.php(942): App\Controllers\User->make_login()
 3 SYSTEMPATH\CodeIgniter.php(502): CodeIgniter\CodeIgniter->runController(Object(App\Controllers\User))
 4 SYSTEMPATH\CodeIgniter.php(361): CodeIgniter\CodeIgniter->handleRequest(null, Object(Config\Cache), false)
 5 FCPATH\index.php(80): CodeIgniter\CodeIgniter->run()
CRITICAL - 2023-11-30 05:22:52 --> Undefined property: stdClass::$opportunity
in APPPATH\Models\Loan_model.php on line 47.
 1 APPPATH\Models\Loan_model.php(47): CodeIgniter\Debug\Exceptions->errorHandler(2, 'Undefined property: stdClass::$opportunity', 'C:\\xampp\\htdocs\\flynx_loans\\app\\Models\\Loan_model.php', 47)
 2 APPPATH\Models\Dashboard_model.php(33): App\Models\Loan_model->get_all_loan_detail([...])
 3 APPPATH\Controllers\AdminDashboard.php(23): App\Models\Dashboard_model->show_dashboard_opportunity()
 4 SYSTEMPATH\CodeIgniter.php(942): App\Controllers\AdminDashboard->get_all_loans_opportunity()
 5 SYSTEMPATH\CodeIgniter.php(502): CodeIgniter\CodeIgniter->runController(Object(App\Controllers\AdminDashboard))
 6 SYSTEMPATH\CodeIgniter.php(361): CodeIgniter\CodeIgniter->handleRequest(null, Object(Config\Cache), false)
 7 FCPATH\index.php(80): CodeIgniter\CodeIgniter->run()
CRITICAL - 2023-11-30 05:36:28 --> Undefined property: stdClass::$phone_number
in APPPATH\Models\User_model.php on line 90.
 1 APPPATH\Models\User_model.php(90): CodeIgniter\Debug\Exceptions->errorHandler(2, 'Undefined property: stdClass::$phone_number', 'C:\\xampp\\htdocs\\flynx_loans\\app\\Models\\User_model.php', 90)
 2 APPPATH\Models\Loan_model.php(49): App\Models\User_model->get_user_detail_by_id('1', [...])
 3 APPPATH\Models\Dashboard_model.php(33): App\Models\Loan_model->get_all_loan_detail([...])
 4 APPPATH\Controllers\AdminDashboard.php(23): App\Models\Dashboard_model->show_dashboard_opportunity()
 5 SYSTEMPATH\CodeIgniter.php(942): App\Controllers\AdminDashboard->get_all_loans_opportunity()
 6 SYSTEMPATH\CodeIgniter.php(502): CodeIgniter\CodeIgniter->runController(Object(App\Controllers\AdminDashboard))
 7 SYSTEMPATH\CodeIgniter.php(361): CodeIgniter\CodeIgniter->handleRequest(null, Object(Config\Cache), false)
 8 FCPATH\index.php(80): CodeIgniter\CodeIgniter->run()
CRITICAL - 2023-11-30 05:37:11 --> Undefined property: stdClass::$language
in APPPATH\Models\User_model.php on line 93.
 1 APPPATH\Models\User_model.php(93): CodeIgniter\Debug\Exceptions->errorHandler(2, 'Undefined property: stdClass::$language', 'C:\\xampp\\htdocs\\flynx_loans\\app\\Models\\User_model.php', 93)
 2 APPPATH\Models\Loan_model.php(49): App\Models\User_model->get_user_detail_by_id('1', [...])
 3 APPPATH\Models\Dashboard_model.php(33): App\Models\Loan_model->get_all_loan_detail([...])
 4 APPPATH\Controllers\AdminDashboard.php(23): App\Models\Dashboard_model->show_dashboard_opportunity()
 5 SYSTEMPATH\CodeIgniter.php(942): App\Controllers\AdminDashboard->get_all_loans_opportunity()
 6 SYSTEMPATH\CodeIgniter.php(502): CodeIgniter\CodeIgniter->runController(Object(App\Controllers\AdminDashboard))
 7 SYSTEMPATH\CodeIgniter.php(361): CodeIgniter\CodeIgniter->handleRequest(null, Object(Config\Cache), false)
 8 FCPATH\index.php(80): CodeIgniter\CodeIgniter->run()
CRITICAL - 2023-11-30 06:31:06 --> Attempt to read property "msg" on array
in APPPATH\Controllers\AdminDashboard.php on line 30.
 1 APPPATH\Controllers\AdminDashboard.php(30): CodeIgniter\Debug\Exceptions->errorHandler(2, 'Attempt to read property "msg" on array', 'C:\\xampp\\htdocs\\flynx_loans\\app\\Controllers\\AdminDashboard.php', 30)
 2 SYSTEMPATH\CodeIgniter.php(942): App\Controllers\AdminDashboard->get_all_loans_opportunity()
 3 SYSTEMPATH\CodeIgniter.php(502): CodeIgniter\CodeIgniter->runController(Object(App\Controllers\AdminDashboard))
 4 SYSTEMPATH\CodeIgniter.php(361): CodeIgniter\CodeIgniter->handleRequest(null, Object(Config\Cache), false)
 5 FCPATH\index.php(80): CodeIgniter\CodeIgniter->run()
CRITICAL - 2023-11-30 06:36:31 --> Undefined array key "draw"
in APPPATH\Controllers\AdminDashboard.php on line 27.
 1 APPPATH\Controllers\AdminDashboard.php(27): CodeIgniter\Debug\Exceptions->errorHandler(2, 'Undefined array key "draw"', 'C:\\xampp\\htdocs\\flynx_loans\\app\\Controllers\\AdminDashboard.php', 27)
 2 SYSTEMPATH\CodeIgniter.php(942): App\Controllers\AdminDashboard->get_all_loans_opportunity()
 3 SYSTEMPATH\CodeIgniter.php(502): CodeIgniter\CodeIgniter->runController(Object(App\Controllers\AdminDashboard))
 4 SYSTEMPATH\CodeIgniter.php(361): CodeIgniter\CodeIgniter->handleRequest(null, Object(Config\Cache), false)
 5 FCPATH\index.php(80): CodeIgniter\CodeIgniter->run()
CRITICAL - 2023-11-30 08:38:15 --> syntax error, unexpected token ":", expecting "]"
in APPPATH\Controllers\AdminDashboard.php on line 31.
 1 SYSTEMPATH\Autoloader\Autoloader.php(291): CodeIgniter\Autoloader\Autoloader->includeFile('C:\\xampp\\htdocs\\flynx_loans\\app\\Controllers\\AdminDashboard.php')
 2 SYSTEMPATH\Autoloader\Autoloader.php(269): CodeIgniter\Autoloader\Autoloader->loadInNamespace('App\\Controllers\\AdminDashboard')
 3 [internal function]: CodeIgniter\Autoloader\Autoloader->loadClass('App\\Controllers\\AdminDashboard')
 4 SYSTEMPATH\CodeIgniter.php(900): class_exists('\\App\\Controllers\\AdminDashboard', true)
 5 SYSTEMPATH\CodeIgniter.php(489): CodeIgniter\CodeIgniter->startController()
 6 SYSTEMPATH\CodeIgniter.php(361): CodeIgniter\CodeIgniter->handleRequest(null, Object(Config\Cache), false)
 7 FCPATH\index.php(80): CodeIgniter\CodeIgniter->run()
CRITICAL - 2023-11-30 09:35:14 --> syntax error, unexpected token "break"
in APPPATH\Models\Loan_model.php on line 57.
 1 SYSTEMPATH\Autoloader\Autoloader.php(291): CodeIgniter\Autoloader\Autoloader->includeFile('C:\\xampp\\htdocs\\flynx_loans\\app\\Models\\Loan_model.php')
 2 SYSTEMPATH\Autoloader\Autoloader.php(269): CodeIgniter\Autoloader\Autoloader->loadInNamespace('App\\Models\\Loan_model')
 3 APPPATH\Models\Dashboard_model.php(20): CodeIgniter\Autoloader\Autoloader->loadClass('App\\Models\\Loan_model')
 4 APPPATH\Controllers\AdminDashboard.php(10): App\Models\Dashboard_model->__construct()
 5 SYSTEMPATH\CodeIgniter.php(914): App\Controllers\AdminDashboard->__construct()
 6 SYSTEMPATH\CodeIgniter.php(493): CodeIgniter\CodeIgniter->createController()
 7 SYSTEMPATH\CodeIgniter.php(361): CodeIgniter\CodeIgniter->handleRequest(null, Object(Config\Cache), false)
 8 FCPATH\index.php(80): CodeIgniter\CodeIgniter->run()
CRITICAL - 2023-11-30 09:35:52 --> syntax error, unexpected token "break"
in APPPATH\Models\Loan_model.php on line 57.
 1 SYSTEMPATH\Autoloader\Autoloader.php(291): CodeIgniter\Autoloader\Autoloader->includeFile('C:\\xampp\\htdocs\\flynx_loans\\app\\Models\\Loan_model.php')
 2 SYSTEMPATH\Autoloader\Autoloader.php(269): CodeIgniter\Autoloader\Autoloader->loadInNamespace('App\\Models\\Loan_model')
 3 APPPATH\Models\Dashboard_model.php(20): CodeIgniter\Autoloader\Autoloader->loadClass('App\\Models\\Loan_model')
 4 APPPATH\Controllers\AdminDashboard.php(10): App\Models\Dashboard_model->__construct()
 5 SYSTEMPATH\CodeIgniter.php(914): App\Controllers\AdminDashboard->__construct()
 6 SYSTEMPATH\CodeIgniter.php(493): CodeIgniter\CodeIgniter->createController()
 7 SYSTEMPATH\CodeIgniter.php(361): CodeIgniter\CodeIgniter->handleRequest(null, Object(Config\Cache), false)
 8 FCPATH\index.php(80): CodeIgniter\CodeIgniter->run()
CRITICAL - 2023-11-30 09:36:11 --> syntax error, unexpected token "break"
in APPPATH\Models\Loan_model.php on line 57.
 1 SYSTEMPATH\Autoloader\Autoloader.php(291): CodeIgniter\Autoloader\Autoloader->includeFile('C:\\xampp\\htdocs\\flynx_loans\\app\\Models\\Loan_model.php')
 2 SYSTEMPATH\Autoloader\Autoloader.php(269): CodeIgniter\Autoloader\Autoloader->loadInNamespace('App\\Models\\Loan_model')
 3 APPPATH\Models\Dashboard_model.php(20): CodeIgniter\Autoloader\Autoloader->loadClass('App\\Models\\Loan_model')
 4 APPPATH\Controllers\AdminDashboard.php(10): App\Models\Dashboard_model->__construct()
 5 SYSTEMPATH\CodeIgniter.php(914): App\Controllers\AdminDashboard->__construct()
 6 SYSTEMPATH\CodeIgniter.php(493): CodeIgniter\CodeIgniter->createController()
 7 SYSTEMPATH\CodeIgniter.php(361): CodeIgniter\CodeIgniter->handleRequest(null, Object(Config\Cache), false)
 8 FCPATH\index.php(80): CodeIgniter\CodeIgniter->run()
CRITICAL - 2023-11-30 09:47:38 --> Undefined array key "draw"
in APPPATH\Controllers\AdminDashboard.php on line 27.
 1 APPPATH\Controllers\AdminDashboard.php(27): CodeIgniter\Debug\Exceptions->errorHandler(2, 'Undefined array key "draw"', 'C:\\xampp\\htdocs\\flynx_loans\\app\\Controllers\\AdminDashboard.php', 27)
 2 SYSTEMPATH\CodeIgniter.php(942): App\Controllers\AdminDashboard->get_all_loans_opportunity()
 3 SYSTEMPATH\CodeIgniter.php(502): CodeIgniter\CodeIgniter->runController(Object(App\Controllers\AdminDashboard))
 4 SYSTEMPATH\CodeIgniter.php(361): CodeIgniter\CodeIgniter->handleRequest(null, Object(Config\Cache), false)
 5 FCPATH\index.php(80): CodeIgniter\CodeIgniter->run()
CRITICAL - 2023-11-30 09:47:57 --> Undefined array key "draw"
in APPPATH\Controllers\AdminDashboard.php on line 27.
 1 APPPATH\Controllers\AdminDashboard.php(27): CodeIgniter\Debug\Exceptions->errorHandler(2, 'Undefined array key "draw"', 'C:\\xampp\\htdocs\\flynx_loans\\app\\Controllers\\AdminDashboard.php', 27)
 2 SYSTEMPATH\CodeIgniter.php(942): App\Controllers\AdminDashboard->get_all_loans_opportunity()
 3 SYSTEMPATH\CodeIgniter.php(502): CodeIgniter\CodeIgniter->runController(Object(App\Controllers\AdminDashboard))
 4 SYSTEMPATH\CodeIgniter.php(361): CodeIgniter\CodeIgniter->handleRequest(null, Object(Config\Cache), false)
 5 FCPATH\index.php(80): CodeIgniter\CodeIgniter->run()
CRITICAL - 2023-11-30 10:05:01 --> Undefined array key "LoanId"
in APPPATH\Controllers\AdminDashboard.php on line 37.
 1 APPPATH\Controllers\AdminDashboard.php(37): CodeIgniter\Debug\Exceptions->errorHandler(2, 'Undefined array key "LoanId"', 'C:\\xampp\\htdocs\\flynx_loans\\app\\Controllers\\AdminDashboard.php', 37)
 2 SYSTEMPATH\CodeIgniter.php(942): App\Controllers\AdminDashboard->opportunityDetail()
 3 SYSTEMPATH\CodeIgniter.php(502): CodeIgniter\CodeIgniter->runController(Object(App\Controllers\AdminDashboard))
 4 SYSTEMPATH\CodeIgniter.php(361): CodeIgniter\CodeIgniter->handleRequest(null, Object(Config\Cache), false)
 5 FCPATH\index.php(80): CodeIgniter\CodeIgniter->run()
CRITICAL - 2023-11-30 12:18:32 --> Cannot use object of type stdClass as array
in APPPATH\Views\admin\opportunityDetail.php on line 107.
 1 SYSTEMPATH\View\View.php(228): include()
 2 SYSTEMPATH\View\View.php(231): CodeIgniter\View\View->CodeIgniter\View\{closure}()
 3 SYSTEMPATH\Common.php(1190): CodeIgniter\View\View->render('admin/opportunityDetail', [], true)
 4 APPPATH\Controllers\AdminDashboard.php(42): view('admin/opportunityDetail', [...])
 5 SYSTEMPATH\CodeIgniter.php(942): App\Controllers\AdminDashboard->opportunityDetail()
 6 SYSTEMPATH\CodeIgniter.php(502): CodeIgniter\CodeIgniter->runController(Object(App\Controllers\AdminDashboard))
 7 SYSTEMPATH\CodeIgniter.php(361): CodeIgniter\CodeIgniter->handleRequest(null, Object(Config\Cache), false)
 8 FCPATH\index.php(80): CodeIgniter\CodeIgniter->run()
CRITICAL - 2023-11-30 12:51:07 --> Undefined property: stdClass::$Loan_amount
in APPPATH\Views\admin\opportunityDetail.php on line 75.
 1 APPPATH\Views\admin\opportunityDetail.php(75): CodeIgniter\Debug\Exceptions->errorHandler(2, 'Undefined property: stdClass::$Loan_amount', 'C:\\xampp\\htdocs\\flynx_loans\\app\\Views\\admin\\opportunityDetail.php', 75)
 2 SYSTEMPATH\View\View.php(228): include('C:\\xampp\\htdocs\\flynx_loans\\app\\Views\\admin\\opportunityDetail.php')
 3 SYSTEMPATH\View\View.php(231): CodeIgniter\View\View->CodeIgniter\View\{closure}()
 4 SYSTEMPATH\Common.php(1190): CodeIgniter\View\View->render('admin/opportunityDetail', [], true)
 5 APPPATH\Controllers\AdminDashboard.php(44): view('admin/opportunityDetail', [...])
 6 SYSTEMPATH\CodeIgniter.php(942): App\Controllers\AdminDashboard->opportunityDetail()
 7 SYSTEMPATH\CodeIgniter.php(502): CodeIgniter\CodeIgniter->runController(Object(App\Controllers\AdminDashboard))
 8 SYSTEMPATH\CodeIgniter.php(361): CodeIgniter\CodeIgniter->handleRequest(null, Object(Config\Cache), false)
 9 FCPATH\index.php(80): CodeIgniter\CodeIgniter->run()
CRITICAL - 2023-11-30 14:46:04 --> Undefined property: stdClass::$Deposits_since_last_dishonour_c
in APPPATH\Views\admin\opportunityDetail.php on line 362.
 1 APPPATH\Views\admin\opportunityDetail.php(362): CodeIgniter\Debug\Exceptions->errorHandler(2, 'Undefined property: stdClass::$Deposits_since_last_dishonour_c', 'C:\\xampp\\htdocs\\flynx_loans\\app\\Views\\admin\\opportunityDetail.php', 362)
 2 SYSTEMPATH\View\View.php(228): include('C:\\xampp\\htdocs\\flynx_loans\\app\\Views\\admin\\opportunityDetail.php')
 3 SYSTEMPATH\View\View.php(231): CodeIgniter\View\View->CodeIgniter\View\{closure}()
 4 SYSTEMPATH\Common.php(1190): CodeIgniter\View\View->render('admin/opportunityDetail', [], true)
 5 APPPATH\Controllers\AdminDashboard.php(44): view('admin/opportunityDetail', [...])
 6 SYSTEMPATH\CodeIgniter.php(942): App\Controllers\AdminDashboard->opportunityDetail()
 7 SYSTEMPATH\CodeIgniter.php(502): CodeIgniter\CodeIgniter->runController(Object(App\Controllers\AdminDashboard))
 8 SYSTEMPATH\CodeIgniter.php(361): CodeIgniter\CodeIgniter->handleRequest(null, Object(Config\Cache), false)
 9 FCPATH\index.php(80): CodeIgniter\CodeIgniter->run()
CRITICAL - 2023-11-30 14:47:01 --> syntax error, unexpected token "->", expecting identifier or variable or "{" or "$"
in APPPATH\Views\admin\opportunityDetail.php on line 362.
 1 SYSTEMPATH\View\View.php(231): CodeIgniter\View\View->CodeIgniter\View\{closure}()
 2 SYSTEMPATH\Common.php(1190): CodeIgniter\View\View->render('admin/opportunityDetail', [], true)
 3 APPPATH\Controllers\AdminDashboard.php(44): view('admin/opportunityDetail', [...])
 4 SYSTEMPATH\CodeIgniter.php(942): App\Controllers\AdminDashboard->opportunityDetail()
 5 SYSTEMPATH\CodeIgniter.php(502): CodeIgniter\CodeIgniter->runController(Object(App\Controllers\AdminDashboard))
 6 SYSTEMPATH\CodeIgniter.php(361): CodeIgniter\CodeIgniter->handleRequest(null, Object(Config\Cache), false)
 7 FCPATH\index.php(80): CodeIgniter\CodeIgniter->run()
CRITICAL - 2023-11-30 14:47:37 --> Undefined property: stdClass::$most_recent_loan_has_no_repayments_c
in APPPATH\Views\admin\opportunityDetail.php on line 371.
 1 APPPATH\Views\admin\opportunityDetail.php(371): CodeIgniter\Debug\Exceptions->errorHandler(2, 'Undefined property: stdClass::$most_recent_loan_has_no_repayments_c', 'C:\\xampp\\htdocs\\flynx_loans\\app\\Views\\admin\\opportunityDetail.php', 371)
 2 SYSTEMPATH\View\View.php(228): include('C:\\xampp\\htdocs\\flynx_loans\\app\\Views\\admin\\opportunityDetail.php')
 3 SYSTEMPATH\View\View.php(231): CodeIgniter\View\View->CodeIgniter\View\{closure}()
 4 SYSTEMPATH\Common.php(1190): CodeIgniter\View\View->render('admin/opportunityDetail', [], true)
 5 APPPATH\Controllers\AdminDashboard.php(44): view('admin/opportunityDetail', [...])
 6 SYSTEMPATH\CodeIgniter.php(942): App\Controllers\AdminDashboard->opportunityDetail()
 7 SYSTEMPATH\CodeIgniter.php(502): CodeIgniter\CodeIgniter->runController(Object(App\Controllers\AdminDashboard))
 8 SYSTEMPATH\CodeIgniter.php(361): CodeIgniter\CodeIgniter->handleRequest(null, Object(Config\Cache), false)
 9 FCPATH\index.php(80): CodeIgniter\CodeIgniter->run()
CRITICAL - 2023-11-30 14:47:53 --> Undefined property: stdClass::$most_recent_loan_has_no_repayments_c
in APPPATH\Views\admin\opportunityDetail.php on line 371.
 1 APPPATH\Views\admin\opportunityDetail.php(371): CodeIgniter\Debug\Exceptions->errorHandler(2, 'Undefined property: stdClass::$most_recent_loan_has_no_repayments_c', 'C:\\xampp\\htdocs\\flynx_loans\\app\\Views\\admin\\opportunityDetail.php', 371)
 2 SYSTEMPATH\View\View.php(228): include('C:\\xampp\\htdocs\\flynx_loans\\app\\Views\\admin\\opportunityDetail.php')
 3 SYSTEMPATH\View\View.php(231): CodeIgniter\View\View->CodeIgniter\View\{closure}()
 4 SYSTEMPATH\Common.php(1190): CodeIgniter\View\View->render('admin/opportunityDetail', [], true)
 5 APPPATH\Controllers\AdminDashboard.php(44): view('admin/opportunityDetail', [...])
 6 SYSTEMPATH\CodeIgniter.php(942): App\Controllers\AdminDashboard->opportunityDetail()
 7 SYSTEMPATH\CodeIgniter.php(502): CodeIgniter\CodeIgniter->runController(Object(App\Controllers\AdminDashboard))
 8 SYSTEMPATH\CodeIgniter.php(361): CodeIgniter\CodeIgniter->handleRequest(null, Object(Config\Cache), false)
 9 FCPATH\index.php(80): CodeIgniter\CodeIgniter->run()
CRITICAL - 2023-11-30 14:47:53 --> Undefined property: stdClass::$most_recent_loan_has_no_repayments_c
in APPPATH\Views\admin\opportunityDetail.php on line 371.
 1 APPPATH\Views\admin\opportunityDetail.php(371): CodeIgniter\Debug\Exceptions->errorHandler(2, 'Undefined property: stdClass::$most_recent_loan_has_no_repayments_c', 'C:\\xampp\\htdocs\\flynx_loans\\app\\Views\\admin\\opportunityDetail.php', 371)
 2 SYSTEMPATH\View\View.php(228): include('C:\\xampp\\htdocs\\flynx_loans\\app\\Views\\admin\\opportunityDetail.php')
 3 SYSTEMPATH\View\View.php(231): CodeIgniter\View\View->CodeIgniter\View\{closure}()
 4 SYSTEMPATH\Common.php(1190): CodeIgniter\View\View->render('admin/opportunityDetail', [], true)
 5 APPPATH\Controllers\AdminDashboard.php(44): view('admin/opportunityDetail', [...])
 6 SYSTEMPATH\CodeIgniter.php(942): App\Controllers\AdminDashboard->opportunityDetail()
 7 SYSTEMPATH\CodeIgniter.php(502): CodeIgniter\CodeIgniter->runController(Object(App\Controllers\AdminDashboard))
 8 SYSTEMPATH\CodeIgniter.php(361): CodeIgniter\CodeIgniter->handleRequest(null, Object(Config\Cache), false)
 9 FCPATH\index.php(80): CodeIgniter\CodeIgniter->run()
CRITICAL - 2023-11-30 14:47:54 --> Undefined property: stdClass::$most_recent_loan_has_no_repayments_c
in APPPATH\Views\admin\opportunityDetail.php on line 371.
 1 APPPATH\Views\admin\opportunityDetail.php(371): CodeIgniter\Debug\Exceptions->errorHandler(2, 'Undefined property: stdClass::$most_recent_loan_has_no_repayments_c', 'C:\\xampp\\htdocs\\flynx_loans\\app\\Views\\admin\\opportunityDetail.php', 371)
 2 SYSTEMPATH\View\View.php(228): include('C:\\xampp\\htdocs\\flynx_loans\\app\\Views\\admin\\opportunityDetail.php')
 3 SYSTEMPATH\View\View.php(231): CodeIgniter\View\View->CodeIgniter\View\{closure}()
 4 SYSTEMPATH\Common.php(1190): CodeIgniter\View\View->render('admin/opportunityDetail', [], true)
 5 APPPATH\Controllers\AdminDashboard.php(44): view('admin/opportunityDetail', [...])
 6 SYSTEMPATH\CodeIgniter.php(942): App\Controllers\AdminDashboard->opportunityDetail()
 7 SYSTEMPATH\CodeIgniter.php(502): CodeIgniter\CodeIgniter->runController(Object(App\Controllers\AdminDashboard))
 8 SYSTEMPATH\CodeIgniter.php(361): CodeIgniter\CodeIgniter->handleRequest(null, Object(Config\Cache), false)
 9 FCPATH\index.php(80): CodeIgniter\CodeIgniter->run()
CRITICAL - 2023-11-30 14:48:17 --> Undefined property: stdClass::$Largest_income_Src_Avg_freq_c
in APPPATH\Views\admin\opportunityDetail.php on line 379.
 1 APPPATH\Views\admin\opportunityDetail.php(379): CodeIgniter\Debug\Exceptions->errorHandler(2, 'Undefined property: stdClass::$Largest_income_Src_Avg_freq_c', 'C:\\xampp\\htdocs\\flynx_loans\\app\\Views\\admin\\opportunityDetail.php', 379)
 2 SYSTEMPATH\View\View.php(228): include('C:\\xampp\\htdocs\\flynx_loans\\app\\Views\\admin\\opportunityDetail.php')
 3 SYSTEMPATH\View\View.php(231): CodeIgniter\View\View->CodeIgniter\View\{closure}()
 4 SYSTEMPATH\Common.php(1190): CodeIgniter\View\View->render('admin/opportunityDetail', [], true)
 5 APPPATH\Controllers\AdminDashboard.php(44): view('admin/opportunityDetail', [...])
 6 SYSTEMPATH\CodeIgniter.php(942): App\Controllers\AdminDashboard->opportunityDetail()
 7 SYSTEMPATH\CodeIgniter.php(502): CodeIgniter\CodeIgniter->runController(Object(App\Controllers\AdminDashboard))
 8 SYSTEMPATH\CodeIgniter.php(361): CodeIgniter\CodeIgniter->handleRequest(null, Object(Config\Cache), false)
 9 FCPATH\index.php(80): CodeIgniter\CodeIgniter->run()
CRITICAL - 2023-11-30 14:48:36 --> Undefined property: stdClass::$Pay_frequency
in APPPATH\Views\admin\opportunityDetail.php on line 388.
 1 APPPATH\Views\admin\opportunityDetail.php(388): CodeIgniter\Debug\Exceptions->errorHandler(2, 'Undefined property: stdClass::$Pay_frequency', 'C:\\xampp\\htdocs\\flynx_loans\\app\\Views\\admin\\opportunityDetail.php', 388)
 2 SYSTEMPATH\View\View.php(228): include('C:\\xampp\\htdocs\\flynx_loans\\app\\Views\\admin\\opportunityDetail.php')
 3 SYSTEMPATH\View\View.php(231): CodeIgniter\View\View->CodeIgniter\View\{closure}()
 4 SYSTEMPATH\Common.php(1190): CodeIgniter\View\View->render('admin/opportunityDetail', [], true)
 5 APPPATH\Controllers\AdminDashboard.php(44): view('admin/opportunityDetail', [...])
 6 SYSTEMPATH\CodeIgniter.php(942): App\Controllers\AdminDashboard->opportunityDetail()
 7 SYSTEMPATH\CodeIgniter.php(502): CodeIgniter\CodeIgniter->runController(Object(App\Controllers\AdminDashboard))
 8 SYSTEMPATH\CodeIgniter.php(361): CodeIgniter\CodeIgniter->handleRequest(null, Object(Config\Cache), false)
 9 FCPATH\index.php(80): CodeIgniter\CodeIgniter->run()
CRITICAL - 2023-11-30 14:49:34 --> Undefined property: stdClass::$income_DP200_spend_on_high_risk_merch_c
in APPPATH\Views\admin\opportunityDetail.php on line 388.
 1 APPPATH\Views\admin\opportunityDetail.php(388): CodeIgniter\Debug\Exceptions->errorHandler(2, 'Undefined property: stdClass::$income_DP200_spend_on_high_risk_merch_c', 'C:\\xampp\\htdocs\\flynx_loans\\app\\Views\\admin\\opportunityDetail.php', 388)
 2 SYSTEMPATH\View\View.php(228): include('C:\\xampp\\htdocs\\flynx_loans\\app\\Views\\admin\\opportunityDetail.php')
 3 SYSTEMPATH\View\View.php(231): CodeIgniter\View\View->CodeIgniter\View\{closure}()
 4 SYSTEMPATH\Common.php(1190): CodeIgniter\View\View->render('admin/opportunityDetail', [], true)
 5 APPPATH\Controllers\AdminDashboard.php(44): view('admin/opportunityDetail', [...])
 6 SYSTEMPATH\CodeIgniter.php(942): App\Controllers\AdminDashboard->opportunityDetail()
 7 SYSTEMPATH\CodeIgniter.php(502): CodeIgniter\CodeIgniter->runController(Object(App\Controllers\AdminDashboard))
 8 SYSTEMPATH\CodeIgniter.php(361): CodeIgniter\CodeIgniter->handleRequest(null, Object(Config\Cache), false)
 9 FCPATH\index.php(80): CodeIgniter\CodeIgniter->run()
