CRITICAL - 2023-11-24 04:59:06 --> Call to undefined method App\Models\Auth_model::hash_password_db
in SYSTEMPATH/Model.php on line 873.
 1 APPPATH/Models/Auth_model.php(68): CodeIgniter\Model->__call('hash_password_db', [...])
 2 APPPATH/Controllers/User.php(38): App\Models\Auth_model->login('adminuser@yopmail.com', ' 	admin@1234 	', 99)
 3 SYSTEMPATH/CodeIgniter.php(942): App\Controllers\User->make_login()
 4 SYSTEMPATH/CodeIgniter.php(502): CodeIgniter\CodeIgniter->runController(Object(App\Controllers\User))
 5 SYSTEMPATH/CodeIgniter.php(361): CodeIgniter\CodeIgniter->handleRequest(null, Object(Config\Cache), false)
 6 FCPATH/index.php(80): CodeIgniter\CodeIgniter->run()
CRITICAL - 2023-11-24 05:01:16 --> Call to a member function item() on null
in APPPATH/Models/Auth_model.php on line 117.
 1 APPPATH/Controllers/User.php(38): App\Models\Auth_model->login('adminuser@yopmail.com', false, 99)
 2 SYSTEMPATH/CodeIgniter.php(942): App\Controllers\User->make_login()
 3 SYSTEMPATH/CodeIgniter.php(502): CodeIgniter\CodeIgniter->runController(Object(App\Controllers\User))
 4 SYSTEMPATH/CodeIgniter.php(361): CodeIgniter\CodeIgniter->handleRequest(null, Object(Config\Cache), false)
 5 FCPATH/index.php(80): CodeIgniter\CodeIgniter->run()
ERROR - 2023-11-24 05:04:50 --> mysqli_sql_exception: Table 'flynx_loans.user' doesn't exist in /opt/lampp/htdocs/flynx_loans/system/Database/MySQLi/Connection.php:306
Stack trace:
#0 /opt/lampp/htdocs/flynx_loans/system/Database/MySQLi/Connection.php(306): mysqli->query('SELECT `passwor...', 0)
#1 /opt/lampp/htdocs/flynx_loans/system/Database/BaseConnection.php(693): CodeIgniter\Database\MySQLi\Connection->execute('SELECT `passwor...')
#2 /opt/lampp/htdocs/flynx_loans/system/Database/BaseConnection.php(607): CodeIgniter\Database\BaseConnection->simpleQuery('SELECT `passwor...')
#3 /opt/lampp/htdocs/flynx_loans/system/Database/BaseBuilder.php(1615): CodeIgniter\Database\BaseConnection->query('SELECT `passwor...', Array, false)
#4 /opt/lampp/htdocs/flynx_loans/app/Models/Auth_model.php(544): CodeIgniter\Database\BaseBuilder->get()
#5 /opt/lampp/htdocs/flynx_loans/app/Models/Auth_model.php(68): App\Models\Auth_model->hashPasswordDb('2', ' \tadmin@1234 \t')
#6 /opt/lampp/htdocs/flynx_loans/app/Controllers/User.php(38): App\Models\Auth_model->login('adminuser@yopma...', ' \tadmin@1234 \t', 99)
#7 /opt/lampp/htdocs/flynx_loans/system/CodeIgniter.php(942): App\Controllers\User->make_login()
#8 /opt/lampp/htdocs/flynx_loans/system/CodeIgniter.php(502): CodeIgniter\CodeIgniter->runController(Object(App\Controllers\User))
#9 /opt/lampp/htdocs/flynx_loans/system/CodeIgniter.php(361): CodeIgniter\CodeIgniter->handleRequest(NULL, Object(Config\Cache), false)
#10 /opt/lampp/htdocs/flynx_loans/index.php(80): CodeIgniter\CodeIgniter->run()
#11 {main}
CRITICAL - 2023-11-24 05:04:50 --> Table 'flynx_loans.user' doesn't exist
in SYSTEMPATH/Database/BaseConnection.php on line 647.
 1 SYSTEMPATH/Database/BaseBuilder.php(1615): CodeIgniter\Database\BaseConnection->query('SELECT `password`
FROM `user`
WHERE `id` = :id:', [...], false)
 2 APPPATH/Models/Auth_model.php(544): CodeIgniter\Database\BaseBuilder->get()
 3 APPPATH/Models/Auth_model.php(68): App\Models\Auth_model->hashPasswordDb('2', ' 	admin@1234 	')
 4 APPPATH/Controllers/User.php(38): App\Models\Auth_model->login('adminuser@yopmail.com', ' 	admin@1234 	', 99)
 5 SYSTEMPATH/CodeIgniter.php(942): App\Controllers\User->make_login()
 6 SYSTEMPATH/CodeIgniter.php(502): CodeIgniter\CodeIgniter->runController(Object(App\Controllers\User))
 7 SYSTEMPATH/CodeIgniter.php(361): CodeIgniter\CodeIgniter->handleRequest(null, Object(Config\Cache), false)
 8 FCPATH/index.php(80): CodeIgniter\CodeIgniter->run()
ERROR - 2023-11-24 05:22:17 --> mysqli_sql_exception: Unknown column 'id' in 'where clause' in /opt/lampp/htdocs/flynx_loans/system/Database/MySQLi/Connection.php:306
Stack trace:
#0 /opt/lampp/htdocs/flynx_loans/system/Database/MySQLi/Connection.php(306): mysqli->query('SELECT `passwor...', 0)
#1 /opt/lampp/htdocs/flynx_loans/system/Database/BaseConnection.php(693): CodeIgniter\Database\MySQLi\Connection->execute('SELECT `passwor...')
#2 /opt/lampp/htdocs/flynx_loans/system/Database/BaseConnection.php(607): CodeIgniter\Database\BaseConnection->simpleQuery('SELECT `passwor...')
#3 /opt/lampp/htdocs/flynx_loans/system/Database/BaseBuilder.php(1615): CodeIgniter\Database\BaseConnection->query('SELECT `passwor...', Array, false)
#4 /opt/lampp/htdocs/flynx_loans/app/Models/Auth_model.php(544): CodeIgniter\Database\BaseBuilder->get()
#5 /opt/lampp/htdocs/flynx_loans/app/Models/Auth_model.php(68): App\Models\Auth_model->hashPasswordDb('2', ' \tadmin@1234 \t')
#6 /opt/lampp/htdocs/flynx_loans/app/Controllers/User.php(38): App\Models\Auth_model->login('adminuser@yopma...', ' \tadmin@1234 \t', 99)
#7 /opt/lampp/htdocs/flynx_loans/system/CodeIgniter.php(942): App\Controllers\User->make_login()
#8 /opt/lampp/htdocs/flynx_loans/system/CodeIgniter.php(502): CodeIgniter\CodeIgniter->runController(Object(App\Controllers\User))
#9 /opt/lampp/htdocs/flynx_loans/system/CodeIgniter.php(361): CodeIgniter\CodeIgniter->handleRequest(NULL, Object(Config\Cache), false)
#10 /opt/lampp/htdocs/flynx_loans/index.php(80): CodeIgniter\CodeIgniter->run()
#11 {main}
CRITICAL - 2023-11-24 05:22:17 --> Unknown column 'id' in 'where clause'
in SYSTEMPATH/Database/BaseConnection.php on line 647.
 1 SYSTEMPATH/Database/BaseBuilder.php(1615): CodeIgniter\Database\BaseConnection->query('SELECT `password`
FROM `users`
WHERE `id` = :id:', [...], false)
 2 APPPATH/Models/Auth_model.php(544): CodeIgniter\Database\BaseBuilder->get()
 3 APPPATH/Models/Auth_model.php(68): App\Models\Auth_model->hashPasswordDb('2', ' 	admin@1234 	')
 4 APPPATH/Controllers/User.php(38): App\Models\Auth_model->login('adminuser@yopmail.com', ' 	admin@1234 	', 99)
 5 SYSTEMPATH/CodeIgniter.php(942): App\Controllers\User->make_login()
 6 SYSTEMPATH/CodeIgniter.php(502): CodeIgniter\CodeIgniter->runController(Object(App\Controllers\User))
 7 SYSTEMPATH/CodeIgniter.php(361): CodeIgniter\CodeIgniter->handleRequest(null, Object(Config\Cache), false)
 8 FCPATH/index.php(80): CodeIgniter\CodeIgniter->run()
ERROR - 2023-11-24 05:22:52 --> mysqli_sql_exception: Unknown column 'id' in 'where clause' in /opt/lampp/htdocs/flynx_loans/system/Database/MySQLi/Connection.php:306
Stack trace:
#0 /opt/lampp/htdocs/flynx_loans/system/Database/MySQLi/Connection.php(306): mysqli->query('SELECT `passwor...', 0)
#1 /opt/lampp/htdocs/flynx_loans/system/Database/BaseConnection.php(693): CodeIgniter\Database\MySQLi\Connection->execute('SELECT `passwor...')
#2 /opt/lampp/htdocs/flynx_loans/system/Database/BaseConnection.php(607): CodeIgniter\Database\BaseConnection->simpleQuery('SELECT `passwor...')
#3 /opt/lampp/htdocs/flynx_loans/system/Database/BaseBuilder.php(1615): CodeIgniter\Database\BaseConnection->query('SELECT `passwor...', Array, false)
#4 /opt/lampp/htdocs/flynx_loans/app/Models/Auth_model.php(544): CodeIgniter\Database\BaseBuilder->get()
#5 /opt/lampp/htdocs/flynx_loans/app/Models/Auth_model.php(68): App\Models\Auth_model->hashPasswordDb('2', ' \tadmin@1234 \t')
#6 /opt/lampp/htdocs/flynx_loans/app/Controllers/User.php(38): App\Models\Auth_model->login('adminuser@yopma...', ' \tadmin@1234 \t', 99)
#7 /opt/lampp/htdocs/flynx_loans/system/CodeIgniter.php(942): App\Controllers\User->make_login()
#8 /opt/lampp/htdocs/flynx_loans/system/CodeIgniter.php(502): CodeIgniter\CodeIgniter->runController(Object(App\Controllers\User))
#9 /opt/lampp/htdocs/flynx_loans/system/CodeIgniter.php(361): CodeIgniter\CodeIgniter->handleRequest(NULL, Object(Config\Cache), false)
#10 /opt/lampp/htdocs/flynx_loans/index.php(80): CodeIgniter\CodeIgniter->run()
#11 {main}
CRITICAL - 2023-11-24 05:22:52 --> Unknown column 'id' in 'where clause'
in SYSTEMPATH/Database/BaseConnection.php on line 647.
 1 SYSTEMPATH/Database/BaseBuilder.php(1615): CodeIgniter\Database\BaseConnection->query('SELECT `password`
FROM `users`
WHERE `id` = :id:', [...], false)
 2 APPPATH/Models/Auth_model.php(544): CodeIgniter\Database\BaseBuilder->get()
 3 APPPATH/Models/Auth_model.php(68): App\Models\Auth_model->hashPasswordDb('2', ' 	admin@1234 	')
 4 APPPATH/Controllers/User.php(38): App\Models\Auth_model->login('adminuser@yopmail.com', ' 	admin@1234 	', 99)
 5 SYSTEMPATH/CodeIgniter.php(942): App\Controllers\User->make_login()
 6 SYSTEMPATH/CodeIgniter.php(502): CodeIgniter\CodeIgniter->runController(Object(App\Controllers\User))
 7 SYSTEMPATH/CodeIgniter.php(361): CodeIgniter\CodeIgniter->handleRequest(null, Object(Config\Cache), false)
 8 FCPATH/index.php(80): CodeIgniter\CodeIgniter->run()
CRITICAL - 2023-11-24 05:32:52 --> Too few arguments to function log_message(), 1 passed in /opt/lampp/htdocs/flynx_loans/app/Models/Auth_model.php on line 75 and at least 2 expected
in SYSTEMPATH/Common.php on line 799.
 1 APPPATH/Models/Auth_model.php(75): log_message('User [] account account is not active.')
 2 APPPATH/Controllers/User.php(38): App\Models\Auth_model->login('adminuser@yopmail.com', true, 99)
 3 SYSTEMPATH/CodeIgniter.php(942): App\Controllers\User->make_login()
 4 SYSTEMPATH/CodeIgniter.php(502): CodeIgniter\CodeIgniter->runController(Object(App\Controllers\User))
 5 SYSTEMPATH/CodeIgniter.php(361): CodeIgniter\CodeIgniter->handleRequest(null, Object(Config\Cache), false)
 6 FCPATH/index.php(80): CodeIgniter\CodeIgniter->run()
CRITICAL - 2023-11-24 05:53:38 --> syntax error, unexpected '->' (T_OBJECT_OPERATOR), expecting ';' or ','
in APPPATH/Models/Auth_model.php on line 85.
 1 SYSTEMPATH/Autoloader/Autoloader.php(291): CodeIgniter\Autoloader\Autoloader->includeFile('/opt/lampp/htdocs/flynx_loans/app/Models/Auth_model.php')
 2 SYSTEMPATH/Autoloader/Autoloader.php(269): CodeIgniter\Autoloader\Autoloader->loadInNamespace('App\\Models\\Auth_model')
 3 [internal function]: CodeIgniter\Autoloader\Autoloader->loadClass('App\\Models\\Auth_model')
 4 APPPATH/Controllers/User.php(11): spl_autoload_call('App\\Models\\Auth_model')
 5 SYSTEMPATH/CodeIgniter.php(914): App\Controllers\User->__construct()
 6 SYSTEMPATH/CodeIgniter.php(493): CodeIgniter\CodeIgniter->createController()
 7 SYSTEMPATH/CodeIgniter.php(361): CodeIgniter\CodeIgniter->handleRequest(null, Object(Config\Cache), false)
 8 FCPATH/index.php(80): CodeIgniter\CodeIgniter->run()
CRITICAL - 2023-11-24 06:02:32 --> Call to undefined method App\Models\Auth_model::increase_login_attempts
in SYSTEMPATH/Model.php on line 873.
 1 APPPATH/Models/Auth_model.php(111): CodeIgniter\Model->__call('increase_login_attempts', [...])
 2 APPPATH/Controllers/User.php(38): App\Models\Auth_model->login('adminuser@yopmail.com', false, 99)
 3 SYSTEMPATH/CodeIgniter.php(942): App\Controllers\User->make_login()
 4 SYSTEMPATH/CodeIgniter.php(502): CodeIgniter\CodeIgniter->runController(Object(App\Controllers\User))
 5 SYSTEMPATH/CodeIgniter.php(361): CodeIgniter\CodeIgniter->handleRequest(null, Object(Config\Cache), false)
 6 FCPATH/index.php(80): CodeIgniter\CodeIgniter->run()
CRITICAL - 2023-11-24 06:05:01 --> Call to undefined method App\Models\Auth_model::increase_login_attempts
in SYSTEMPATH/Model.php on line 873.
 1 APPPATH/Models/Auth_model.php(111): CodeIgniter\Model->__call('increase_login_attempts', [...])
 2 APPPATH/Controllers/User.php(38): App\Models\Auth_model->login('adminuser@yopmail.com', false, 99)
 3 SYSTEMPATH/CodeIgniter.php(942): App\Controllers\User->make_login()
 4 SYSTEMPATH/CodeIgniter.php(502): CodeIgniter\CodeIgniter->runController(Object(App\Controllers\User))
 5 SYSTEMPATH/CodeIgniter.php(361): CodeIgniter\CodeIgniter->handleRequest(null, Object(Config\Cache), false)
 6 FCPATH/index.php(80): CodeIgniter\CodeIgniter->run()
CRITICAL - 2023-11-24 06:10:08 --> Call to undefined method CodeIgniter\Database\MySQLi\Connection::select()
in APPPATH/Models/Auth_model.php on line 129.
 1 APPPATH/Models/Auth_model.php(111): App\Models\Auth_model->increase_login_attempts('2')
 2 APPPATH/Controllers/User.php(38): App\Models\Auth_model->login('adminuser@yopmail.com', false, 99)
 3 SYSTEMPATH/CodeIgniter.php(942): App\Controllers\User->make_login()
 4 SYSTEMPATH/CodeIgniter.php(502): CodeIgniter\CodeIgniter->runController(Object(App\Controllers\User))
 5 SYSTEMPATH/CodeIgniter.php(361): CodeIgniter\CodeIgniter->handleRequest(null, Object(Config\Cache), false)
 6 FCPATH/index.php(80): CodeIgniter\CodeIgniter->run()
CRITICAL - 2023-11-24 06:12:41 --> Call to undefined method CodeIgniter\Database\MySQLi\Builder::getResult()
in APPPATH/Models/Auth_model.php on line 133.
 1 APPPATH/Models/Auth_model.php(111): App\Models\Auth_model->increase_login_attempts('2')
 2 APPPATH/Controllers/User.php(38): App\Models\Auth_model->login('adminuser@yopmail.com', false, 99)
 3 SYSTEMPATH/CodeIgniter.php(942): App\Controllers\User->make_login()
 4 SYSTEMPATH/CodeIgniter.php(502): CodeIgniter\CodeIgniter->runController(Object(App\Controllers\User))
 5 SYSTEMPATH/CodeIgniter.php(361): CodeIgniter\CodeIgniter->handleRequest(null, Object(Config\Cache), false)
 6 FCPATH/index.php(80): CodeIgniter\CodeIgniter->run()
CRITICAL - 2023-11-24 06:14:11 --> Call to undefined method stdClass::num_rows()
in APPPATH/Models/Auth_model.php on line 136.
 1 APPPATH/Models/Auth_model.php(111): App\Models\Auth_model->increase_login_attempts('2')
 2 APPPATH/Controllers/User.php(38): App\Models\Auth_model->login('adminuser@yopmail.com', false, 99)
 3 SYSTEMPATH/CodeIgniter.php(942): App\Controllers\User->make_login()
 4 SYSTEMPATH/CodeIgniter.php(502): CodeIgniter\CodeIgniter->runController(Object(App\Controllers\User))
 5 SYSTEMPATH/CodeIgniter.php(361): CodeIgniter\CodeIgniter->handleRequest(null, Object(Config\Cache), false)
 6 FCPATH/index.php(80): CodeIgniter\CodeIgniter->run()
CRITICAL - 2023-11-24 06:14:48 --> Call to undefined method stdClass::row()
in APPPATH/Models/Auth_model.php on line 137.
 1 APPPATH/Models/Auth_model.php(111): App\Models\Auth_model->increase_login_attempts('2')
 2 APPPATH/Controllers/User.php(38): App\Models\Auth_model->login('adminuser@yopmail.com', false, 99)
 3 SYSTEMPATH/CodeIgniter.php(942): App\Controllers\User->make_login()
 4 SYSTEMPATH/CodeIgniter.php(502): CodeIgniter\CodeIgniter->runController(Object(App\Controllers\User))
 5 SYSTEMPATH/CodeIgniter.php(361): CodeIgniter\CodeIgniter->handleRequest(null, Object(Config\Cache), false)
 6 FCPATH/index.php(80): CodeIgniter\CodeIgniter->run()
CRITICAL - 2023-11-24 06:15:23 --> Call to a member function item() on null
in APPPATH/Models/Auth_model.php on line 137.
 1 APPPATH/Models/Auth_model.php(111): App\Models\Auth_model->increase_login_attempts('2')
 2 APPPATH/Controllers/User.php(38): App\Models\Auth_model->login('adminuser@yopmail.com', false, 99)
 3 SYSTEMPATH/CodeIgniter.php(942): App\Controllers\User->make_login()
 4 SYSTEMPATH/CodeIgniter.php(502): CodeIgniter\CodeIgniter->runController(Object(App\Controllers\User))
 5 SYSTEMPATH/CodeIgniter.php(361): CodeIgniter\CodeIgniter->handleRequest(null, Object(Config\Cache), false)
 6 FCPATH/index.php(80): CodeIgniter\CodeIgniter->run()
ERROR - 2023-11-24 06:19:26 --> mysqli_sql_exception: Unknown column 'updated_at' in 'field list' in /opt/lampp/htdocs/flynx_loans/system/Database/MySQLi/Connection.php:306
Stack trace:
#0 /opt/lampp/htdocs/flynx_loans/system/Database/MySQLi/Connection.php(306): mysqli->query('UPDATE `users` ...', 0)
#1 /opt/lampp/htdocs/flynx_loans/system/Database/BaseConnection.php(693): CodeIgniter\Database\MySQLi\Connection->execute('UPDATE `users` ...')
#2 /opt/lampp/htdocs/flynx_loans/system/Database/BaseConnection.php(607): CodeIgniter\Database\BaseConnection->simpleQuery('UPDATE `users` ...')
#3 /opt/lampp/htdocs/flynx_loans/system/Database/BaseBuilder.php(2475): CodeIgniter\Database\BaseConnection->query('UPDATE `users` ...', Array, false)
#4 /opt/lampp/htdocs/flynx_loans/app/Models/Auth_model.php(145): CodeIgniter\Database\BaseBuilder->update(Array)
#5 /opt/lampp/htdocs/flynx_loans/app/Models/Auth_model.php(111): App\Models\Auth_model->increase_login_attempts('2')
#6 /opt/lampp/htdocs/flynx_loans/app/Controllers/User.php(38): App\Models\Auth_model->login('adminuser@yopma...', false, 99)
#7 /opt/lampp/htdocs/flynx_loans/system/CodeIgniter.php(942): App\Controllers\User->make_login()
#8 /opt/lampp/htdocs/flynx_loans/system/CodeIgniter.php(502): CodeIgniter\CodeIgniter->runController(Object(App\Controllers\User))
#9 /opt/lampp/htdocs/flynx_loans/system/CodeIgniter.php(361): CodeIgniter\CodeIgniter->handleRequest(NULL, Object(Config\Cache), false)
#10 /opt/lampp/htdocs/flynx_loans/index.php(80): CodeIgniter\CodeIgniter->run()
#11 {main}
CRITICAL - 2023-11-24 06:19:26 --> Unknown column 'updated_at' in 'field list'
in SYSTEMPATH/Database/BaseConnection.php on line 647.
 1 SYSTEMPATH/Database/BaseBuilder.php(2475): CodeIgniter\Database\BaseConnection->query('UPDATE `users` SET `login_attempts` = :login_attempts:, `updated_at` = :updated_at:', [...], false)
 2 APPPATH/Models/Auth_model.php(145): CodeIgniter\Database\BaseBuilder->update([...])
 3 APPPATH/Models/Auth_model.php(111): App\Models\Auth_model->increase_login_attempts('2')
 4 APPPATH/Controllers/User.php(38): App\Models\Auth_model->login('adminuser@yopmail.com', false, 99)
 5 SYSTEMPATH/CodeIgniter.php(942): App\Controllers\User->make_login()
 6 SYSTEMPATH/CodeIgniter.php(502): CodeIgniter\CodeIgniter->runController(Object(App\Controllers\User))
 7 SYSTEMPATH/CodeIgniter.php(361): CodeIgniter\CodeIgniter->handleRequest(null, Object(Config\Cache), false)
 8 FCPATH/index.php(80): CodeIgniter\CodeIgniter->run()
CRITICAL - 2023-11-24 06:21:34 --> syntax error, unexpected '->' (T_OBJECT_OPERATOR)
in APPPATH/Models/Auth_model.php on line 147.
 1 SYSTEMPATH/Autoloader/Autoloader.php(291): CodeIgniter\Autoloader\Autoloader->includeFile('/opt/lampp/htdocs/flynx_loans/app/Models/Auth_model.php')
 2 SYSTEMPATH/Autoloader/Autoloader.php(269): CodeIgniter\Autoloader\Autoloader->loadInNamespace('App\\Models\\Auth_model')
 3 [internal function]: CodeIgniter\Autoloader\Autoloader->loadClass('App\\Models\\Auth_model')
 4 APPPATH/Controllers/User.php(11): spl_autoload_call('App\\Models\\Auth_model')
 5 SYSTEMPATH/CodeIgniter.php(914): App\Controllers\User->__construct()
 6 SYSTEMPATH/CodeIgniter.php(493): CodeIgniter\CodeIgniter->createController()
 7 SYSTEMPATH/CodeIgniter.php(361): CodeIgniter\CodeIgniter->handleRequest(null, Object(Config\Cache), false)
 8 FCPATH/index.php(80): CodeIgniter\CodeIgniter->run()
ERROR - 2023-11-24 06:21:47 --> mysqli_sql_exception: Unknown column 'updated_at' in 'field list' in /opt/lampp/htdocs/flynx_loans/system/Database/MySQLi/Connection.php:306
Stack trace:
#0 /opt/lampp/htdocs/flynx_loans/system/Database/MySQLi/Connection.php(306): mysqli->query('UPDATE `users` ...', 0)
#1 /opt/lampp/htdocs/flynx_loans/system/Database/BaseConnection.php(693): CodeIgniter\Database\MySQLi\Connection->execute('UPDATE `users` ...')
#2 /opt/lampp/htdocs/flynx_loans/system/Database/BaseConnection.php(607): CodeIgniter\Database\BaseConnection->simpleQuery('UPDATE `users` ...')
#3 /opt/lampp/htdocs/flynx_loans/system/Database/BaseBuilder.php(2475): CodeIgniter\Database\BaseConnection->query('UPDATE `users` ...', Array, false)
#4 /opt/lampp/htdocs/flynx_loans/app/Models/Auth_model.php(147): CodeIgniter\Database\BaseBuilder->update(Array)
#5 /opt/lampp/htdocs/flynx_loans/app/Models/Auth_model.php(111): App\Models\Auth_model->increase_login_attempts('2')
#6 /opt/lampp/htdocs/flynx_loans/app/Controllers/User.php(38): App\Models\Auth_model->login('adminuser@yopma...', false, 99)
#7 /opt/lampp/htdocs/flynx_loans/system/CodeIgniter.php(942): App\Controllers\User->make_login()
#8 /opt/lampp/htdocs/flynx_loans/system/CodeIgniter.php(502): CodeIgniter\CodeIgniter->runController(Object(App\Controllers\User))
#9 /opt/lampp/htdocs/flynx_loans/system/CodeIgniter.php(361): CodeIgniter\CodeIgniter->handleRequest(NULL, Object(Config\Cache), false)
#10 /opt/lampp/htdocs/flynx_loans/index.php(80): CodeIgniter\CodeIgniter->run()
#11 {main}
CRITICAL - 2023-11-24 06:21:47 --> Unknown column 'updated_at' in 'field list'
in SYSTEMPATH/Database/BaseConnection.php on line 647.
 1 SYSTEMPATH/Database/BaseBuilder.php(2475): CodeIgniter\Database\BaseConnection->query('UPDATE `users` SET `login_attempts` = :login_attempts:, `updated_at` = :updated_at:
WHERE `userID` = :userID:', [...], false)
 2 APPPATH/Models/Auth_model.php(147): CodeIgniter\Database\BaseBuilder->update([...])
 3 APPPATH/Models/Auth_model.php(111): App\Models\Auth_model->increase_login_attempts('2')
 4 APPPATH/Controllers/User.php(38): App\Models\Auth_model->login('adminuser@yopmail.com', false, 99)
 5 SYSTEMPATH/CodeIgniter.php(942): App\Controllers\User->make_login()
 6 SYSTEMPATH/CodeIgniter.php(502): CodeIgniter\CodeIgniter->runController(Object(App\Controllers\User))
 7 SYSTEMPATH/CodeIgniter.php(361): CodeIgniter\CodeIgniter->handleRequest(null, Object(Config\Cache), false)
 8 FCPATH/index.php(80): CodeIgniter\CodeIgniter->run()
CRITICAL - 2023-11-24 06:26:28 --> Call to a member function set() on null
in APPPATH/Controllers/User.php on line 42.
 1 SYSTEMPATH/CodeIgniter.php(942): App\Controllers\User->make_login()
 2 SYSTEMPATH/CodeIgniter.php(502): CodeIgniter\CodeIgniter->runController(Object(App\Controllers\User))
 3 SYSTEMPATH/CodeIgniter.php(361): CodeIgniter\CodeIgniter->handleRequest(null, Object(Config\Cache), false)
 4 FCPATH/index.php(80): CodeIgniter\CodeIgniter->run()
CRITICAL - 2023-11-24 06:28:14 --> Too few arguments to function CodeIgniter\Session\Session::__construct(), 0 passed in /opt/lampp/htdocs/flynx_loans/system/Config/Factories.php on line 221 and exactly 2 expected
in APPPATH/Config/Session.php on line 167.
 1 SYSTEMPATH/Config/Factories.php(221): CodeIgniter\Session\Session->__construct()
 2 SYSTEMPATH/Config/Factories.php(171): CodeIgniter\Config\Factories::createInstance('config', 'CodeIgniter\\Session\\Session', [])
 3 SYSTEMPATH/Common.php(217): CodeIgniter\Config\Factories::__callStatic('config', [])
 4 SYSTEMPATH/Config/Services.php(667): config('Config\\Session')
 5 SYSTEMPATH/Config/BaseService.php(258): CodeIgniter\Config\Services::session(null, false)
 6 SYSTEMPATH/Config/BaseService.php(199): CodeIgniter\Config\BaseService::__callStatic('session', [...])
 7 SYSTEMPATH/Config/Services.php(664): CodeIgniter\Config\BaseService::getSharedInstance('session', null)
 8 SYSTEMPATH/Config/BaseService.php(258): CodeIgniter\Config\Services::session()
 9 SYSTEMPATH/Common.php(996): CodeIgniter\Config\BaseService::__callStatic('session', [])
10 APPPATH/Controllers/User.php(12): session()
11 SYSTEMPATH/CodeIgniter.php(914): App\Controllers\User->__construct()
12 SYSTEMPATH/CodeIgniter.php(493): CodeIgniter\CodeIgniter->createController()
13 SYSTEMPATH/CodeIgniter.php(361): CodeIgniter\CodeIgniter->handleRequest(null, Object(Config\Cache), false)
14 FCPATH/index.php(80): CodeIgniter\CodeIgniter->run()
CRITICAL - 2023-11-24 06:30:03 --> Too few arguments to function CodeIgniter\Session\Session::__construct(), 0 passed in /opt/lampp/htdocs/flynx_loans/system/Config/Factories.php on line 221 and exactly 2 expected
in APPPATH/Config/Session.php on line 167.
 1 SYSTEMPATH/Config/Factories.php(221): CodeIgniter\Session\Session->__construct()
 2 SYSTEMPATH/Config/Factories.php(171): CodeIgniter\Config\Factories::createInstance('config', 'CodeIgniter\\Session\\Session', [])
 3 SYSTEMPATH/Common.php(217): CodeIgniter\Config\Factories::__callStatic('config', [])
 4 SYSTEMPATH/Config/Services.php(667): config('Config\\Session')
 5 SYSTEMPATH/Config/BaseService.php(258): CodeIgniter\Config\Services::session(null, false)
 6 SYSTEMPATH/Config/BaseService.php(199): CodeIgniter\Config\BaseService::__callStatic('session', [...])
 7 SYSTEMPATH/Config/Services.php(664): CodeIgniter\Config\BaseService::getSharedInstance('session', null)
 8 SYSTEMPATH/Config/BaseService.php(258): CodeIgniter\Config\Services::session()
 9 SYSTEMPATH/Common.php(996): CodeIgniter\Config\BaseService::__callStatic('session', [])
10 APPPATH/Controllers/User.php(12): session()
11 SYSTEMPATH/CodeIgniter.php(914): App\Controllers\User->__construct()
12 SYSTEMPATH/CodeIgniter.php(493): CodeIgniter\CodeIgniter->createController()
13 SYSTEMPATH/CodeIgniter.php(361): CodeIgniter\CodeIgniter->handleRequest(null, Object(Config\Cache), false)
14 FCPATH/index.php(80): CodeIgniter\CodeIgniter->run()
CRITICAL - 2023-11-24 06:53:04 --> syntax error, unexpected ':'
in APPPATH/Models/Dashboard_model.php on line 34.
 1 SYSTEMPATH/Autoloader/Autoloader.php(291): CodeIgniter\Autoloader\Autoloader->includeFile('/opt/lampp/htdocs/flynx_loans/app/Models/Dashboard_model.php')
 2 SYSTEMPATH/Autoloader/Autoloader.php(269): CodeIgniter\Autoloader\Autoloader->loadInNamespace('App\\Models\\Dashboard_model')
 3 [internal function]: CodeIgniter\Autoloader\Autoloader->loadClass('App\\Models\\Dashboard_model')
 4 APPPATH/Controllers/AdminDashboard.php(10): spl_autoload_call('App\\Models\\Dashboard_model')
 5 SYSTEMPATH/CodeIgniter.php(914): App\Controllers\AdminDashboard->__construct()
 6 SYSTEMPATH/CodeIgniter.php(493): CodeIgniter\CodeIgniter->createController()
 7 SYSTEMPATH/CodeIgniter.php(361): CodeIgniter\CodeIgniter->handleRequest(null, Object(Config\Cache), false)
 8 FCPATH/index.php(80): CodeIgniter\CodeIgniter->run()
CRITICAL - 2023-11-24 07:22:30 --> Call to undefined function App\Models\get_opportunity_by_id()
in APPPATH/Models/Loan_model.php on line 43.
 1 APPPATH/Models/Dashboard_model.php(33): App\Models\Loan_model->get_all_loan_detail([...])
 2 APPPATH/Controllers/AdminDashboard.php(19): App\Models\Dashboard_model->show_dashboard_opportunity()
 3 SYSTEMPATH/CodeIgniter.php(942): App\Controllers\AdminDashboard->index()
 4 SYSTEMPATH/CodeIgniter.php(502): CodeIgniter\CodeIgniter->runController(Object(App\Controllers\AdminDashboard))
 5 SYSTEMPATH/CodeIgniter.php(361): CodeIgniter\CodeIgniter->handleRequest(null, Object(Config\Cache), false)
 6 FCPATH/index.php(80): CodeIgniter\CodeIgniter->run()
CRITICAL - 2023-11-24 07:22:46 --> Invalid argument supplied for foreach()
in SYSTEMPATH/Database/BaseBuilder.php on line 411.
 1 SYSTEMPATH/Database/BaseBuilder.php(411): CodeIgniter\Debug\Exceptions->errorHandler(2, 'Invalid argument supplied for foreach()', '/opt/lampp/htdocs/flynx_loans/system/Database/BaseBuilder.php', 411, [...])
 2 APPPATH/Models/Loan_model.php(67): CodeIgniter\Database\BaseBuilder->select(null, true, null, null, null, null, null, null, null, null, null, null, null, null, null, null, null, null, null, null, null, null, null, null, null, null, null, null, null, null, null, null, null, null, null, null, null, null, null, null, null, null, null, null, null, null, null, null, null, null, null, null, null)
 3 APPPATH/Models/Loan_model.php(43): App\Models\Loan_model->get_opportunity_by_id('1')
 4 APPPATH/Models/Dashboard_model.php(33): App\Models\Loan_model->get_all_loan_detail([...])
 5 APPPATH/Controllers/AdminDashboard.php(19): App\Models\Dashboard_model->show_dashboard_opportunity()
 6 SYSTEMPATH/CodeIgniter.php(942): App\Controllers\AdminDashboard->index()
 7 SYSTEMPATH/CodeIgniter.php(502): CodeIgniter\CodeIgniter->runController(Object(App\Controllers\AdminDashboard))
 8 SYSTEMPATH/CodeIgniter.php(361): CodeIgniter\CodeIgniter->handleRequest(null, Object(Config\Cache), false)
 9 FCPATH/index.php(80): CodeIgniter\CodeIgniter->run()
CRITICAL - 2023-11-24 07:23:04 --> Invalid argument supplied for foreach()
in SYSTEMPATH/Database/BaseBuilder.php on line 411.
 1 SYSTEMPATH/Database/BaseBuilder.php(411): CodeIgniter\Debug\Exceptions->errorHandler(2, 'Invalid argument supplied for foreach()', '/opt/lampp/htdocs/flynx_loans/system/Database/BaseBuilder.php', 411, [...])
 2 APPPATH/Models/Loan_model.php(67): CodeIgniter\Database\BaseBuilder->select(null, true, null, null, null, null, null, null, null, null, null, null, null, null, null, null, null, null, null, null, null, null, null, null, null, null, null, null, null, null, null, null, null, null, null, null, null, null, null, null, null, null, null, null, null, null, null, null, null, null, null, null, null)
 3 APPPATH/Models/Loan_model.php(43): App\Models\Loan_model->get_opportunity_by_id('1')
 4 APPPATH/Models/Dashboard_model.php(33): App\Models\Loan_model->get_all_loan_detail([...])
 5 APPPATH/Controllers/AdminDashboard.php(19): App\Models\Dashboard_model->show_dashboard_opportunity()
 6 SYSTEMPATH/CodeIgniter.php(942): App\Controllers\AdminDashboard->index()
 7 SYSTEMPATH/CodeIgniter.php(502): CodeIgniter\CodeIgniter->runController(Object(App\Controllers\AdminDashboard))
 8 SYSTEMPATH/CodeIgniter.php(361): CodeIgniter\CodeIgniter->handleRequest(null, Object(Config\Cache), false)
 9 FCPATH/index.php(80): CodeIgniter\CodeIgniter->run()
CRITICAL - 2023-11-24 07:23:30 --> Invalid argument supplied for foreach()
in SYSTEMPATH/Database/BaseBuilder.php on line 411.
 1 SYSTEMPATH/Database/BaseBuilder.php(411): CodeIgniter\Debug\Exceptions->errorHandler(2, 'Invalid argument supplied for foreach()', '/opt/lampp/htdocs/flynx_loans/system/Database/BaseBuilder.php', 411, [...])
 2 APPPATH/Models/Loan_model.php(67): CodeIgniter\Database\BaseBuilder->select(null, true, null, null, null, null, null, null, null, null, null, null, null, null, null, null, null, null, null, null, null, null, null, null, null, null, null, null, null, null, null, null, null, null, null, null, null, null, null, null, null, null, null, null, null, null, null, null, null, null, null, null, null)
 3 APPPATH/Models/Loan_model.php(43): App\Models\Loan_model->get_opportunity_by_id('1')
 4 APPPATH/Models/Dashboard_model.php(33): App\Models\Loan_model->get_all_loan_detail([...])
 5 APPPATH/Controllers/AdminDashboard.php(19): App\Models\Dashboard_model->show_dashboard_opportunity()
 6 SYSTEMPATH/CodeIgniter.php(942): App\Controllers\AdminDashboard->index()
 7 SYSTEMPATH/CodeIgniter.php(502): CodeIgniter\CodeIgniter->runController(Object(App\Controllers\AdminDashboard))
 8 SYSTEMPATH/CodeIgniter.php(361): CodeIgniter\CodeIgniter->handleRequest(null, Object(Config\Cache), false)
 9 FCPATH/index.php(80): CodeIgniter\CodeIgniter->run()
CRITICAL - 2023-11-24 07:35:02 --> Call to undefined method CodeIgniter\Database\MySQLi\Builder::getResult()
in APPPATH/Models/Loan_model.php on line 70.
 1 APPPATH/Models/Loan_model.php(43): App\Models\Loan_model->get_opportunity_by_id('1')
 2 APPPATH/Models/Dashboard_model.php(33): App\Models\Loan_model->get_all_loan_detail([...])
 3 APPPATH/Controllers/AdminDashboard.php(19): App\Models\Dashboard_model->show_dashboard_opportunity()
 4 SYSTEMPATH/CodeIgniter.php(942): App\Controllers\AdminDashboard->index()
 5 SYSTEMPATH/CodeIgniter.php(502): CodeIgniter\CodeIgniter->runController(Object(App\Controllers\AdminDashboard))
 6 SYSTEMPATH/CodeIgniter.php(361): CodeIgniter\CodeIgniter->handleRequest(null, Object(Config\Cache), false)
 7 FCPATH/index.php(80): CodeIgniter\CodeIgniter->run()
CRITICAL - 2023-11-24 07:35:11 --> Call to undefined method CodeIgniter\Database\MySQLi\Builder::getResult()
in APPPATH/Models/Loan_model.php on line 69.
 1 APPPATH/Models/Loan_model.php(43): App\Models\Loan_model->get_opportunity_by_id('1')
 2 APPPATH/Models/Dashboard_model.php(33): App\Models\Loan_model->get_all_loan_detail([...])
 3 APPPATH/Controllers/AdminDashboard.php(19): App\Models\Dashboard_model->show_dashboard_opportunity()
 4 SYSTEMPATH/CodeIgniter.php(942): App\Controllers\AdminDashboard->index()
 5 SYSTEMPATH/CodeIgniter.php(502): CodeIgniter\CodeIgniter->runController(Object(App\Controllers\AdminDashboard))
 6 SYSTEMPATH/CodeIgniter.php(361): CodeIgniter\CodeIgniter->handleRequest(null, Object(Config\Cache), false)
 7 FCPATH/index.php(80): CodeIgniter\CodeIgniter->run()
CRITICAL - 2023-11-24 07:39:22 --> Object of class stdClass could not be converted to string
in APPPATH/Models/Loan_model.php on line 71.
 1 APPPATH/Models/Loan_model.php(45): App\Models\Loan_model->get_opportunity_by_id('1')
 2 APPPATH/Models/Dashboard_model.php(33): App\Models\Loan_model->get_all_loan_detail([...])
 3 APPPATH/Controllers/AdminDashboard.php(19): App\Models\Dashboard_model->show_dashboard_opportunity()
 4 SYSTEMPATH/CodeIgniter.php(942): App\Controllers\AdminDashboard->index()
 5 SYSTEMPATH/CodeIgniter.php(502): CodeIgniter\CodeIgniter->runController(Object(App\Controllers\AdminDashboard))
 6 SYSTEMPATH/CodeIgniter.php(361): CodeIgniter\CodeIgniter->handleRequest(null, Object(Config\Cache), false)
 7 FCPATH/index.php(80): CodeIgniter\CodeIgniter->run()
CRITICAL - 2023-11-24 09:17:32 --> Invalid argument supplied for foreach()
in APPPATH/Models/Loan_model.php on line 77.
 1 APPPATH/Models/Loan_model.php(77): CodeIgniter\Debug\Exceptions->errorHandler(2, 'Invalid argument supplied for foreach()', '/opt/lampp/htdocs/flynx_loans/app/Models/Loan_model.php', 77, [...])
 2 APPPATH/Models/Loan_model.php(45): App\Models\Loan_model->get_opportunity_by_id('1')
 3 APPPATH/Models/Dashboard_model.php(33): App\Models\Loan_model->get_all_loan_detail([...])
 4 APPPATH/Controllers/AdminDashboard.php(19): App\Models\Dashboard_model->show_dashboard_opportunity()
 5 SYSTEMPATH/CodeIgniter.php(942): App\Controllers\AdminDashboard->index()
 6 SYSTEMPATH/CodeIgniter.php(502): CodeIgniter\CodeIgniter->runController(Object(App\Controllers\AdminDashboard))
 7 SYSTEMPATH/CodeIgniter.php(361): CodeIgniter\CodeIgniter->handleRequest(null, Object(Config\Cache), false)
 8 FCPATH/index.php(80): CodeIgniter\CodeIgniter->run()
CRITICAL - 2023-11-24 09:34:37 --> syntax error, unexpected '->' (T_OBJECT_OPERATOR)
in APPPATH/Models/User_model.php on line 74.
 1 SYSTEMPATH/Autoloader/Autoloader.php(291): CodeIgniter\Autoloader\Autoloader->includeFile('/opt/lampp/htdocs/flynx_loans/app/Models/User_model.php')
 2 SYSTEMPATH/Autoloader/Autoloader.php(269): CodeIgniter\Autoloader\Autoloader->loadInNamespace('App\\Models\\User_model')
 3 [internal function]: CodeIgniter\Autoloader\Autoloader->loadClass('App\\Models\\User_model')
 4 APPPATH/Models/Loan_model.php(18): spl_autoload_call('App\\Models\\User_model')
 5 APPPATH/Models/Dashboard_model.php(19): App\Models\Loan_model->__construct()
 6 APPPATH/Controllers/AdminDashboard.php(10): App\Models\Dashboard_model->__construct()
 7 SYSTEMPATH/CodeIgniter.php(914): App\Controllers\AdminDashboard->__construct()
 8 SYSTEMPATH/CodeIgniter.php(493): CodeIgniter\CodeIgniter->createController()
 9 SYSTEMPATH/CodeIgniter.php(361): CodeIgniter\CodeIgniter->handleRequest(null, Object(Config\Cache), false)
10 FCPATH/index.php(80): CodeIgniter\CodeIgniter->run()
CRITICAL - 2023-11-24 10:09:53 --> Class 'Config\Models' not found
in APPPATH/Models/Dashboard_model.php on line 23.
 1 APPPATH/Controllers/AdminDashboard.php(10): App\Models\Dashboard_model->__construct()
 2 SYSTEMPATH/CodeIgniter.php(914): App\Controllers\AdminDashboard->__construct()
 3 SYSTEMPATH/CodeIgniter.php(493): CodeIgniter\CodeIgniter->createController()
 4 SYSTEMPATH/CodeIgniter.php(361): CodeIgniter\CodeIgniter->handleRequest(null, Object(Config\Cache), false)
 5 FCPATH/index.php(80): CodeIgniter\CodeIgniter->run()
CRITICAL - 2023-11-24 10:10:17 --> Class 'App\Models' not found
in APPPATH/Models/Dashboard_model.php on line 23.
 1 APPPATH/Controllers/AdminDashboard.php(10): App\Models\Dashboard_model->__construct()
 2 SYSTEMPATH/CodeIgniter.php(914): App\Controllers\AdminDashboard->__construct()
 3 SYSTEMPATH/CodeIgniter.php(493): CodeIgniter\CodeIgniter->createController()
 4 SYSTEMPATH/CodeIgniter.php(361): CodeIgniter\CodeIgniter->handleRequest(null, Object(Config\Cache), false)
 5 FCPATH/index.php(80): CodeIgniter\CodeIgniter->run()
CRITICAL - 2023-11-24 10:10:40 --> Call to undefined method App\Models\User_model::isAdminLoggedin
in SYSTEMPATH/Model.php on line 873.
 1 APPPATH/Models/Dashboard_model.php(40): CodeIgniter\Model->__call('isAdminLoggedin', [])
 2 APPPATH/Controllers/AdminDashboard.php(19): App\Models\Dashboard_model->show_dashboard_opportunity()
 3 SYSTEMPATH/CodeIgniter.php(942): App\Controllers\AdminDashboard->index()
 4 SYSTEMPATH/CodeIgniter.php(502): CodeIgniter\CodeIgniter->runController(Object(App\Controllers\AdminDashboard))
 5 SYSTEMPATH/CodeIgniter.php(361): CodeIgniter\CodeIgniter->handleRequest(null, Object(Config\Cache), false)
 6 FCPATH/index.php(80): CodeIgniter\CodeIgniter->run()
CRITICAL - 2023-11-24 10:24:31 --> Use of undefined constant data - assumed 'data' (this will throw an Error in a future version of PHP)
in APPPATH/Views/admin/dashboard.php on line 83.
 1 APPPATH/Views/admin/dashboard.php(83): CodeIgniter\Debug\Exceptions->errorHandler(2, 'Use of undefined constant data - assumed \'data\' (this will throw an Error in a future version of PHP)', '/opt/lampp/htdocs/flynx_loans/app/Views/admin/dashboard.php', 83, [...])
 2 SYSTEMPATH/View/View.php(228): include('/opt/lampp/htdocs/flynx_loans/app/Views/admin/dashboard.php')
 3 SYSTEMPATH/View/View.php(231): CodeIgniter\View\View->CodeIgniter\View\{closure}()
 4 SYSTEMPATH/Common.php(1190): CodeIgniter\View\View->render('admin/dashboard', [], true)
 5 APPPATH/Controllers/AdminDashboard.php(20): view('admin/dashboard', [...])
 6 SYSTEMPATH/CodeIgniter.php(942): App\Controllers\AdminDashboard->index()
 7 SYSTEMPATH/CodeIgniter.php(502): CodeIgniter\CodeIgniter->runController(Object(App\Controllers\AdminDashboard))
 8 SYSTEMPATH/CodeIgniter.php(361): CodeIgniter\CodeIgniter->handleRequest(null, Object(Config\Cache), false)
 9 FCPATH/index.php(80): CodeIgniter\CodeIgniter->run()
CRITICAL - 2023-11-24 10:24:43 --> syntax error, unexpected 'echo' (T_ECHO)
in APPPATH/Views/admin/dashboard.php on line 83.
 1 SYSTEMPATH/View/View.php(231): CodeIgniter\View\View->CodeIgniter\View\{closure}()
 2 SYSTEMPATH/Common.php(1190): CodeIgniter\View\View->render('admin/dashboard', [], true)
 3 APPPATH/Controllers/AdminDashboard.php(20): view('admin/dashboard', [...])
 4 SYSTEMPATH/CodeIgniter.php(942): App\Controllers\AdminDashboard->index()
 5 SYSTEMPATH/CodeIgniter.php(502): CodeIgniter\CodeIgniter->runController(Object(App\Controllers\AdminDashboard))
 6 SYSTEMPATH/CodeIgniter.php(361): CodeIgniter\CodeIgniter->handleRequest(null, Object(Config\Cache), false)
 7 FCPATH/index.php(80): CodeIgniter\CodeIgniter->run()
CRITICAL - 2023-11-24 10:24:56 --> Use of undefined constant data - assumed 'data' (this will throw an Error in a future version of PHP)
in APPPATH/Views/admin/dashboard.php on line 83.
 1 APPPATH/Views/admin/dashboard.php(83): CodeIgniter\Debug\Exceptions->errorHandler(2, 'Use of undefined constant data - assumed \'data\' (this will throw an Error in a future version of PHP)', '/opt/lampp/htdocs/flynx_loans/app/Views/admin/dashboard.php', 83, [...])
 2 SYSTEMPATH/View/View.php(228): include('/opt/lampp/htdocs/flynx_loans/app/Views/admin/dashboard.php')
 3 SYSTEMPATH/View/View.php(231): CodeIgniter\View\View->CodeIgniter\View\{closure}()
 4 SYSTEMPATH/Common.php(1190): CodeIgniter\View\View->render('admin/dashboard', [], true)
 5 APPPATH/Controllers/AdminDashboard.php(20): view('admin/dashboard', [...])
 6 SYSTEMPATH/CodeIgniter.php(942): App\Controllers\AdminDashboard->index()
 7 SYSTEMPATH/CodeIgniter.php(502): CodeIgniter\CodeIgniter->runController(Object(App\Controllers\AdminDashboard))
 8 SYSTEMPATH/CodeIgniter.php(361): CodeIgniter\CodeIgniter->handleRequest(null, Object(Config\Cache), false)
 9 FCPATH/index.php(80): CodeIgniter\CodeIgniter->run()
CRITICAL - 2023-11-24 10:25:05 --> Use of undefined constant data - assumed 'data' (this will throw an Error in a future version of PHP)
in APPPATH/Views/admin/dashboard.php on line 83.
 1 APPPATH/Views/admin/dashboard.php(83): CodeIgniter\Debug\Exceptions->errorHandler(2, 'Use of undefined constant data - assumed \'data\' (this will throw an Error in a future version of PHP)', '/opt/lampp/htdocs/flynx_loans/app/Views/admin/dashboard.php', 83, [...])
 2 SYSTEMPATH/View/View.php(228): include('/opt/lampp/htdocs/flynx_loans/app/Views/admin/dashboard.php')
 3 SYSTEMPATH/View/View.php(231): CodeIgniter\View\View->CodeIgniter\View\{closure}()
 4 SYSTEMPATH/Common.php(1190): CodeIgniter\View\View->render('admin/dashboard', [], true)
 5 APPPATH/Controllers/AdminDashboard.php(20): view('admin/dashboard', [...])
 6 SYSTEMPATH/CodeIgniter.php(942): App\Controllers\AdminDashboard->index()
 7 SYSTEMPATH/CodeIgniter.php(502): CodeIgniter\CodeIgniter->runController(Object(App\Controllers\AdminDashboard))
 8 SYSTEMPATH/CodeIgniter.php(361): CodeIgniter\CodeIgniter->handleRequest(null, Object(Config\Cache), false)
 9 FCPATH/index.php(80): CodeIgniter\CodeIgniter->run()
CRITICAL - 2023-11-24 10:26:36 --> Use of undefined constant data - assumed 'data' (this will throw an Error in a future version of PHP)
in APPPATH/Views/admin/dashboard.php on line 83.
 1 APPPATH/Views/admin/dashboard.php(83): CodeIgniter\Debug\Exceptions->errorHandler(2, 'Use of undefined constant data - assumed \'data\' (this will throw an Error in a future version of PHP)', '/opt/lampp/htdocs/flynx_loans/app/Views/admin/dashboard.php', 83, [...])
 2 SYSTEMPATH/View/View.php(228): include('/opt/lampp/htdocs/flynx_loans/app/Views/admin/dashboard.php')
 3 SYSTEMPATH/View/View.php(231): CodeIgniter\View\View->CodeIgniter\View\{closure}()
 4 SYSTEMPATH/Common.php(1190): CodeIgniter\View\View->render('admin/dashboard', [], true)
 5 APPPATH/Controllers/AdminDashboard.php(23): view('admin/dashboard', [...])
 6 SYSTEMPATH/CodeIgniter.php(942): App\Controllers\AdminDashboard->index()
 7 SYSTEMPATH/CodeIgniter.php(502): CodeIgniter\CodeIgniter->runController(Object(App\Controllers\AdminDashboard))
 8 SYSTEMPATH/CodeIgniter.php(361): CodeIgniter\CodeIgniter->handleRequest(null, Object(Config\Cache), false)
 9 FCPATH/index.php(80): CodeIgniter\CodeIgniter->run()
CRITICAL - 2023-11-24 10:39:11 --> Cannot use object of type stdClass as array
in APPPATH/Views/admin/dashboard.php on line 98.
 1 SYSTEMPATH/View/View.php(228): include()
 2 SYSTEMPATH/View/View.php(231): CodeIgniter\View\View->CodeIgniter\View\{closure}()
 3 SYSTEMPATH/Common.php(1190): CodeIgniter\View\View->render('admin/dashboard', [], true)
 4 APPPATH/Controllers/AdminDashboard.php(23): view('admin/dashboard', [...])
 5 SYSTEMPATH/CodeIgniter.php(942): App\Controllers\AdminDashboard->index()
 6 SYSTEMPATH/CodeIgniter.php(502): CodeIgniter\CodeIgniter->runController(Object(App\Controllers\AdminDashboard))
 7 SYSTEMPATH/CodeIgniter.php(361): CodeIgniter\CodeIgniter->handleRequest(null, Object(Config\Cache), false)
 8 FCPATH/index.php(80): CodeIgniter\CodeIgniter->run()
CRITICAL - 2023-11-24 11:48:33 --> Return value of CodeIgniter\HTTP\SiteURI::stringifyRelativePath() must be of the type string, null returned
in SYSTEMPATH/HTTP/SiteURI.php on line 403.
 1 SYSTEMPATH/HTTP/SiteURI.php(377): CodeIgniter\HTTP\SiteURI->stringifyRelativePath(null)
 2 SYSTEMPATH/Helpers/url_helper.php(54): CodeIgniter\HTTP\SiteURI->baseUrl(null, null)
 3 APPPATH/Views/admin/dashboard.php(221): base_url(null)
 4 SYSTEMPATH/View/View.php(228): include('/opt/lampp/htdocs/flynx_loans/app/Views/admin/dashboard.php')
 5 SYSTEMPATH/View/View.php(231): CodeIgniter\View\View->CodeIgniter\View\{closure}()
 6 SYSTEMPATH/Common.php(1190): CodeIgniter\View\View->render('admin/dashboard', [], true)
 7 APPPATH/Controllers/AdminDashboard.php(23): view('admin/dashboard', [...])
 8 SYSTEMPATH/CodeIgniter.php(942): App\Controllers\AdminDashboard->index()
 9 SYSTEMPATH/CodeIgniter.php(502): CodeIgniter\CodeIgniter->runController(Object(App\Controllers\AdminDashboard))
10 SYSTEMPATH/CodeIgniter.php(361): CodeIgniter\CodeIgniter->handleRequest(null, Object(Config\Cache), false)
11 FCPATH/index.php(80): CodeIgniter\CodeIgniter->run()
CRITICAL - 2023-11-24 11:50:15 --> Return value of CodeIgniter\HTTP\SiteURI::stringifyRelativePath() must be of the type string, null returned
in SYSTEMPATH/HTTP/SiteURI.php on line 403.
 1 SYSTEMPATH/HTTP/SiteURI.php(377): CodeIgniter\HTTP\SiteURI->stringifyRelativePath(null)
 2 SYSTEMPATH/Helpers/url_helper.php(54): CodeIgniter\HTTP\SiteURI->baseUrl(null, null)
 3 APPPATH/Views/admin/dashboard.php(221): base_url(null)
 4 SYSTEMPATH/View/View.php(228): include('/opt/lampp/htdocs/flynx_loans/app/Views/admin/dashboard.php')
 5 SYSTEMPATH/View/View.php(231): CodeIgniter\View\View->CodeIgniter\View\{closure}()
 6 SYSTEMPATH/Common.php(1190): CodeIgniter\View\View->render('admin/dashboard', [], true)
 7 APPPATH/Controllers/AdminDashboard.php(23): view('admin/dashboard', [...])
 8 SYSTEMPATH/CodeIgniter.php(942): App\Controllers\AdminDashboard->index()
 9 SYSTEMPATH/CodeIgniter.php(502): CodeIgniter\CodeIgniter->runController(Object(App\Controllers\AdminDashboard))
10 SYSTEMPATH/CodeIgniter.php(361): CodeIgniter\CodeIgniter->handleRequest(null, Object(Config\Cache), false)
11 FCPATH/index.php(80): CodeIgniter\CodeIgniter->run()
CRITICAL - 2023-11-24 11:50:17 --> Return value of CodeIgniter\HTTP\SiteURI::stringifyRelativePath() must be of the type string, null returned
in SYSTEMPATH/HTTP/SiteURI.php on line 403.
 1 SYSTEMPATH/HTTP/SiteURI.php(377): CodeIgniter\HTTP\SiteURI->stringifyRelativePath(null)
 2 SYSTEMPATH/Helpers/url_helper.php(54): CodeIgniter\HTTP\SiteURI->baseUrl(null, null)
 3 APPPATH/Views/admin/dashboard.php(221): base_url(null)
 4 SYSTEMPATH/View/View.php(228): include('/opt/lampp/htdocs/flynx_loans/app/Views/admin/dashboard.php')
 5 SYSTEMPATH/View/View.php(231): CodeIgniter\View\View->CodeIgniter\View\{closure}()
 6 SYSTEMPATH/Common.php(1190): CodeIgniter\View\View->render('admin/dashboard', [], true)
 7 APPPATH/Controllers/AdminDashboard.php(23): view('admin/dashboard', [...])
 8 SYSTEMPATH/CodeIgniter.php(942): App\Controllers\AdminDashboard->index()
 9 SYSTEMPATH/CodeIgniter.php(502): CodeIgniter\CodeIgniter->runController(Object(App\Controllers\AdminDashboard))
10 SYSTEMPATH/CodeIgniter.php(361): CodeIgniter\CodeIgniter->handleRequest(null, Object(Config\Cache), false)
11 FCPATH/index.php(80): CodeIgniter\CodeIgniter->run()
CRITICAL - 2023-11-24 11:50:36 --> Return value of CodeIgniter\HTTP\SiteURI::stringifyRelativePath() must be of the type string, null returned
in SYSTEMPATH/HTTP/SiteURI.php on line 403.
 1 SYSTEMPATH/HTTP/SiteURI.php(377): CodeIgniter\HTTP\SiteURI->stringifyRelativePath(null)
 2 SYSTEMPATH/Helpers/url_helper.php(54): CodeIgniter\HTTP\SiteURI->baseUrl(null, null)
 3 APPPATH/Views/admin/dashboard.php(221): base_url(null)
 4 SYSTEMPATH/View/View.php(228): include('/opt/lampp/htdocs/flynx_loans/app/Views/admin/dashboard.php')
 5 SYSTEMPATH/View/View.php(231): CodeIgniter\View\View->CodeIgniter\View\{closure}()
 6 SYSTEMPATH/Common.php(1190): CodeIgniter\View\View->render('admin/dashboard', [], true)
 7 APPPATH/Controllers/AdminDashboard.php(23): view('admin/dashboard', [...])
 8 SYSTEMPATH/CodeIgniter.php(942): App\Controllers\AdminDashboard->index()
 9 SYSTEMPATH/CodeIgniter.php(502): CodeIgniter\CodeIgniter->runController(Object(App\Controllers\AdminDashboard))
10 SYSTEMPATH/CodeIgniter.php(361): CodeIgniter\CodeIgniter->handleRequest(null, Object(Config\Cache), false)
11 FCPATH/index.php(80): CodeIgniter\CodeIgniter->run()
CRITICAL - 2023-11-24 11:50:39 --> Return value of CodeIgniter\HTTP\SiteURI::stringifyRelativePath() must be of the type string, null returned
in SYSTEMPATH/HTTP/SiteURI.php on line 403.
 1 SYSTEMPATH/HTTP/SiteURI.php(377): CodeIgniter\HTTP\SiteURI->stringifyRelativePath(null)
 2 SYSTEMPATH/Helpers/url_helper.php(54): CodeIgniter\HTTP\SiteURI->baseUrl(null, null)
 3 APPPATH/Views/admin/dashboard.php(221): base_url(null)
 4 SYSTEMPATH/View/View.php(228): include('/opt/lampp/htdocs/flynx_loans/app/Views/admin/dashboard.php')
 5 SYSTEMPATH/View/View.php(231): CodeIgniter\View\View->CodeIgniter\View\{closure}()
 6 SYSTEMPATH/Common.php(1190): CodeIgniter\View\View->render('admin/dashboard', [], true)
 7 APPPATH/Controllers/AdminDashboard.php(23): view('admin/dashboard', [...])
 8 SYSTEMPATH/CodeIgniter.php(942): App\Controllers\AdminDashboard->index()
 9 SYSTEMPATH/CodeIgniter.php(502): CodeIgniter\CodeIgniter->runController(Object(App\Controllers\AdminDashboard))
10 SYSTEMPATH/CodeIgniter.php(361): CodeIgniter\CodeIgniter->handleRequest(null, Object(Config\Cache), false)
11 FCPATH/index.php(80): CodeIgniter\CodeIgniter->run()
CRITICAL - 2023-11-24 12:08:29 --> Call to undefined function assetsUrl()
in APPPATH/Views/admin/admintemplate.php on line 26.
 1 SYSTEMPATH/View/View.php(228): include()
 2 SYSTEMPATH/View/View.php(231): CodeIgniter\View\View->CodeIgniter\View\{closure}()
 3 SYSTEMPATH/View/View.php(244): CodeIgniter\View\View->render('admin/admintemplate', [], true)
 4 SYSTEMPATH/Common.php(1190): CodeIgniter\View\View->render('admin/dashboard', [], true)
 5 APPPATH/Controllers/AdminDashboard.php(23): view('admin/dashboard', [...])
 6 SYSTEMPATH/CodeIgniter.php(942): App\Controllers\AdminDashboard->index()
 7 SYSTEMPATH/CodeIgniter.php(502): CodeIgniter\CodeIgniter->runController(Object(App\Controllers\AdminDashboard))
 8 SYSTEMPATH/CodeIgniter.php(361): CodeIgniter\CodeIgniter->handleRequest(null, Object(Config\Cache), false)
 9 FCPATH/index.php(80): CodeIgniter\CodeIgniter->run()
