CRITICAL - 2023-12-06 02:55:43 --> Undefined array key "login_user_detail"
in APPPATH\Views\admin\opportunityDetail.php on line 44.
 1 APPPATH\Views\admin\opportunityDetail.php(44): CodeIgniter\Debug\Exceptions->errorHandler(2, 'Undefined array key "login_user_detail"', 'C:\\xampp\\htdocs\\flynx_loans\\app\\Views\\admin\\opportunityDetail.php', 44)
 2 SYSTEMPATH\View\View.php(228): include('C:\\xampp\\htdocs\\flynx_loans\\app\\Views\\admin\\opportunityDetail.php')
 3 SYSTEMPATH\View\View.php(231): CodeIgniter\View\View->CodeIgniter\View\{closure}()
 4 SYSTEMPATH\Common.php(1190): CodeIgniter\View\View->render('admin/opportunityDetail', [], true)
 5 APPPATH\Controllers\AdminDashboard.php(51): view('admin/opportunityDetail', [...])
 6 SYSTEMPATH\CodeIgniter.php(942): App\Controllers\AdminDashboard->opportunityDetail()
 7 SYSTEMPATH\CodeIgniter.php(502): CodeIgniter\CodeIgniter->runController(Object(App\Controllers\AdminDashboard))
 8 SYSTEMPATH\CodeIgniter.php(361): CodeIgniter\CodeIgniter->handleRequest(null, Object(Config\Cache), false)
 9 FCPATH\index.php(80): CodeIgniter\CodeIgniter->run()
CRITICAL - 2023-12-06 02:55:43 --> Undefined array key "login_user_detail"
in APPPATH\Views\admin\opportunityDetail.php on line 44.
 1 APPPATH\Views\admin\opportunityDetail.php(44): CodeIgniter\Debug\Exceptions->errorHandler(2, 'Undefined array key "login_user_detail"', 'C:\\xampp\\htdocs\\flynx_loans\\app\\Views\\admin\\opportunityDetail.php', 44)
 2 SYSTEMPATH\View\View.php(228): include('C:\\xampp\\htdocs\\flynx_loans\\app\\Views\\admin\\opportunityDetail.php')
 3 SYSTEMPATH\View\View.php(231): CodeIgniter\View\View->CodeIgniter\View\{closure}()
 4 SYSTEMPATH\Common.php(1190): CodeIgniter\View\View->render('admin/opportunityDetail', [], true)
 5 APPPATH\Controllers\AdminDashboard.php(51): view('admin/opportunityDetail', [...])
 6 SYSTEMPATH\CodeIgniter.php(942): App\Controllers\AdminDashboard->opportunityDetail()
 7 SYSTEMPATH\CodeIgniter.php(502): CodeIgniter\CodeIgniter->runController(Object(App\Controllers\AdminDashboard))
 8 SYSTEMPATH\CodeIgniter.php(361): CodeIgniter\CodeIgniter->handleRequest(null, Object(Config\Cache), false)
 9 FCPATH\index.php(80): CodeIgniter\CodeIgniter->run()
CRITICAL - 2023-12-06 03:04:33 --> Undefined array key "login_user_detail"
in APPPATH\Views\template.php on line 73.
 1 APPPATH\Views\template.php(73): CodeIgniter\Debug\Exceptions->errorHandler(2, 'Undefined array key "login_user_detail"', 'C:\\xampp\\htdocs\\flynx_loans\\app\\Views\\template.php', 73)
 2 SYSTEMPATH\View\View.php(228): include('C:\\xampp\\htdocs\\flynx_loans\\app\\Views\\template.php')
 3 SYSTEMPATH\View\View.php(231): CodeIgniter\View\View->CodeIgniter\View\{closure}()
 4 SYSTEMPATH\View\View.php(244): CodeIgniter\View\View->render('template', [], true)
 5 SYSTEMPATH\Common.php(1190): CodeIgniter\View\View->render('home', [], true)
 6 APPPATH\Controllers\Home.php(34): view('home', [...])
 7 SYSTEMPATH\CodeIgniter.php(942): App\Controllers\Home->index()
 8 SYSTEMPATH\CodeIgniter.php(502): CodeIgniter\CodeIgniter->runController(Object(App\Controllers\Home))
 9 SYSTEMPATH\CodeIgniter.php(361): CodeIgniter\CodeIgniter->handleRequest(null, Object(Config\Cache), false)
10 FCPATH\index.php(80): CodeIgniter\CodeIgniter->run()
CRITICAL - 2023-12-06 03:38:36 --> Call to undefined function App\Controllers\convertObjectToStrings()
in APPPATH\Controllers\AdminDashboard.php on line 96.
 1 SYSTEMPATH\CodeIgniter.php(942): App\Controllers\AdminDashboard->getLoanAnalysis()
 2 SYSTEMPATH\CodeIgniter.php(502): CodeIgniter\CodeIgniter->runController(Object(App\Controllers\AdminDashboard))
 3 SYSTEMPATH\CodeIgniter.php(361): CodeIgniter\CodeIgniter->handleRequest(null, Object(Config\Cache), false)
 4 FCPATH\index.php(80): CodeIgniter\CodeIgniter->run()
CRITICAL - 2023-12-06 03:59:03 --> Call to undefined function App\Controllers\convertObjectToStrings()
in APPPATH\Controllers\AdminDashboard.php on line 96.
 1 SYSTEMPATH\CodeIgniter.php(942): App\Controllers\AdminDashboard->getLoanAnalysis()
 2 SYSTEMPATH\CodeIgniter.php(502): CodeIgniter\CodeIgniter->runController(Object(App\Controllers\AdminDashboard))
 3 SYSTEMPATH\CodeIgniter.php(361): CodeIgniter\CodeIgniter->handleRequest(null, Object(Config\Cache), false)
 4 FCPATH\index.php(80): CodeIgniter\CodeIgniter->run()
CRITICAL - 2023-12-06 04:02:32 --> Call to undefined function App\Controllers\convertObjectToStrings()
in APPPATH\Controllers\AdminDashboard.php on line 96.
 1 SYSTEMPATH\CodeIgniter.php(942): App\Controllers\AdminDashboard->getLoanAnalysis()
 2 SYSTEMPATH\CodeIgniter.php(502): CodeIgniter\CodeIgniter->runController(Object(App\Controllers\AdminDashboard))
 3 SYSTEMPATH\CodeIgniter.php(361): CodeIgniter\CodeIgniter->handleRequest(null, Object(Config\Cache), false)
 4 FCPATH\index.php(80): CodeIgniter\CodeIgniter->run()
CRITICAL - 2023-12-06 07:16:43 --> foreach() argument must be of type array|object, null given
in APPPATH\Controllers\AdminDashboard.php on line 121.
 1 APPPATH\Controllers\AdminDashboard.php(121): CodeIgniter\Debug\Exceptions->errorHandler(2, 'foreach() argument must be of type array|object, null given', 'C:\\xampp\\htdocs\\flynx_loans\\app\\Controllers\\AdminDashboard.php', 121)
 2 SYSTEMPATH\CodeIgniter.php(942): App\Controllers\AdminDashboard->getLoanAnalysis()
 3 SYSTEMPATH\CodeIgniter.php(502): CodeIgniter\CodeIgniter->runController(Object(App\Controllers\AdminDashboard))
 4 SYSTEMPATH\CodeIgniter.php(361): CodeIgniter\CodeIgniter->handleRequest(null, Object(Config\Cache), false)
 5 FCPATH\index.php(80): CodeIgniter\CodeIgniter->run()
CRITICAL - 2023-12-06 07:24:34 --> Undefined variable $user
in APPPATH\Controllers\User.php on line 90.
 1 APPPATH\Controllers\User.php(90): CodeIgniter\Debug\Exceptions->errorHandler(2, 'Undefined variable $user', 'C:\\xampp\\htdocs\\flynx_loans\\app\\Controllers\\User.php', 90)
 2 SYSTEMPATH\CodeIgniter.php(942): App\Controllers\User->addAdminAccount()
 3 SYSTEMPATH\CodeIgniter.php(502): CodeIgniter\CodeIgniter->runController(Object(App\Controllers\User))
 4 SYSTEMPATH\CodeIgniter.php(361): CodeIgniter\CodeIgniter->handleRequest(null, Object(Config\Cache), false)
 5 FCPATH\index.php(80): CodeIgniter\CodeIgniter->run()
CRITICAL - 2023-12-06 08:43:15 --> Undefined variable $id
in APPPATH\Models\User_model.php on line 239.
 1 APPPATH\Models\User_model.php(239): CodeIgniter\Debug\Exceptions->errorHandler(2, 'Undefined variable $id', 'C:\\xampp\\htdocs\\flynx_loans\\app\\Models\\User_model.php', 239)
 2 APPPATH\Controllers\User.php(90): App\Models\User_model->update_authorizarion_detail([...])
 3 SYSTEMPATH\CodeIgniter.php(942): App\Controllers\User->addAdminAccount()
 4 SYSTEMPATH\CodeIgniter.php(502): CodeIgniter\CodeIgniter->runController(Object(App\Controllers\User))
 5 SYSTEMPATH\CodeIgniter.php(361): CodeIgniter\CodeIgniter->handleRequest(null, Object(Config\Cache), false)
 6 FCPATH\index.php(80): CodeIgniter\CodeIgniter->run()
CRITICAL - 2023-12-06 08:46:36 --> Attempt to read property "user_type" on string
in APPPATH\Views\template.php on line 73.
 1 APPPATH\Views\template.php(73): CodeIgniter\Debug\Exceptions->errorHandler(2, 'Attempt to read property "user_type" on string', 'C:\\xampp\\htdocs\\flynx_loans\\app\\Views\\template.php', 73)
 2 SYSTEMPATH\View\View.php(228): include('C:\\xampp\\htdocs\\flynx_loans\\app\\Views\\template.php')
 3 SYSTEMPATH\View\View.php(231): CodeIgniter\View\View->CodeIgniter\View\{closure}()
 4 SYSTEMPATH\View\View.php(244): CodeIgniter\View\View->render('template', [], true)
 5 SYSTEMPATH\Common.php(1190): CodeIgniter\View\View->render('home', [], true)
 6 APPPATH\Controllers\Home.php(34): view('home', [...])
 7 SYSTEMPATH\CodeIgniter.php(942): App\Controllers\Home->index()
 8 SYSTEMPATH\CodeIgniter.php(502): CodeIgniter\CodeIgniter->runController(Object(App\Controllers\Home))
 9 SYSTEMPATH\CodeIgniter.php(361): CodeIgniter\CodeIgniter->handleRequest(null, Object(Config\Cache), false)
10 FCPATH\index.php(80): CodeIgniter\CodeIgniter->run()
